[0.007s] Invoking command in '/home/dcy/ENG/ENG2025/build/imgprocess': CMAKE_PREFIX_PATH=/opt/ros/humble /usr/local/bin/cmake --build /home/dcy/ENG/ENG2025/build/imgprocess -- -j16 -l16
[0.035s] [100%] Built target imgprocess
[0.038s] Invoked command in '/home/dcy/ENG/ENG2025/build/imgprocess' returned '0': CMAKE_PREFIX_PATH=/opt/ros/humble /usr/local/bin/cmake --build /home/dcy/ENG/ENG2025/build/imgprocess -- -j16 -l16
[0.066s] Invoking command in '/home/dcy/ENG/ENG2025/build/imgprocess': CMAKE_PREFIX_PATH=/opt/ros/humble /usr/local/bin/cmake --install /home/dcy/ENG/ENG2025/build/imgprocess
[0.067s] -- Install configuration: ""
[0.067s] -- Up-to-date: /home/dcy/ENG/ENG2025/install/imgprocess/include
[0.067s] -- Up-to-date: /home/dcy/ENG/ENG2025/install/imgprocess/include/ImgProcessFuction
[0.067s] -- Up-to-date: /home/dcy/ENG/ENG2025/install/imgprocess/include/ImgProcessFuction/utils.h
[0.067s] -- Up-to-date: /home/dcy/ENG/ENG2025/install/imgprocess/include/ImgProcessFuction/graphic.h
[0.067s] -- Up-to-date: /home/dcy/ENG/ENG2025/install/imgprocess/include/ImgProcessFuction/config.h
[0.067s] -- Up-to-date: /home/dcy/ENG/ENG2025/install/imgprocess/include/ImgProcess.h
[0.067s] -- Up-to-date: /home/dcy/ENG/ENG2025/install/imgprocess/lib/imgprocess/imgprocess
[0.067s] -- Up-to-date: /home/dcy/ENG/ENG2025/install/imgprocess/share/ament_index/resource_index/package_run_dependencies/imgprocess
[0.067s] -- Up-to-date: /home/dcy/ENG/ENG2025/install/imgprocess/share/ament_index/resource_index/parent_prefix_path/imgprocess
[0.067s] -- Up-to-date: /home/dcy/ENG/ENG2025/install/imgprocess/share/imgprocess/environment/ament_prefix_path.sh
[0.068s] -- Up-to-date: /home/dcy/ENG/ENG2025/install/imgprocess/share/imgprocess/environment/ament_prefix_path.dsv
[0.068s] -- Up-to-date: /home/dcy/ENG/ENG2025/install/imgprocess/share/imgprocess/environment/path.sh
[0.068s] -- Up-to-date: /home/dcy/ENG/ENG2025/install/imgprocess/share/imgprocess/environment/path.dsv
[0.068s] -- Up-to-date: /home/dcy/ENG/ENG2025/install/imgprocess/share/imgprocess/local_setup.bash
[0.068s] -- Up-to-date: /home/dcy/ENG/ENG2025/install/imgprocess/share/imgprocess/local_setup.sh
[0.068s] -- Up-to-date: /home/dcy/ENG/ENG2025/install/imgprocess/share/imgprocess/local_setup.zsh
[0.068s] -- Up-to-date: /home/dcy/ENG/ENG2025/install/imgprocess/share/imgprocess/local_setup.dsv
[0.068s] -- Installing: /home/dcy/ENG/ENG2025/install/imgprocess/share/imgprocess/package.dsv
[0.068s] -- Up-to-date: /home/dcy/ENG/ENG2025/install/imgprocess/share/ament_index/resource_index/packages/imgprocess
[0.068s] -- Up-to-date: /home/dcy/ENG/ENG2025/install/imgprocess/share/imgprocess/cmake/ament_cmake_export_dependencies-extras.cmake
[0.068s] -- Up-to-date: /home/dcy/ENG/ENG2025/install/imgprocess/share/imgprocess/cmake/ament_cmake_export_include_directories-extras.cmake
[0.068s] -- Up-to-date: /home/dcy/ENG/ENG2025/install/imgprocess/share/imgprocess/cmake/imgprocessConfig.cmake
[0.068s] -- Up-to-date: /home/dcy/ENG/ENG2025/install/imgprocess/share/imgprocess/cmake/imgprocessConfig-version.cmake
[0.068s] -- Up-to-date: /home/dcy/ENG/ENG2025/install/imgprocess/share/imgprocess/package.xml
[0.069s] Invoked command in '/home/dcy/ENG/ENG2025/build/imgprocess' returned '0': CMAKE_PREFIX_PATH=/opt/ros/humble /usr/local/bin/cmake --install /home/dcy/ENG/ENG2025/build/imgprocess
