[0.008s] Invoking command in '/home/dcy/ENG/ENG2025/build/hik_camera': CMAKE_PREFIX_PATH=/opt/ros/humble /usr/local/bin/cmake --build /home/dcy/ENG/ENG2025/build/hik_camera -- -j16 -l16
[0.027s] [ 37%] Built target camera_node
[0.027s] [ 75%] Built target camera_component
[0.028s] [100%] Built target camera
[0.031s] Invoked command in '/home/dcy/ENG/ENG2025/build/hik_camera' returned '0': CMAKE_PREFIX_PATH=/opt/ros/humble /usr/local/bin/cmake --build /home/dcy/ENG/ENG2025/build/hik_camera -- -j16 -l16
[0.062s] Invoking command in '/home/dcy/ENG/ENG2025/build/hik_camera': CMAKE_PREFIX_PATH=/opt/ros/humble /usr/local/bin/cmake --install /home/dcy/ENG/ENG2025/build/hik_camera
[0.063s] -- Install configuration: ""
[0.063s] -- Up-to-date: /home/dcy/ENG/ENG2025/install/hik_camera/lib/hik_camera/camera
[0.063s] -- Up-to-date: /home/dcy/ENG/ENG2025/install/hik_camera/include
[0.063s] -- Up-to-date: /home/dcy/ENG/ENG2025/install/hik_camera/include/hik_camera
[0.063s] -- Up-to-date: /home/dcy/ENG/ENG2025/install/hik_camera/include/hik_camera/hik_camera.h
[0.063s] -- Up-to-date: /home/dcy/ENG/ENG2025/install/hik_camera/share/hik_camera/environment/library_path.sh
[0.063s] -- Up-to-date: /home/dcy/ENG/ENG2025/install/hik_camera/share/hik_camera/environment/library_path.dsv
[0.063s] -- Up-to-date: /home/dcy/ENG/ENG2025/install/hik_camera/lib/libcamera_component.so
[0.064s] -- Up-to-date: /home/dcy/ENG/ENG2025/install/hik_camera/lib/hik_camera/camera_node
[0.064s] -- Up-to-date: /home/dcy/ENG/ENG2025/install/hik_camera/share/ament_index/resource_index/package_run_dependencies/hik_camera
[0.064s] -- Up-to-date: /home/dcy/ENG/ENG2025/install/hik_camera/share/ament_index/resource_index/parent_prefix_path/hik_camera
[0.064s] -- Up-to-date: /home/dcy/ENG/ENG2025/install/hik_camera/share/hik_camera/environment/ament_prefix_path.sh
[0.064s] -- Up-to-date: /home/dcy/ENG/ENG2025/install/hik_camera/share/hik_camera/environment/ament_prefix_path.dsv
[0.064s] -- Up-to-date: /home/dcy/ENG/ENG2025/install/hik_camera/share/hik_camera/environment/path.sh
[0.064s] -- Up-to-date: /home/dcy/ENG/ENG2025/install/hik_camera/share/hik_camera/environment/path.dsv
[0.064s] -- Up-to-date: /home/dcy/ENG/ENG2025/install/hik_camera/share/hik_camera/local_setup.bash
[0.064s] -- Up-to-date: /home/dcy/ENG/ENG2025/install/hik_camera/share/hik_camera/local_setup.sh
[0.064s] -- Up-to-date: /home/dcy/ENG/ENG2025/install/hik_camera/share/hik_camera/local_setup.zsh
[0.064s] -- Up-to-date: /home/dcy/ENG/ENG2025/install/hik_camera/share/hik_camera/local_setup.dsv
[0.064s] -- Installing: /home/dcy/ENG/ENG2025/install/hik_camera/share/hik_camera/package.dsv
[0.064s] -- Up-to-date: /home/dcy/ENG/ENG2025/install/hik_camera/share/ament_index/resource_index/packages/hik_camera
[0.064s] -- Up-to-date: /home/dcy/ENG/ENG2025/install/hik_camera/share/ament_index/resource_index/rclcpp_components/hik_camera
[0.064s] -- Up-to-date: /home/dcy/ENG/ENG2025/install/hik_camera/share/hik_camera/cmake/ament_cmake_export_dependencies-extras.cmake
[0.064s] -- Up-to-date: /home/dcy/ENG/ENG2025/install/hik_camera/share/hik_camera/cmake/ament_cmake_export_include_directories-extras.cmake
[0.064s] -- Up-to-date: /home/dcy/ENG/ENG2025/install/hik_camera/share/hik_camera/cmake/ament_cmake_export_libraries-extras.cmake
[0.064s] -- Up-to-date: /home/dcy/ENG/ENG2025/install/hik_camera/share/hik_camera/cmake/hik_cameraConfig.cmake
[0.064s] -- Up-to-date: /home/dcy/ENG/ENG2025/install/hik_camera/share/hik_camera/cmake/hik_cameraConfig-version.cmake
[0.064s] -- Up-to-date: /home/dcy/ENG/ENG2025/install/hik_camera/share/hik_camera/package.xml
[0.065s] Invoked command in '/home/dcy/ENG/ENG2025/build/hik_camera' returned '0': CMAKE_PREFIX_PATH=/opt/ros/humble /usr/local/bin/cmake --install /home/dcy/ENG/ENG2025/build/hik_camera
