[0.007s] Invoking command in '/home/dcy/temp/ros2_ws/build/realsense2_description': AMENT_PREFIX_PATH=/home/dcy/temp/ros2_ws/install/realsense2_camera_msgs:${AMENT_PREFIX_PATH} CMAKE_PREFIX_PATH=/home/dcy/temp/ros2_ws/install/realsense2_camera_msgs:/opt/ros/humble LD_LIBRARY_PATH=/home/dcy/temp/ros2_ws/install/realsense2_camera_msgs/lib:${LD_LIBRARY_PATH} PYTHONPATH=/home/dcy/temp/ros2_ws/install/realsense2_camera_msgs/local/lib/python3.10/dist-packages:${PYTHONPATH} /usr/local/bin/cmake /home/dcy/temp/ros2_ws/src/realsense-ros/realsense2_description -DCMAKE_INSTALL_PREFIX=/home/dcy/temp/ros2_ws/install/realsense2_description
[0.039s] -- The C compiler identification is GNU 11.4.0
[0.076s] -- The CXX compiler identification is GNU 11.4.0
[0.084s] -- Detecting C compiler ABI info
[0.122s] -- Detecting C compiler ABI info - done
[0.128s] -- Check for working C compiler: /usr/bin/cc - skipped
[0.128s] -- Detecting C compile features
[0.128s] -- Detecting C compile features - done
[0.130s] -- Detecting CXX compiler ABI info
[0.176s] -- Detecting CXX compiler ABI info - done
[0.182s] -- Check for working CXX compiler: /usr/bin/c++ - skipped
[0.182s] -- Detecting CXX compile features
[0.182s] -- Detecting CXX compile features - done
[0.184s] -- Found ament_cmake: 1.3.11 (/opt/ros/humble/share/ament_cmake/cmake)
[0.381s] -- Found Python3: /usr/bin/python3 (found version "3.10.12") found components: Interpreter 
[0.468s] -- Configuring done (0.5s)
[0.469s] -- Generating done (0.0s)
[0.470s] -- Build files have been written to: /home/dcy/temp/ros2_ws/build/realsense2_description
[0.474s] Invoked command in '/home/dcy/temp/ros2_ws/build/realsense2_description' returned '0': AMENT_PREFIX_PATH=/home/dcy/temp/ros2_ws/install/realsense2_camera_msgs:${AMENT_PREFIX_PATH} CMAKE_PREFIX_PATH=/home/dcy/temp/ros2_ws/install/realsense2_camera_msgs:/opt/ros/humble LD_LIBRARY_PATH=/home/dcy/temp/ros2_ws/install/realsense2_camera_msgs/lib:${LD_LIBRARY_PATH} PYTHONPATH=/home/dcy/temp/ros2_ws/install/realsense2_camera_msgs/local/lib/python3.10/dist-packages:${PYTHONPATH} /usr/local/bin/cmake /home/dcy/temp/ros2_ws/src/realsense-ros/realsense2_description -DCMAKE_INSTALL_PREFIX=/home/dcy/temp/ros2_ws/install/realsense2_description
[0.474s] Invoking command in '/home/dcy/temp/ros2_ws/build/realsense2_description': AMENT_PREFIX_PATH=/home/dcy/temp/ros2_ws/install/realsense2_camera_msgs:${AMENT_PREFIX_PATH} CMAKE_PREFIX_PATH=/home/dcy/temp/ros2_ws/install/realsense2_camera_msgs:/opt/ros/humble LD_LIBRARY_PATH=/home/dcy/temp/ros2_ws/install/realsense2_camera_msgs/lib:${LD_LIBRARY_PATH} PYTHONPATH=/home/dcy/temp/ros2_ws/install/realsense2_camera_msgs/local/lib/python3.10/dist-packages:${PYTHONPATH} /usr/local/bin/cmake --build /home/dcy/temp/ros2_ws/build/realsense2_description -- -j16 -l16
[0.486s] Invoked command in '/home/dcy/temp/ros2_ws/build/realsense2_description' returned '0': AMENT_PREFIX_PATH=/home/dcy/temp/ros2_ws/install/realsense2_camera_msgs:${AMENT_PREFIX_PATH} CMAKE_PREFIX_PATH=/home/dcy/temp/ros2_ws/install/realsense2_camera_msgs:/opt/ros/humble LD_LIBRARY_PATH=/home/dcy/temp/ros2_ws/install/realsense2_camera_msgs/lib:${LD_LIBRARY_PATH} PYTHONPATH=/home/dcy/temp/ros2_ws/install/realsense2_camera_msgs/local/lib/python3.10/dist-packages:${PYTHONPATH} /usr/local/bin/cmake --build /home/dcy/temp/ros2_ws/build/realsense2_description -- -j16 -l16
[0.487s] Invoking command in '/home/dcy/temp/ros2_ws/build/realsense2_description': AMENT_PREFIX_PATH=/home/dcy/temp/ros2_ws/install/realsense2_camera_msgs:${AMENT_PREFIX_PATH} CMAKE_PREFIX_PATH=/home/dcy/temp/ros2_ws/install/realsense2_camera_msgs:/opt/ros/humble LD_LIBRARY_PATH=/home/dcy/temp/ros2_ws/install/realsense2_camera_msgs/lib:${LD_LIBRARY_PATH} PYTHONPATH=/home/dcy/temp/ros2_ws/install/realsense2_camera_msgs/local/lib/python3.10/dist-packages:${PYTHONPATH} /usr/local/bin/cmake --install /home/dcy/temp/ros2_ws/build/realsense2_description
[0.489s] -- Install configuration: ""
[0.489s] -- Installing: /home/dcy/temp/ros2_ws/install/realsense2_description/share/realsense2_description/launch
[0.489s] -- Installing: /home/dcy/temp/ros2_ws/install/realsense2_description/share/realsense2_description/launch/launch_utils.py
[0.489s] -- Installing: /home/dcy/temp/ros2_ws/install/realsense2_description/share/realsense2_description/launch/view_model.launch.py
[0.489s] -- Installing: /home/dcy/temp/ros2_ws/install/realsense2_description/share/realsense2_description/meshes
[0.489s] -- Installing: /home/dcy/temp/ros2_ws/install/realsense2_description/share/realsense2_description/meshes/plug.stl
[0.490s] -- Installing: /home/dcy/temp/ros2_ws/install/realsense2_description/share/realsense2_description/meshes/d455.stl
[0.491s] -- Installing: /home/dcy/temp/ros2_ws/install/realsense2_description/share/realsense2_description/meshes/l515.dae
[0.515s] -- Installing: /home/dcy/temp/ros2_ws/install/realsense2_description/share/realsense2_description/meshes/d435.dae
[0.526s] -- Installing: /home/dcy/temp/ros2_ws/install/realsense2_description/share/realsense2_description/meshes/plug_collision.stl
[0.527s] -- Installing: /home/dcy/temp/ros2_ws/install/realsense2_description/share/realsense2_description/meshes/d415.stl
[0.542s] -- Installing: /home/dcy/temp/ros2_ws/install/realsense2_description/share/realsense2_description/meshes/d405.stl
[0.542s] -- Installing: /home/dcy/temp/ros2_ws/install/realsense2_description/share/realsense2_description/rviz
[0.542s] -- Installing: /home/dcy/temp/ros2_ws/install/realsense2_description/share/realsense2_description/rviz/urdf.rviz
[0.542s] -- Installing: /home/dcy/temp/ros2_ws/install/realsense2_description/share/realsense2_description/urdf
[0.542s] -- Installing: /home/dcy/temp/ros2_ws/install/realsense2_description/share/realsense2_description/urdf/_r430.urdf.xacro
[0.542s] -- Installing: /home/dcy/temp/ros2_ws/install/realsense2_description/share/realsense2_description/urdf/test_r410_camera.urdf.xacro
[0.542s] -- Installing: /home/dcy/temp/ros2_ws/install/realsense2_description/share/realsense2_description/urdf/test_d415_camera.urdf.xacro
[0.542s] -- Installing: /home/dcy/temp/ros2_ws/install/realsense2_description/share/realsense2_description/urdf/test_d435_camera.urdf.xacro
[0.542s] -- Installing: /home/dcy/temp/ros2_ws/install/realsense2_description/share/realsense2_description/urdf/test_d455_camera.urdf.xacro
[0.542s] -- Installing: /home/dcy/temp/ros2_ws/install/realsense2_description/share/realsense2_description/urdf/_materials.urdf.xacro
[0.542s] -- Installing: /home/dcy/temp/ros2_ws/install/realsense2_description/share/realsense2_description/urdf/_d415.urdf.xacro
[0.542s] -- Installing: /home/dcy/temp/ros2_ws/install/realsense2_description/share/realsense2_description/urdf/test_d435i_camera.urdf.xacro
[0.542s] -- Installing: /home/dcy/temp/ros2_ws/install/realsense2_description/share/realsense2_description/urdf/_d435.urdf.xacro
[0.542s] -- Installing: /home/dcy/temp/ros2_ws/install/realsense2_description/share/realsense2_description/urdf/test_d435_multiple_cameras.urdf.xacro
[0.543s] -- Installing: /home/dcy/temp/ros2_ws/install/realsense2_description/share/realsense2_description/urdf/_d455.urdf.xacro
[0.543s] -- Installing: /home/dcy/temp/ros2_ws/install/realsense2_description/share/realsense2_description/urdf/_usb_plug.urdf.xacro
[0.543s] -- Installing: /home/dcy/temp/ros2_ws/install/realsense2_description/share/realsense2_description/urdf/_d405.urdf.xacro
[0.543s] -- Installing: /home/dcy/temp/ros2_ws/install/realsense2_description/share/realsense2_description/urdf/_d435i_imu_modules.urdf.xacro
[0.543s] -- Installing: /home/dcy/temp/ros2_ws/install/realsense2_description/share/realsense2_description/urdf/_r410.urdf.xacro
[0.543s] -- Installing: /home/dcy/temp/ros2_ws/install/realsense2_description/share/realsense2_description/urdf/_d435i.urdf.xacro
[0.543s] -- Installing: /home/dcy/temp/ros2_ws/install/realsense2_description/share/realsense2_description/urdf/test_d405_camera.urdf.xacro
[0.543s] -- Installing: /home/dcy/temp/ros2_ws/install/realsense2_description/share/realsense2_description/urdf/test_r430_camera.urdf.xacro
[0.543s] -- Installing: /home/dcy/temp/ros2_ws/install/realsense2_description/share/ament_index/resource_index/package_run_dependencies/realsense2_description
[0.543s] -- Installing: /home/dcy/temp/ros2_ws/install/realsense2_description/share/ament_index/resource_index/parent_prefix_path/realsense2_description
[0.543s] -- Installing: /home/dcy/temp/ros2_ws/install/realsense2_description/share/realsense2_description/environment/ament_prefix_path.sh
[0.543s] -- Installing: /home/dcy/temp/ros2_ws/install/realsense2_description/share/realsense2_description/environment/ament_prefix_path.dsv
[0.543s] -- Installing: /home/dcy/temp/ros2_ws/install/realsense2_description/share/realsense2_description/environment/path.sh
[0.543s] -- Installing: /home/dcy/temp/ros2_ws/install/realsense2_description/share/realsense2_description/environment/path.dsv
[0.543s] -- Installing: /home/dcy/temp/ros2_ws/install/realsense2_description/share/realsense2_description/local_setup.bash
[0.544s] -- Installing: /home/dcy/temp/ros2_ws/install/realsense2_description/share/realsense2_description/local_setup.sh
[0.544s] -- Installing: /home/dcy/temp/ros2_ws/install/realsense2_description/share/realsense2_description/local_setup.zsh
[0.544s] -- Installing: /home/dcy/temp/ros2_ws/install/realsense2_description/share/realsense2_description/local_setup.dsv
[0.544s] -- Installing: /home/dcy/temp/ros2_ws/install/realsense2_description/share/realsense2_description/package.dsv
[0.544s] -- Installing: /home/dcy/temp/ros2_ws/install/realsense2_description/share/ament_index/resource_index/packages/realsense2_description
[0.544s] -- Installing: /home/dcy/temp/ros2_ws/install/realsense2_description/share/realsense2_description/cmake/realsense2_descriptionConfig.cmake
[0.544s] -- Installing: /home/dcy/temp/ros2_ws/install/realsense2_description/share/realsense2_description/cmake/realsense2_descriptionConfig-version.cmake
[0.544s] -- Installing: /home/dcy/temp/ros2_ws/install/realsense2_description/share/realsense2_description/package.xml
[0.546s] Invoked command in '/home/dcy/temp/ros2_ws/build/realsense2_description' returned '0': AMENT_PREFIX_PATH=/home/dcy/temp/ros2_ws/install/realsense2_camera_msgs:${AMENT_PREFIX_PATH} CMAKE_PREFIX_PATH=/home/dcy/temp/ros2_ws/install/realsense2_camera_msgs:/opt/ros/humble LD_LIBRARY_PATH=/home/dcy/temp/ros2_ws/install/realsense2_camera_msgs/lib:${LD_LIBRARY_PATH} PYTHONPATH=/home/dcy/temp/ros2_ws/install/realsense2_camera_msgs/local/lib/python3.10/dist-packages:${PYTHONPATH} /usr/local/bin/cmake --install /home/dcy/temp/ros2_ws/build/realsense2_description
