[0.053s] DEBUG:colcon:Command line arguments: ['/usr/bin/colcon', 'build']
[0.053s] DEBUG:colcon:Parsed command line arguments: Namespace(log_base=None, log_level=None, verb_name='build', build_base='build', install_base='install', merge_install=False, symlink_install=False, test_result_base=None, continue_on_error=False, executor='parallel', parallel_workers=16, event_handlers=None, ignore_user_meta=False, metas=['./colcon.meta'], base_paths=['.'], packages_ignore=None, packages_ignore_regex=None, paths=None, packages_up_to=None, packages_up_to_regex=None, packages_above=None, packages_above_and_dependencies=None, packages_above_depth=None, packages_select_by_dep=None, packages_skip_by_dep=None, packages_skip_up_to=None, packages_select_build_failed=False, packages_skip_build_finished=False, packages_select_test_failures=False, packages_skip_test_passed=False, packages_select=None, packages_skip=None, packages_select_regex=None, packages_skip_regex=None, packages_start=None, packages_end=None, allow_overriding=[], cmake_args=None, cmake_target=None, cmake_target_skip_unavailable=False, cmake_clean_cache=False, cmake_clean_first=False, cmake_force_configure=False, ament_cmake_args=None, catkin_cmake_args=None, catkin_skip_building_tests=False, verb_parser=<colcon_defaults.argument_parser.defaults.DefaultArgumentsDecorator object at 0x7739938309d0>, verb_extension=<colcon_core.verb.build.BuildVerb object at 0x773993945630>, main=<bound method BuildVerb.main of <colcon_core.verb.build.BuildVerb object at 0x773993945630>>)
[0.073s] Level 1:colcon.colcon_core.package_discovery:discover_packages(colcon_meta) check parameters
[0.073s] Level 1:colcon.colcon_core.package_discovery:discover_packages(recursive) check parameters
[0.073s] Level 1:colcon.colcon_core.package_discovery:discover_packages(ignore) check parameters
[0.073s] Level 1:colcon.colcon_core.package_discovery:discover_packages(path) check parameters
[0.073s] Level 1:colcon.colcon_core.package_discovery:discover_packages(colcon_meta) discover
[0.073s] Level 1:colcon.colcon_core.package_discovery:discover_packages(recursive) discover
[0.073s] INFO:colcon.colcon_core.package_discovery:Crawling recursively for packages in '/home/dcy/ENG/ENG2025'
[0.073s] Level 1:colcon.colcon_core.package_identification:_identify(.) by extensions ['ignore', 'ignore_ament_install']
[0.073s] Level 1:colcon.colcon_core.package_identification:_identify(.) by extension 'ignore'
[0.073s] Level 1:colcon.colcon_core.package_identification:_identify(.) by extension 'ignore_ament_install'
[0.073s] Level 1:colcon.colcon_core.package_identification:_identify(.) by extensions ['colcon_pkg']
[0.073s] Level 1:colcon.colcon_core.package_identification:_identify(.) by extension 'colcon_pkg'
[0.073s] Level 1:colcon.colcon_core.package_identification:_identify(.) by extensions ['colcon_meta']
[0.073s] Level 1:colcon.colcon_core.package_identification:_identify(.) by extension 'colcon_meta'
[0.073s] Level 1:colcon.colcon_core.package_identification:_identify(.) by extensions ['ros']
[0.073s] Level 1:colcon.colcon_core.package_identification:_identify(.) by extension 'ros'
[0.081s] Level 1:colcon.colcon_core.package_identification:_identify(.) by extensions ['cmake', 'python']
[0.081s] Level 1:colcon.colcon_core.package_identification:_identify(.) by extension 'cmake'
[0.081s] Level 1:colcon.colcon_core.package_identification:_identify(.) by extension 'python'
[0.081s] Level 1:colcon.colcon_core.package_identification:_identify(.) by extensions ['python_setup_py']
[0.081s] Level 1:colcon.colcon_core.package_identification:_identify(.) by extension 'python_setup_py'
[0.082s] Level 1:colcon.colcon_core.package_identification:_identify(build) by extensions ['ignore', 'ignore_ament_install']
[0.082s] Level 1:colcon.colcon_core.package_identification:_identify(build) by extension 'ignore'
[0.082s] Level 1:colcon.colcon_core.package_identification:_identify(build) ignored
[0.082s] Level 1:colcon.colcon_core.package_identification:_identify(install) by extensions ['ignore', 'ignore_ament_install']
[0.082s] Level 1:colcon.colcon_core.package_identification:_identify(install) by extension 'ignore'
[0.082s] Level 1:colcon.colcon_core.package_identification:_identify(install) ignored
[0.082s] Level 1:colcon.colcon_core.package_identification:_identify(log) by extensions ['ignore', 'ignore_ament_install']
[0.082s] Level 1:colcon.colcon_core.package_identification:_identify(log) by extension 'ignore'
[0.082s] Level 1:colcon.colcon_core.package_identification:_identify(log) ignored
[0.082s] Level 1:colcon.colcon_core.package_identification:_identify(src) by extensions ['ignore', 'ignore_ament_install']
[0.082s] Level 1:colcon.colcon_core.package_identification:_identify(src) by extension 'ignore'
[0.082s] Level 1:colcon.colcon_core.package_identification:_identify(src) by extension 'ignore_ament_install'
[0.082s] Level 1:colcon.colcon_core.package_identification:_identify(src) by extensions ['colcon_pkg']
[0.082s] Level 1:colcon.colcon_core.package_identification:_identify(src) by extension 'colcon_pkg'
[0.082s] Level 1:colcon.colcon_core.package_identification:_identify(src) by extensions ['colcon_meta']
[0.082s] Level 1:colcon.colcon_core.package_identification:_identify(src) by extension 'colcon_meta'
[0.082s] Level 1:colcon.colcon_core.package_identification:_identify(src) by extensions ['ros']
[0.082s] Level 1:colcon.colcon_core.package_identification:_identify(src) by extension 'ros'
[0.082s] Level 1:colcon.colcon_core.package_identification:_identify(src) by extensions ['cmake', 'python']
[0.082s] Level 1:colcon.colcon_core.package_identification:_identify(src) by extension 'cmake'
[0.082s] Level 1:colcon.colcon_core.package_identification:_identify(src) by extension 'python'
[0.082s] Level 1:colcon.colcon_core.package_identification:_identify(src) by extensions ['python_setup_py']
[0.082s] Level 1:colcon.colcon_core.package_identification:_identify(src) by extension 'python_setup_py'
[0.082s] Level 1:colcon.colcon_core.package_identification:_identify(src/ImgProcess) by extensions ['ignore', 'ignore_ament_install']
[0.082s] Level 1:colcon.colcon_core.package_identification:_identify(src/ImgProcess) by extension 'ignore'
[0.082s] Level 1:colcon.colcon_core.package_identification:_identify(src/ImgProcess) by extension 'ignore_ament_install'
[0.082s] Level 1:colcon.colcon_core.package_identification:_identify(src/ImgProcess) by extensions ['colcon_pkg']
[0.082s] Level 1:colcon.colcon_core.package_identification:_identify(src/ImgProcess) by extension 'colcon_pkg'
[0.082s] Level 1:colcon.colcon_core.package_identification:_identify(src/ImgProcess) by extensions ['colcon_meta']
[0.082s] Level 1:colcon.colcon_core.package_identification:_identify(src/ImgProcess) by extension 'colcon_meta'
[0.082s] Level 1:colcon.colcon_core.package_identification:_identify(src/ImgProcess) by extensions ['ros']
[0.082s] Level 1:colcon.colcon_core.package_identification:_identify(src/ImgProcess) by extension 'ros'
[0.084s] DEBUG:colcon.colcon_core.package_identification:Package 'src/ImgProcess' with type 'ros.ament_cmake' and name 'ImgProcess'
[0.084s] Level 1:colcon.colcon_core.package_identification:_identify(src/hik_camera) by extensions ['ignore', 'ignore_ament_install']
[0.084s] Level 1:colcon.colcon_core.package_identification:_identify(src/hik_camera) by extension 'ignore'
[0.084s] Level 1:colcon.colcon_core.package_identification:_identify(src/hik_camera) by extension 'ignore_ament_install'
[0.084s] Level 1:colcon.colcon_core.package_identification:_identify(src/hik_camera) by extensions ['colcon_pkg']
[0.084s] Level 1:colcon.colcon_core.package_identification:_identify(src/hik_camera) by extension 'colcon_pkg'
[0.084s] Level 1:colcon.colcon_core.package_identification:_identify(src/hik_camera) by extensions ['colcon_meta']
[0.084s] Level 1:colcon.colcon_core.package_identification:_identify(src/hik_camera) by extension 'colcon_meta'
[0.084s] Level 1:colcon.colcon_core.package_identification:_identify(src/hik_camera) by extensions ['ros']
[0.084s] Level 1:colcon.colcon_core.package_identification:_identify(src/hik_camera) by extension 'ros'
[0.084s] DEBUG:colcon.colcon_core.package_identification:Package 'src/hik_camera' with type 'ros.ament_cmake' and name 'hik_camera'
[0.084s] Level 1:colcon.colcon_core.package_discovery:discover_packages(recursive) using defaults
[0.084s] Level 1:colcon.colcon_core.package_discovery:discover_packages(ignore) discover
[0.084s] Level 1:colcon.colcon_core.package_discovery:discover_packages(ignore) using defaults
[0.084s] Level 1:colcon.colcon_core.package_discovery:discover_packages(path) discover
[0.084s] Level 1:colcon.colcon_core.package_discovery:discover_packages(path) using defaults
[0.095s] Level 1:colcon.colcon_core.package_discovery:discover_packages(prefix_path) check parameters
[0.095s] Level 1:colcon.colcon_core.package_discovery:discover_packages(prefix_path) discover
[0.097s] DEBUG:colcon.colcon_installed_package_information.package_discovery:Found 326 installed packages in /opt/ros/humble
[0.097s] Level 1:colcon.colcon_core.package_discovery:discover_packages(prefix_path) using defaults
[0.118s] Level 5:colcon.colcon_core.verb:set package 'ImgProcess' build argument 'cmake_args' from command line to 'None'
[0.118s] Level 5:colcon.colcon_core.verb:set package 'ImgProcess' build argument 'cmake_target' from command line to 'None'
[0.118s] Level 5:colcon.colcon_core.verb:set package 'ImgProcess' build argument 'cmake_target_skip_unavailable' from command line to 'False'
[0.118s] Level 5:colcon.colcon_core.verb:set package 'ImgProcess' build argument 'cmake_clean_cache' from command line to 'False'
[0.118s] Level 5:colcon.colcon_core.verb:set package 'ImgProcess' build argument 'cmake_clean_first' from command line to 'False'
[0.118s] Level 5:colcon.colcon_core.verb:set package 'ImgProcess' build argument 'cmake_force_configure' from command line to 'False'
[0.118s] Level 5:colcon.colcon_core.verb:set package 'ImgProcess' build argument 'ament_cmake_args' from command line to 'None'
[0.118s] Level 5:colcon.colcon_core.verb:set package 'ImgProcess' build argument 'catkin_cmake_args' from command line to 'None'
[0.118s] Level 5:colcon.colcon_core.verb:set package 'ImgProcess' build argument 'catkin_skip_building_tests' from command line to 'False'
[0.118s] DEBUG:colcon.colcon_core.verb:Building package 'ImgProcess' with the following arguments: {'ament_cmake_args': None, 'build_base': '/home/dcy/ENG/ENG2025/build/ImgProcess', 'catkin_cmake_args': None, 'catkin_skip_building_tests': False, 'cmake_args': None, 'cmake_clean_cache': False, 'cmake_clean_first': False, 'cmake_force_configure': False, 'cmake_target': None, 'cmake_target_skip_unavailable': False, 'install_base': '/home/dcy/ENG/ENG2025/install/ImgProcess', 'merge_install': False, 'path': '/home/dcy/ENG/ENG2025/src/ImgProcess', 'symlink_install': False, 'test_result_base': None}
[0.119s] Level 5:colcon.colcon_core.verb:set package 'hik_camera' build argument 'cmake_args' from command line to 'None'
[0.119s] Level 5:colcon.colcon_core.verb:set package 'hik_camera' build argument 'cmake_target' from command line to 'None'
[0.119s] Level 5:colcon.colcon_core.verb:set package 'hik_camera' build argument 'cmake_target_skip_unavailable' from command line to 'False'
[0.119s] Level 5:colcon.colcon_core.verb:set package 'hik_camera' build argument 'cmake_clean_cache' from command line to 'False'
[0.119s] Level 5:colcon.colcon_core.verb:set package 'hik_camera' build argument 'cmake_clean_first' from command line to 'False'
[0.119s] Level 5:colcon.colcon_core.verb:set package 'hik_camera' build argument 'cmake_force_configure' from command line to 'False'
[0.119s] Level 5:colcon.colcon_core.verb:set package 'hik_camera' build argument 'ament_cmake_args' from command line to 'None'
[0.119s] Level 5:colcon.colcon_core.verb:set package 'hik_camera' build argument 'catkin_cmake_args' from command line to 'None'
[0.119s] Level 5:colcon.colcon_core.verb:set package 'hik_camera' build argument 'catkin_skip_building_tests' from command line to 'False'
[0.119s] DEBUG:colcon.colcon_core.verb:Building package 'hik_camera' with the following arguments: {'ament_cmake_args': None, 'build_base': '/home/dcy/ENG/ENG2025/build/hik_camera', 'catkin_cmake_args': None, 'catkin_skip_building_tests': False, 'cmake_args': None, 'cmake_clean_cache': False, 'cmake_clean_first': False, 'cmake_force_configure': False, 'cmake_target': None, 'cmake_target_skip_unavailable': False, 'install_base': '/home/dcy/ENG/ENG2025/install/hik_camera', 'merge_install': False, 'path': '/home/dcy/ENG/ENG2025/src/hik_camera', 'symlink_install': False, 'test_result_base': None}
[0.119s] INFO:colcon.colcon_core.executor:Executing jobs using 'parallel' executor
[0.119s] DEBUG:colcon.colcon_parallel_executor.executor.parallel:run_until_complete
[0.119s] INFO:colcon.colcon_ros.task.ament_cmake.build:Building ROS package in '/home/dcy/ENG/ENG2025/src/ImgProcess' with build type 'ament_cmake'
[0.120s] INFO:colcon.colcon_cmake.task.cmake.build:Building CMake package in '/home/dcy/ENG/ENG2025/src/ImgProcess'
[0.121s] INFO:colcon.colcon_core.plugin_system:Skipping extension 'colcon_core.shell.bat': Not used on non-Windows systems
[0.121s] INFO:colcon.colcon_core.shell:Skip shell extension 'powershell' for command environment: Not usable outside of PowerShell
[0.121s] DEBUG:colcon.colcon_core.shell:Skip shell extension 'dsv' for command environment
[0.123s] INFO:colcon.colcon_ros.task.ament_cmake.build:Building ROS package in '/home/dcy/ENG/ENG2025/src/hik_camera' with build type 'ament_cmake'
[0.123s] INFO:colcon.colcon_cmake.task.cmake.build:Building CMake package in '/home/dcy/ENG/ENG2025/src/hik_camera'
[0.123s] INFO:colcon.colcon_core.shell:Skip shell extension 'powershell' for command environment: Not usable outside of PowerShell
[0.123s] DEBUG:colcon.colcon_core.shell:Skip shell extension 'dsv' for command environment
[0.128s] DEBUG:colcon.colcon_core.event_handler.log_command:Invoking command in '/home/dcy/ENG/ENG2025/build/ImgProcess': CMAKE_PREFIX_PATH=/opt/ros/humble /usr/local/bin/cmake --build /home/dcy/ENG/ENG2025/build/ImgProcess -- -j16 -l16
[0.130s] DEBUG:colcon.colcon_core.event_handler.log_command:Invoking command in '/home/dcy/ENG/ENG2025/build/hik_camera': CMAKE_PREFIX_PATH=/opt/ros/humble /usr/local/bin/cmake --build /home/dcy/ENG/ENG2025/build/hik_camera -- -j16 -l16
[0.155s] DEBUG:colcon.colcon_core.event_handler.log_command:Invoked command in '/home/dcy/ENG/ENG2025/build/hik_camera' returned '0': CMAKE_PREFIX_PATH=/opt/ros/humble /usr/local/bin/cmake --build /home/dcy/ENG/ENG2025/build/hik_camera -- -j16 -l16
[0.187s] DEBUG:colcon.colcon_core.event_handler.log_command:Invoking command in '/home/dcy/ENG/ENG2025/build/hik_camera': CMAKE_PREFIX_PATH=/opt/ros/humble /usr/local/bin/cmake --install /home/dcy/ENG/ENG2025/build/hik_camera
[0.191s] Level 1:colcon.colcon_core.environment:create_environment_scripts_only(hik_camera)
[0.191s] DEBUG:colcon.colcon_core.event_handler.log_command:Invoked command in '/home/dcy/ENG/ENG2025/build/hik_camera' returned '0': CMAKE_PREFIX_PATH=/opt/ros/humble /usr/local/bin/cmake --install /home/dcy/ENG/ENG2025/build/hik_camera
[0.192s] Level 1:colcon.colcon_core.environment:checking '/home/dcy/ENG/ENG2025/install/hik_camera' for CMake module files
[0.192s] Level 1:colcon.colcon_core.environment:checking '/home/dcy/ENG/ENG2025/install/hik_camera' for CMake config files
[0.193s] Level 1:colcon.colcon_core.shell:create_environment_hook('hik_camera', 'cmake_prefix_path')
[0.193s] INFO:colcon.colcon_core.shell:Creating environment hook '/home/dcy/ENG/ENG2025/install/hik_camera/share/hik_camera/hook/cmake_prefix_path.ps1'
[0.193s] INFO:colcon.colcon_core.shell:Creating environment descriptor '/home/dcy/ENG/ENG2025/install/hik_camera/share/hik_camera/hook/cmake_prefix_path.dsv'
[0.193s] INFO:colcon.colcon_core.shell:Creating environment hook '/home/dcy/ENG/ENG2025/install/hik_camera/share/hik_camera/hook/cmake_prefix_path.sh'
[0.194s] Level 1:colcon.colcon_core.environment:checking '/home/dcy/ENG/ENG2025/install/hik_camera/lib'
[0.194s] Level 1:colcon.colcon_core.shell:create_environment_hook('hik_camera', 'ld_library_path_lib')
[0.194s] INFO:colcon.colcon_core.shell:Creating environment hook '/home/dcy/ENG/ENG2025/install/hik_camera/share/hik_camera/hook/ld_library_path_lib.ps1'
[0.194s] INFO:colcon.colcon_core.shell:Creating environment descriptor '/home/dcy/ENG/ENG2025/install/hik_camera/share/hik_camera/hook/ld_library_path_lib.dsv'
[0.194s] INFO:colcon.colcon_core.shell:Creating environment hook '/home/dcy/ENG/ENG2025/install/hik_camera/share/hik_camera/hook/ld_library_path_lib.sh'
[0.194s] Level 1:colcon.colcon_core.environment:checking '/home/dcy/ENG/ENG2025/install/hik_camera/bin'
[0.194s] Level 1:colcon.colcon_core.environment:checking '/home/dcy/ENG/ENG2025/install/hik_camera/lib/pkgconfig/hik_camera.pc'
[0.195s] Level 1:colcon.colcon_core.environment:checking '/home/dcy/ENG/ENG2025/install/hik_camera/lib/python3.10/site-packages'
[0.195s] Level 1:colcon.colcon_core.environment:checking '/home/dcy/ENG/ENG2025/install/hik_camera/bin'
[0.195s] INFO:colcon.colcon_core.shell:Creating package script '/home/dcy/ENG/ENG2025/install/hik_camera/share/hik_camera/package.ps1'
[0.195s] INFO:colcon.colcon_core.shell:Creating package descriptor '/home/dcy/ENG/ENG2025/install/hik_camera/share/hik_camera/package.dsv'
[0.196s] INFO:colcon.colcon_core.shell:Creating package script '/home/dcy/ENG/ENG2025/install/hik_camera/share/hik_camera/package.sh'
[0.196s] INFO:colcon.colcon_core.shell:Creating package script '/home/dcy/ENG/ENG2025/install/hik_camera/share/hik_camera/package.bash'
[0.196s] INFO:colcon.colcon_core.shell:Creating package script '/home/dcy/ENG/ENG2025/install/hik_camera/share/hik_camera/package.zsh'
[0.197s] Level 1:colcon.colcon_core.environment:create_file_with_runtime_dependencies(/home/dcy/ENG/ENG2025/install/hik_camera/share/colcon-core/packages/hik_camera)
[0.229s] Level 1:colcon.colcon_core.environment:create_environment_scripts_only(hik_camera)
[0.229s] Level 1:colcon.colcon_core.environment:checking '/home/dcy/ENG/ENG2025/install/hik_camera' for CMake module files
[0.229s] Level 1:colcon.colcon_core.environment:checking '/home/dcy/ENG/ENG2025/install/hik_camera' for CMake config files
[0.229s] Level 1:colcon.colcon_core.shell:create_environment_hook('hik_camera', 'cmake_prefix_path')
[0.229s] INFO:colcon.colcon_core.shell:Creating environment hook '/home/dcy/ENG/ENG2025/install/hik_camera/share/hik_camera/hook/cmake_prefix_path.ps1'
[0.230s] INFO:colcon.colcon_core.shell:Creating environment descriptor '/home/dcy/ENG/ENG2025/install/hik_camera/share/hik_camera/hook/cmake_prefix_path.dsv'
[0.230s] INFO:colcon.colcon_core.shell:Creating environment hook '/home/dcy/ENG/ENG2025/install/hik_camera/share/hik_camera/hook/cmake_prefix_path.sh'
[0.230s] Level 1:colcon.colcon_core.environment:checking '/home/dcy/ENG/ENG2025/install/hik_camera/lib'
[0.230s] Level 1:colcon.colcon_core.shell:create_environment_hook('hik_camera', 'ld_library_path_lib')
[0.230s] INFO:colcon.colcon_core.shell:Creating environment hook '/home/dcy/ENG/ENG2025/install/hik_camera/share/hik_camera/hook/ld_library_path_lib.ps1'
[0.230s] INFO:colcon.colcon_core.shell:Creating environment descriptor '/home/dcy/ENG/ENG2025/install/hik_camera/share/hik_camera/hook/ld_library_path_lib.dsv'
[0.231s] INFO:colcon.colcon_core.shell:Creating environment hook '/home/dcy/ENG/ENG2025/install/hik_camera/share/hik_camera/hook/ld_library_path_lib.sh'
[0.231s] Level 1:colcon.colcon_core.environment:checking '/home/dcy/ENG/ENG2025/install/hik_camera/bin'
[0.231s] Level 1:colcon.colcon_core.environment:checking '/home/dcy/ENG/ENG2025/install/hik_camera/lib/pkgconfig/hik_camera.pc'
[0.231s] Level 1:colcon.colcon_core.environment:checking '/home/dcy/ENG/ENG2025/install/hik_camera/lib/python3.10/site-packages'
[0.231s] Level 1:colcon.colcon_core.environment:checking '/home/dcy/ENG/ENG2025/install/hik_camera/bin'
[0.231s] INFO:colcon.colcon_core.shell:Creating package script '/home/dcy/ENG/ENG2025/install/hik_camera/share/hik_camera/package.ps1'
[0.231s] INFO:colcon.colcon_core.shell:Creating package descriptor '/home/dcy/ENG/ENG2025/install/hik_camera/share/hik_camera/package.dsv'
[0.232s] INFO:colcon.colcon_core.shell:Creating package script '/home/dcy/ENG/ENG2025/install/hik_camera/share/hik_camera/package.sh'
[0.232s] INFO:colcon.colcon_core.shell:Creating package script '/home/dcy/ENG/ENG2025/install/hik_camera/share/hik_camera/package.bash'
[0.232s] INFO:colcon.colcon_core.shell:Creating package script '/home/dcy/ENG/ENG2025/install/hik_camera/share/hik_camera/package.zsh'
[0.232s] Level 1:colcon.colcon_core.environment:create_file_with_runtime_dependencies(/home/dcy/ENG/ENG2025/install/hik_camera/share/colcon-core/packages/hik_camera)
[0.463s] DEBUG:colcon.colcon_core.event_handler.log_command:Invoked command in '/home/dcy/ENG/ENG2025/build/ImgProcess' returned '2': CMAKE_PREFIX_PATH=/opt/ros/humble /usr/local/bin/cmake --build /home/dcy/ENG/ENG2025/build/ImgProcess -- -j16 -l16
[0.493s] Level 1:colcon.colcon_core.environment:create_environment_scripts_only(ImgProcess)
[0.493s] Level 1:colcon.colcon_core.environment:checking '/home/dcy/ENG/ENG2025/install/ImgProcess' for CMake module files
[0.493s] Level 1:colcon.colcon_core.environment:checking '/home/dcy/ENG/ENG2025/install/ImgProcess' for CMake config files
[0.494s] Level 1:colcon.colcon_core.environment:checking '/home/dcy/ENG/ENG2025/install/ImgProcess/bin'
[0.494s] Level 1:colcon.colcon_core.environment:checking '/home/dcy/ENG/ENG2025/install/ImgProcess/lib/pkgconfig/ImgProcess.pc'
[0.494s] Level 1:colcon.colcon_core.environment:checking '/home/dcy/ENG/ENG2025/install/ImgProcess/lib/python3.10/site-packages'
[0.494s] Level 1:colcon.colcon_core.environment:checking '/home/dcy/ENG/ENG2025/install/ImgProcess/bin'
[0.494s] INFO:colcon.colcon_core.shell:Creating package script '/home/dcy/ENG/ENG2025/install/ImgProcess/share/ImgProcess/package.ps1'
[0.494s] INFO:colcon.colcon_core.shell:Creating package descriptor '/home/dcy/ENG/ENG2025/install/ImgProcess/share/ImgProcess/package.dsv'
[0.494s] INFO:colcon.colcon_core.shell:Creating package script '/home/dcy/ENG/ENG2025/install/ImgProcess/share/ImgProcess/package.sh'
[0.495s] INFO:colcon.colcon_core.shell:Creating package script '/home/dcy/ENG/ENG2025/install/ImgProcess/share/ImgProcess/package.bash'
[0.495s] INFO:colcon.colcon_core.shell:Creating package script '/home/dcy/ENG/ENG2025/install/ImgProcess/share/ImgProcess/package.zsh'
[0.495s] Level 1:colcon.colcon_core.environment:create_file_with_runtime_dependencies(/home/dcy/ENG/ENG2025/install/ImgProcess/share/colcon-core/packages/ImgProcess)
[0.505s] DEBUG:colcon.colcon_parallel_executor.executor.parallel:closing loop
[0.505s] DEBUG:colcon.colcon_parallel_executor.executor.parallel:loop closed
[0.505s] DEBUG:colcon.colcon_parallel_executor.executor.parallel:run_until_complete finished with '2'
[0.505s] DEBUG:colcon.colcon_core.event_reactor:joining thread
[0.509s] INFO:colcon.colcon_core.plugin_system:Skipping extension 'colcon_notification.desktop_notification.terminal_notifier': Not used on non-Darwin systems
[0.509s] INFO:colcon.colcon_core.plugin_system:Skipping extension 'colcon_notification.desktop_notification.win32': Not used on non-Windows systems
[0.509s] INFO:colcon.colcon_notification.desktop_notification:Sending desktop notification using 'notify2'
[0.529s] DEBUG:colcon.colcon_core.event_reactor:joined thread
[0.530s] INFO:colcon.colcon_core.shell:Creating prefix script '/home/dcy/ENG/ENG2025/install/local_setup.ps1'
[0.531s] INFO:colcon.colcon_core.shell:Creating prefix util module '/home/dcy/ENG/ENG2025/install/_local_setup_util_ps1.py'
[0.531s] INFO:colcon.colcon_core.shell:Creating prefix chain script '/home/dcy/ENG/ENG2025/install/setup.ps1'
[0.532s] INFO:colcon.colcon_core.shell:Creating prefix script '/home/dcy/ENG/ENG2025/install/local_setup.sh'
[0.532s] INFO:colcon.colcon_core.shell:Creating prefix util module '/home/dcy/ENG/ENG2025/install/_local_setup_util_sh.py'
[0.532s] INFO:colcon.colcon_core.shell:Creating prefix chain script '/home/dcy/ENG/ENG2025/install/setup.sh'
[0.533s] INFO:colcon.colcon_core.shell:Creating prefix script '/home/dcy/ENG/ENG2025/install/local_setup.bash'
[0.533s] INFO:colcon.colcon_core.shell:Creating prefix chain script '/home/dcy/ENG/ENG2025/install/setup.bash'
[0.533s] INFO:colcon.colcon_core.shell:Creating prefix script '/home/dcy/ENG/ENG2025/install/local_setup.zsh'
[0.534s] INFO:colcon.colcon_core.shell:Creating prefix chain script '/home/dcy/ENG/ENG2025/install/setup.zsh'
