[ 62%] Built target camera_component
[ 62%] Built target camera
[100%] Built target camera_node
-- Install configuration: ""
-- Up-to-date: /home/dcy/ENG/ENG2025/install/hik_camera/lib/hik_camera/camera
-- Up-to-date: /home/dcy/ENG/ENG2025/install/hik_camera/include
-- Up-to-date: /home/dcy/ENG/ENG2025/install/hik_camera/include/hik_camera
-- Up-to-date: /home/dcy/ENG/ENG2025/install/hik_camera/include/hik_camera/hik_camera.h
-- Up-to-date: /home/dcy/ENG/ENG2025/install/hik_camera/share/hik_camera/environment/library_path.sh
-- Up-to-date: /home/dcy/ENG/ENG2025/install/hik_camera/share/hik_camera/environment/library_path.dsv
-- Up-to-date: /home/dcy/ENG/ENG2025/install/hik_camera/lib/libcamera_component.so
-- Up-to-date: /home/dcy/ENG/ENG2025/install/hik_camera/lib/hik_camera/camera_node
-- Up-to-date: /home/dcy/ENG/ENG2025/install/hik_camera/share/ament_index/resource_index/package_run_dependencies/hik_camera
-- Up-to-date: /home/dcy/ENG/ENG2025/install/hik_camera/share/ament_index/resource_index/parent_prefix_path/hik_camera
-- Up-to-date: /home/dcy/ENG/ENG2025/install/hik_camera/share/hik_camera/environment/ament_prefix_path.sh
-- Up-to-date: /home/dcy/ENG/ENG2025/install/hik_camera/share/hik_camera/environment/ament_prefix_path.dsv
-- Up-to-date: /home/dcy/ENG/ENG2025/install/hik_camera/share/hik_camera/environment/path.sh
-- Up-to-date: /home/dcy/ENG/ENG2025/install/hik_camera/share/hik_camera/environment/path.dsv
-- Up-to-date: /home/dcy/ENG/ENG2025/install/hik_camera/share/hik_camera/local_setup.bash
-- Up-to-date: /home/dcy/ENG/ENG2025/install/hik_camera/share/hik_camera/local_setup.sh
-- Up-to-date: /home/dcy/ENG/ENG2025/install/hik_camera/share/hik_camera/local_setup.zsh
-- Up-to-date: /home/dcy/ENG/ENG2025/install/hik_camera/share/hik_camera/local_setup.dsv
-- Installing: /home/dcy/ENG/ENG2025/install/hik_camera/share/hik_camera/package.dsv
-- Up-to-date: /home/dcy/ENG/ENG2025/install/hik_camera/share/ament_index/resource_index/packages/hik_camera
-- Up-to-date: /home/dcy/ENG/ENG2025/install/hik_camera/share/ament_index/resource_index/rclcpp_components/hik_camera
-- Up-to-date: /home/dcy/ENG/ENG2025/install/hik_camera/share/hik_camera/cmake/ament_cmake_export_dependencies-extras.cmake
-- Up-to-date: /home/dcy/ENG/ENG2025/install/hik_camera/share/hik_camera/cmake/ament_cmake_export_include_directories-extras.cmake
-- Up-to-date: /home/dcy/ENG/ENG2025/install/hik_camera/share/hik_camera/cmake/ament_cmake_export_libraries-extras.cmake
-- Up-to-date: /home/dcy/ENG/ENG2025/install/hik_camera/share/hik_camera/cmake/hik_cameraConfig.cmake
-- Up-to-date: /home/dcy/ENG/ENG2025/install/hik_camera/share/hik_camera/cmake/hik_cameraConfig-version.cmake
-- Up-to-date: /home/dcy/ENG/ENG2025/install/hik_camera/share/hik_camera/package.xml
