[0.008s] Invoking command in '/home/dcy/ENG/ENG2025/build/ImgProcess': CMAKE_PREFIX_PATH=/opt/ros/humble /usr/local/bin/cmake --build /home/dcy/ENG/ENG2025/build/ImgProcess -- -j16 -l16
[0.018s] -- Found ament_cmake_auto: 1.3.9 (/opt/ros/humble/share/ament_cmake_auto/cmake)
[0.109s] WARNING: Package name "ImgProcess" does not follow the naming conventions. It should start with a lower case letter and only contain lower case letters, digits, underscores, and dashes.
[0.136s] -- Found rosidl_generator_c: 3.1.5 (/opt/ros/humble/share/rosidl_generator_c/cmake)
[0.138s] -- Found rosidl_adapter: 3.1.5 (/opt/ros/humble/share/rosidl_adapter/cmake)
[0.142s] -- Found rosidl_generator_cpp: 3.1.5 (/opt/ros/humble/share/rosidl_generator_cpp/cmake)
[0.150s] -- Using all available rosidl_typesupport_c: rosidl_typesupport_fastrtps_c;rosidl_typesupport_introspection_c
[0.161s] -- Using all available rosidl_typesupport_cpp: rosidl_typesupport_fastrtps_cpp;rosidl_typesupport_introspection_cpp
[0.201s] -- Found rmw_implementation_cmake: 6.1.2 (/opt/ros/humble/share/rmw_implementation_cmake/cmake)
[0.202s] -- Found rmw_fastrtps_cpp: 6.2.6 (/opt/ros/humble/share/rmw_fastrtps_cpp/cmake)
[0.295s] -- Using RMW implementation 'rmw_fastrtps_cpp' as default
[0.522s] -- Found ament_lint_auto: 0.12.11 (/opt/ros/humble/share/ament_lint_auto/cmake)
[0.532s] -- Added test 'cppcheck' to perform static code analysis on C / C++ code
[0.532s] -- Configured cppcheck include dirs: /home/dcy/ENG/ENG2025/src/ImgProcess/include
[0.533s] -- Configured cppcheck exclude dirs and/or files: 
[0.535s] -- Added test 'lint_cmake' to check CMake code style
[0.541s] -- Added test 'uncrustify' to check C / C++ code style
[0.541s] -- Configured uncrustify additional arguments: 
[0.542s] -- Added test 'xmllint' to check XML markup files
[0.543s] -- Configuring done (0.5s)
[0.552s] -- Generating done (0.0s)
[0.553s] -- Build files have been written to: /home/dcy/ENG/ENG2025/build/ImgProcess
[0.584s] [ 20%] [32m[1mLinking CXX executable ImgProcess[0m
[0.880s] /usr/bin/ld: CMakeFiles/ImgProcess.dir/src/ImgProcess.cpp.o: in function `ImgProcess_node::imageCallback(std::unique_ptr<sensor_msgs::msg::Image_<std::allocator<void> >, std::default_delete<sensor_msgs::msg::Image_<std::allocator<void> > > >)':
[0.881s] ImgProcess.cpp:(.text+0xebe): undefined reference to `cv::imshow(std::__cxx11::basic_string<char, std::char_traits<char>, std::allocator<char> > const&, cv::_InputArray const&)'
[0.922s] collect2: error: ld returned 1 exit status
[0.923s] gmake[2]: *** [CMakeFiles/ImgProcess.dir/build.make:238：ImgProcess] 错误 1
[0.923s] gmake[1]: *** [CMakeFiles/Makefile2:137：CMakeFiles/ImgProcess.dir/all] 错误 2
[0.923s] gmake: *** [Makefile:146：all] 错误 2
[0.925s] Invoked command in '/home/dcy/ENG/ENG2025/build/ImgProcess' returned '2': CMAKE_PREFIX_PATH=/opt/ros/humble /usr/local/bin/cmake --build /home/dcy/ENG/ENG2025/build/ImgProcess -- -j16 -l16
