[0.141s] DEBUG:colcon:Command line arguments: ['/usr/bin/colcon', 'build']
[0.141s] DEBUG:colcon:Parsed command line arguments: Namespace(log_base=None, log_level=None, verb_name='build', build_base='build', install_base='install', merge_install=False, symlink_install=False, test_result_base=None, continue_on_error=False, executor='parallel', parallel_workers=16, event_handlers=None, ignore_user_meta=False, metas=['./colcon.meta'], base_paths=['.'], packages_ignore=None, packages_ignore_regex=None, paths=None, packages_up_to=None, packages_up_to_regex=None, packages_above=None, packages_above_and_dependencies=None, packages_above_depth=None, packages_select_by_dep=None, packages_skip_by_dep=None, packages_skip_up_to=None, packages_select_build_failed=False, packages_skip_build_finished=False, packages_select_test_failures=False, packages_skip_test_passed=False, packages_select=None, packages_skip=None, packages_select_regex=None, packages_skip_regex=None, packages_start=None, packages_end=None, allow_overriding=[], cmake_args=None, cmake_target=None, cmake_target_skip_unavailable=False, cmake_clean_cache=False, cmake_clean_first=False, cmake_force_configure=False, ament_cmake_args=None, catkin_cmake_args=None, catkin_skip_building_tests=False, verb_parser=<colcon_defaults.argument_parser.defaults.DefaultArgumentsDecorator object at 0x7ae7fdaec640>, verb_extension=<colcon_core.verb.build.BuildVerb object at 0x7ae7fd8f3880>, main=<bound method BuildVerb.main of <colcon_core.verb.build.BuildVerb object at 0x7ae7fd8f3880>>)
[0.178s] Level 1:colcon.colcon_core.package_discovery:discover_packages(colcon_meta) check parameters
[0.178s] Level 1:colcon.colcon_core.package_discovery:discover_packages(recursive) check parameters
[0.178s] Level 1:colcon.colcon_core.package_discovery:discover_packages(ignore) check parameters
[0.178s] Level 1:colcon.colcon_core.package_discovery:discover_packages(path) check parameters
[0.178s] Level 1:colcon.colcon_core.package_discovery:discover_packages(colcon_meta) discover
[0.178s] Level 1:colcon.colcon_core.package_discovery:discover_packages(recursive) discover
[0.178s] INFO:colcon.colcon_core.package_discovery:Crawling recursively for packages in '/home/dcy/ENG2025/rosdemo'
[0.178s] Level 1:colcon.colcon_core.package_identification:_identify(.) by extensions ['ignore', 'ignore_ament_install']
[0.178s] Level 1:colcon.colcon_core.package_identification:_identify(.) by extension 'ignore'
[0.178s] Level 1:colcon.colcon_core.package_identification:_identify(.) by extension 'ignore_ament_install'
[0.178s] Level 1:colcon.colcon_core.package_identification:_identify(.) by extensions ['colcon_pkg']
[0.178s] Level 1:colcon.colcon_core.package_identification:_identify(.) by extension 'colcon_pkg'
[0.178s] Level 1:colcon.colcon_core.package_identification:_identify(.) by extensions ['colcon_meta']
[0.178s] Level 1:colcon.colcon_core.package_identification:_identify(.) by extension 'colcon_meta'
[0.178s] Level 1:colcon.colcon_core.package_identification:_identify(.) by extensions ['ros']
[0.178s] Level 1:colcon.colcon_core.package_identification:_identify(.) by extension 'ros'
[0.186s] Level 1:colcon.colcon_core.package_identification:_identify(.) by extensions ['cmake', 'python']
[0.186s] Level 1:colcon.colcon_core.package_identification:_identify(.) by extension 'cmake'
[0.186s] Level 1:colcon.colcon_core.package_identification:_identify(.) by extension 'python'
[0.186s] Level 1:colcon.colcon_core.package_identification:_identify(.) by extensions ['python_setup_py']
[0.186s] Level 1:colcon.colcon_core.package_identification:_identify(.) by extension 'python_setup_py'
[0.186s] Level 1:colcon.colcon_core.package_identification:_identify(build) by extensions ['ignore', 'ignore_ament_install']
[0.186s] Level 1:colcon.colcon_core.package_identification:_identify(build) by extension 'ignore'
[0.186s] Level 1:colcon.colcon_core.package_identification:_identify(build) ignored
[0.186s] Level 1:colcon.colcon_core.package_identification:_identify(install) by extensions ['ignore', 'ignore_ament_install']
[0.186s] Level 1:colcon.colcon_core.package_identification:_identify(install) by extension 'ignore'
[0.186s] Level 1:colcon.colcon_core.package_identification:_identify(install) ignored
[0.186s] Level 1:colcon.colcon_core.package_identification:_identify(log) by extensions ['ignore', 'ignore_ament_install']
[0.186s] Level 1:colcon.colcon_core.package_identification:_identify(log) by extension 'ignore'
[0.186s] Level 1:colcon.colcon_core.package_identification:_identify(log) ignored
[0.186s] Level 1:colcon.colcon_core.package_identification:_identify(src) by extensions ['ignore', 'ignore_ament_install']
[0.186s] Level 1:colcon.colcon_core.package_identification:_identify(src) by extension 'ignore'
[0.186s] Level 1:colcon.colcon_core.package_identification:_identify(src) by extension 'ignore_ament_install'
[0.186s] Level 1:colcon.colcon_core.package_identification:_identify(src) by extensions ['colcon_pkg']
[0.186s] Level 1:colcon.colcon_core.package_identification:_identify(src) by extension 'colcon_pkg'
[0.186s] Level 1:colcon.colcon_core.package_identification:_identify(src) by extensions ['colcon_meta']
[0.186s] Level 1:colcon.colcon_core.package_identification:_identify(src) by extension 'colcon_meta'
[0.186s] Level 1:colcon.colcon_core.package_identification:_identify(src) by extensions ['ros']
[0.186s] Level 1:colcon.colcon_core.package_identification:_identify(src) by extension 'ros'
[0.186s] Level 1:colcon.colcon_core.package_identification:_identify(src) by extensions ['cmake', 'python']
[0.187s] Level 1:colcon.colcon_core.package_identification:_identify(src) by extension 'cmake'
[0.187s] Level 1:colcon.colcon_core.package_identification:_identify(src) by extension 'python'
[0.187s] Level 1:colcon.colcon_core.package_identification:_identify(src) by extensions ['python_setup_py']
[0.187s] Level 1:colcon.colcon_core.package_identification:_identify(src) by extension 'python_setup_py'
[0.187s] Level 1:colcon.colcon_core.package_identification:_identify(src/demo) by extensions ['ignore', 'ignore_ament_install']
[0.187s] Level 1:colcon.colcon_core.package_identification:_identify(src/demo) by extension 'ignore'
[0.187s] Level 1:colcon.colcon_core.package_identification:_identify(src/demo) by extension 'ignore_ament_install'
[0.187s] Level 1:colcon.colcon_core.package_identification:_identify(src/demo) by extensions ['colcon_pkg']
[0.187s] Level 1:colcon.colcon_core.package_identification:_identify(src/demo) by extension 'colcon_pkg'
[0.187s] Level 1:colcon.colcon_core.package_identification:_identify(src/demo) by extensions ['colcon_meta']
[0.187s] Level 1:colcon.colcon_core.package_identification:_identify(src/demo) by extension 'colcon_meta'
[0.187s] Level 1:colcon.colcon_core.package_identification:_identify(src/demo) by extensions ['ros']
[0.187s] Level 1:colcon.colcon_core.package_identification:_identify(src/demo) by extension 'ros'
[0.188s] DEBUG:colcon.colcon_core.package_identification:Package 'src/demo' with type 'ros.ament_cmake' and name 'demo'
[0.188s] Level 1:colcon.colcon_core.package_identification:_identify(src/hik_camera) by extensions ['ignore', 'ignore_ament_install']
[0.188s] Level 1:colcon.colcon_core.package_identification:_identify(src/hik_camera) by extension 'ignore'
[0.188s] Level 1:colcon.colcon_core.package_identification:_identify(src/hik_camera) by extension 'ignore_ament_install'
[0.188s] Level 1:colcon.colcon_core.package_identification:_identify(src/hik_camera) by extensions ['colcon_pkg']
[0.188s] Level 1:colcon.colcon_core.package_identification:_identify(src/hik_camera) by extension 'colcon_pkg'
[0.188s] Level 1:colcon.colcon_core.package_identification:_identify(src/hik_camera) by extensions ['colcon_meta']
[0.188s] Level 1:colcon.colcon_core.package_identification:_identify(src/hik_camera) by extension 'colcon_meta'
[0.188s] Level 1:colcon.colcon_core.package_identification:_identify(src/hik_camera) by extensions ['ros']
[0.188s] Level 1:colcon.colcon_core.package_identification:_identify(src/hik_camera) by extension 'ros'
[0.189s] DEBUG:colcon.colcon_core.package_identification:Package 'src/hik_camera' with type 'ros.ament_cmake' and name 'hik_camera'
[0.189s] Level 1:colcon.colcon_core.package_discovery:discover_packages(recursive) using defaults
[0.189s] Level 1:colcon.colcon_core.package_discovery:discover_packages(ignore) discover
[0.189s] Level 1:colcon.colcon_core.package_discovery:discover_packages(ignore) using defaults
[0.189s] Level 1:colcon.colcon_core.package_discovery:discover_packages(path) discover
[0.189s] Level 1:colcon.colcon_core.package_discovery:discover_packages(path) using defaults
[0.205s] Level 1:colcon.colcon_core.package_discovery:discover_packages(prefix_path) check parameters
[0.205s] Level 1:colcon.colcon_core.package_discovery:discover_packages(prefix_path) discover
[0.207s] DEBUG:colcon.colcon_installed_package_information.package_discovery:Found 326 installed packages in /opt/ros/humble
[0.208s] Level 1:colcon.colcon_core.package_discovery:discover_packages(prefix_path) using defaults
[0.229s] Level 5:colcon.colcon_core.verb:set package 'demo' build argument 'cmake_args' from command line to 'None'
[0.229s] Level 5:colcon.colcon_core.verb:set package 'demo' build argument 'cmake_target' from command line to 'None'
[0.229s] Level 5:colcon.colcon_core.verb:set package 'demo' build argument 'cmake_target_skip_unavailable' from command line to 'False'
[0.229s] Level 5:colcon.colcon_core.verb:set package 'demo' build argument 'cmake_clean_cache' from command line to 'False'
[0.229s] Level 5:colcon.colcon_core.verb:set package 'demo' build argument 'cmake_clean_first' from command line to 'False'
[0.229s] Level 5:colcon.colcon_core.verb:set package 'demo' build argument 'cmake_force_configure' from command line to 'False'
[0.229s] Level 5:colcon.colcon_core.verb:set package 'demo' build argument 'ament_cmake_args' from command line to 'None'
[0.229s] Level 5:colcon.colcon_core.verb:set package 'demo' build argument 'catkin_cmake_args' from command line to 'None'
[0.229s] Level 5:colcon.colcon_core.verb:set package 'demo' build argument 'catkin_skip_building_tests' from command line to 'False'
[0.229s] DEBUG:colcon.colcon_core.verb:Building package 'demo' with the following arguments: {'ament_cmake_args': None, 'build_base': '/home/dcy/ENG2025/rosdemo/build/demo', 'catkin_cmake_args': None, 'catkin_skip_building_tests': False, 'cmake_args': None, 'cmake_clean_cache': False, 'cmake_clean_first': False, 'cmake_force_configure': False, 'cmake_target': None, 'cmake_target_skip_unavailable': False, 'install_base': '/home/dcy/ENG2025/rosdemo/install/demo', 'merge_install': False, 'path': '/home/dcy/ENG2025/rosdemo/src/demo', 'symlink_install': False, 'test_result_base': None}
[0.230s] Level 5:colcon.colcon_core.verb:set package 'hik_camera' build argument 'cmake_args' from command line to 'None'
[0.230s] Level 5:colcon.colcon_core.verb:set package 'hik_camera' build argument 'cmake_target' from command line to 'None'
[0.230s] Level 5:colcon.colcon_core.verb:set package 'hik_camera' build argument 'cmake_target_skip_unavailable' from command line to 'False'
[0.230s] Level 5:colcon.colcon_core.verb:set package 'hik_camera' build argument 'cmake_clean_cache' from command line to 'False'
[0.230s] Level 5:colcon.colcon_core.verb:set package 'hik_camera' build argument 'cmake_clean_first' from command line to 'False'
[0.230s] Level 5:colcon.colcon_core.verb:set package 'hik_camera' build argument 'cmake_force_configure' from command line to 'False'
[0.230s] Level 5:colcon.colcon_core.verb:set package 'hik_camera' build argument 'ament_cmake_args' from command line to 'None'
[0.230s] Level 5:colcon.colcon_core.verb:set package 'hik_camera' build argument 'catkin_cmake_args' from command line to 'None'
[0.230s] Level 5:colcon.colcon_core.verb:set package 'hik_camera' build argument 'catkin_skip_building_tests' from command line to 'False'
[0.230s] DEBUG:colcon.colcon_core.verb:Building package 'hik_camera' with the following arguments: {'ament_cmake_args': None, 'build_base': '/home/dcy/ENG2025/rosdemo/build/hik_camera', 'catkin_cmake_args': None, 'catkin_skip_building_tests': False, 'cmake_args': None, 'cmake_clean_cache': False, 'cmake_clean_first': False, 'cmake_force_configure': False, 'cmake_target': None, 'cmake_target_skip_unavailable': False, 'install_base': '/home/dcy/ENG2025/rosdemo/install/hik_camera', 'merge_install': False, 'path': '/home/dcy/ENG2025/rosdemo/src/hik_camera', 'symlink_install': False, 'test_result_base': None}
[0.230s] INFO:colcon.colcon_core.executor:Executing jobs using 'parallel' executor
[0.230s] DEBUG:colcon.colcon_parallel_executor.executor.parallel:run_until_complete
[0.231s] INFO:colcon.colcon_ros.task.ament_cmake.build:Building ROS package in '/home/dcy/ENG2025/rosdemo/src/demo' with build type 'ament_cmake'
[0.231s] INFO:colcon.colcon_cmake.task.cmake.build:Building CMake package in '/home/dcy/ENG2025/rosdemo/src/demo'
[0.233s] INFO:colcon.colcon_core.plugin_system:Skipping extension 'colcon_core.shell.bat': Not used on non-Windows systems
[0.233s] INFO:colcon.colcon_core.shell:Skip shell extension 'powershell' for command environment: Not usable outside of PowerShell
[0.233s] DEBUG:colcon.colcon_core.shell:Skip shell extension 'dsv' for command environment
[0.236s] INFO:colcon.colcon_ros.task.ament_cmake.build:Building ROS package in '/home/dcy/ENG2025/rosdemo/src/hik_camera' with build type 'ament_cmake'
[0.236s] INFO:colcon.colcon_cmake.task.cmake.build:Building CMake package in '/home/dcy/ENG2025/rosdemo/src/hik_camera'
[0.236s] INFO:colcon.colcon_core.shell:Skip shell extension 'powershell' for command environment: Not usable outside of PowerShell
[0.236s] DEBUG:colcon.colcon_core.shell:Skip shell extension 'dsv' for command environment
[0.239s] DEBUG:colcon.colcon_core.event_handler.log_command:Invoking command in '/home/dcy/ENG2025/rosdemo/build/demo': CMAKE_PREFIX_PATH=/opt/ros/humble /usr/local/bin/cmake /home/dcy/ENG2025/rosdemo/src/demo -DCMAKE_INSTALL_PREFIX=/home/dcy/ENG2025/rosdemo/install/demo
[0.242s] DEBUG:colcon.colcon_core.event_handler.log_command:Invoking command in '/home/dcy/ENG2025/rosdemo/build/hik_camera': CMAKE_PREFIX_PATH=/opt/ros/humble /usr/local/bin/cmake /home/dcy/ENG2025/rosdemo/src/hik_camera -DCMAKE_INSTALL_PREFIX=/home/dcy/ENG2025/rosdemo/install/hik_camera
[1.252s] DEBUG:colcon.colcon_core.event_handler.log_command:Invoked command in '/home/dcy/ENG2025/rosdemo/build/demo' returned '0': CMAKE_PREFIX_PATH=/opt/ros/humble /usr/local/bin/cmake /home/dcy/ENG2025/rosdemo/src/demo -DCMAKE_INSTALL_PREFIX=/home/dcy/ENG2025/rosdemo/install/demo
[1.252s] DEBUG:colcon.colcon_core.event_handler.log_command:Invoking command in '/home/dcy/ENG2025/rosdemo/build/demo': CMAKE_PREFIX_PATH=/opt/ros/humble /usr/local/bin/cmake --build /home/dcy/ENG2025/rosdemo/build/demo -- -j16 -l16
[1.257s] DEBUG:colcon.colcon_core.event_handler.log_command:Invoked command in '/home/dcy/ENG2025/rosdemo/build/hik_camera' returned '0': CMAKE_PREFIX_PATH=/opt/ros/humble /usr/local/bin/cmake /home/dcy/ENG2025/rosdemo/src/hik_camera -DCMAKE_INSTALL_PREFIX=/home/dcy/ENG2025/rosdemo/install/hik_camera
[1.258s] DEBUG:colcon.colcon_core.event_handler.log_command:Invoking command in '/home/dcy/ENG2025/rosdemo/build/hik_camera': CMAKE_PREFIX_PATH=/opt/ros/humble /usr/local/bin/cmake --build /home/dcy/ENG2025/rosdemo/build/hik_camera -- -j16 -l16
[4.596s] DEBUG:colcon.colcon_core.event_handler.log_command:Invoked command in '/home/dcy/ENG2025/rosdemo/build/hik_camera' returned '0': CMAKE_PREFIX_PATH=/opt/ros/humble /usr/local/bin/cmake --build /home/dcy/ENG2025/rosdemo/build/hik_camera -- -j16 -l16
[4.628s] DEBUG:colcon.colcon_core.event_handler.log_command:Invoking command in '/home/dcy/ENG2025/rosdemo/build/hik_camera': CMAKE_PREFIX_PATH=/opt/ros/humble /usr/local/bin/cmake --install /home/dcy/ENG2025/rosdemo/build/hik_camera
[4.635s] Level 1:colcon.colcon_core.environment:create_environment_scripts_only(hik_camera)
[4.635s] DEBUG:colcon.colcon_core.event_handler.log_command:Invoked command in '/home/dcy/ENG2025/rosdemo/build/hik_camera' returned '0': CMAKE_PREFIX_PATH=/opt/ros/humble /usr/local/bin/cmake --install /home/dcy/ENG2025/rosdemo/build/hik_camera
[4.639s] Level 1:colcon.colcon_core.environment:checking '/home/dcy/ENG2025/rosdemo/install/hik_camera' for CMake module files
[4.639s] Level 1:colcon.colcon_core.environment:checking '/home/dcy/ENG2025/rosdemo/install/hik_camera' for CMake config files
[4.639s] Level 1:colcon.colcon_core.shell:create_environment_hook('hik_camera', 'cmake_prefix_path')
[4.639s] INFO:colcon.colcon_core.shell:Creating environment hook '/home/dcy/ENG2025/rosdemo/install/hik_camera/share/hik_camera/hook/cmake_prefix_path.ps1'
[4.640s] INFO:colcon.colcon_core.shell:Creating environment descriptor '/home/dcy/ENG2025/rosdemo/install/hik_camera/share/hik_camera/hook/cmake_prefix_path.dsv'
[4.640s] INFO:colcon.colcon_core.shell:Creating environment hook '/home/dcy/ENG2025/rosdemo/install/hik_camera/share/hik_camera/hook/cmake_prefix_path.sh'
[4.641s] Level 1:colcon.colcon_core.environment:checking '/home/dcy/ENG2025/rosdemo/install/hik_camera/lib'
[4.641s] Level 1:colcon.colcon_core.shell:create_environment_hook('hik_camera', 'ld_library_path_lib')
[4.641s] INFO:colcon.colcon_core.shell:Creating environment hook '/home/dcy/ENG2025/rosdemo/install/hik_camera/share/hik_camera/hook/ld_library_path_lib.ps1'
[4.641s] INFO:colcon.colcon_core.shell:Creating environment descriptor '/home/dcy/ENG2025/rosdemo/install/hik_camera/share/hik_camera/hook/ld_library_path_lib.dsv'
[4.641s] INFO:colcon.colcon_core.shell:Creating environment hook '/home/dcy/ENG2025/rosdemo/install/hik_camera/share/hik_camera/hook/ld_library_path_lib.sh'
[4.641s] Level 1:colcon.colcon_core.environment:checking '/home/dcy/ENG2025/rosdemo/install/hik_camera/bin'
[4.642s] Level 1:colcon.colcon_core.environment:checking '/home/dcy/ENG2025/rosdemo/install/hik_camera/lib/pkgconfig/hik_camera.pc'
[4.642s] Level 1:colcon.colcon_core.environment:checking '/home/dcy/ENG2025/rosdemo/install/hik_camera/lib/python3.10/site-packages'
[4.642s] Level 1:colcon.colcon_core.environment:checking '/home/dcy/ENG2025/rosdemo/install/hik_camera/bin'
[4.642s] INFO:colcon.colcon_core.shell:Creating package script '/home/dcy/ENG2025/rosdemo/install/hik_camera/share/hik_camera/package.ps1'
[4.642s] INFO:colcon.colcon_core.shell:Creating package descriptor '/home/dcy/ENG2025/rosdemo/install/hik_camera/share/hik_camera/package.dsv'
[4.643s] INFO:colcon.colcon_core.shell:Creating package script '/home/dcy/ENG2025/rosdemo/install/hik_camera/share/hik_camera/package.sh'
[4.643s] INFO:colcon.colcon_core.shell:Creating package script '/home/dcy/ENG2025/rosdemo/install/hik_camera/share/hik_camera/package.bash'
[4.644s] INFO:colcon.colcon_core.shell:Creating package script '/home/dcy/ENG2025/rosdemo/install/hik_camera/share/hik_camera/package.zsh'
[4.644s] Level 1:colcon.colcon_core.environment:create_file_with_runtime_dependencies(/home/dcy/ENG2025/rosdemo/install/hik_camera/share/colcon-core/packages/hik_camera)
[4.675s] Level 1:colcon.colcon_core.environment:create_environment_scripts_only(hik_camera)
[4.675s] Level 1:colcon.colcon_core.environment:checking '/home/dcy/ENG2025/rosdemo/install/hik_camera' for CMake module files
[4.676s] Level 1:colcon.colcon_core.environment:checking '/home/dcy/ENG2025/rosdemo/install/hik_camera' for CMake config files
[4.676s] Level 1:colcon.colcon_core.shell:create_environment_hook('hik_camera', 'cmake_prefix_path')
[4.676s] INFO:colcon.colcon_core.shell:Creating environment hook '/home/dcy/ENG2025/rosdemo/install/hik_camera/share/hik_camera/hook/cmake_prefix_path.ps1'
[4.676s] INFO:colcon.colcon_core.shell:Creating environment descriptor '/home/dcy/ENG2025/rosdemo/install/hik_camera/share/hik_camera/hook/cmake_prefix_path.dsv'
[4.676s] INFO:colcon.colcon_core.shell:Creating environment hook '/home/dcy/ENG2025/rosdemo/install/hik_camera/share/hik_camera/hook/cmake_prefix_path.sh'
[4.677s] Level 1:colcon.colcon_core.environment:checking '/home/dcy/ENG2025/rosdemo/install/hik_camera/lib'
[4.677s] Level 1:colcon.colcon_core.shell:create_environment_hook('hik_camera', 'ld_library_path_lib')
[4.677s] INFO:colcon.colcon_core.shell:Creating environment hook '/home/dcy/ENG2025/rosdemo/install/hik_camera/share/hik_camera/hook/ld_library_path_lib.ps1'
[4.677s] INFO:colcon.colcon_core.shell:Creating environment descriptor '/home/dcy/ENG2025/rosdemo/install/hik_camera/share/hik_camera/hook/ld_library_path_lib.dsv'
[4.677s] INFO:colcon.colcon_core.shell:Creating environment hook '/home/dcy/ENG2025/rosdemo/install/hik_camera/share/hik_camera/hook/ld_library_path_lib.sh'
[4.677s] Level 1:colcon.colcon_core.environment:checking '/home/dcy/ENG2025/rosdemo/install/hik_camera/bin'
[4.677s] Level 1:colcon.colcon_core.environment:checking '/home/dcy/ENG2025/rosdemo/install/hik_camera/lib/pkgconfig/hik_camera.pc'
[4.678s] Level 1:colcon.colcon_core.environment:checking '/home/dcy/ENG2025/rosdemo/install/hik_camera/lib/python3.10/site-packages'
[4.678s] Level 1:colcon.colcon_core.environment:checking '/home/dcy/ENG2025/rosdemo/install/hik_camera/bin'
[4.678s] INFO:colcon.colcon_core.shell:Creating package script '/home/dcy/ENG2025/rosdemo/install/hik_camera/share/hik_camera/package.ps1'
[4.678s] INFO:colcon.colcon_core.shell:Creating package descriptor '/home/dcy/ENG2025/rosdemo/install/hik_camera/share/hik_camera/package.dsv'
[4.678s] INFO:colcon.colcon_core.shell:Creating package script '/home/dcy/ENG2025/rosdemo/install/hik_camera/share/hik_camera/package.sh'
[4.678s] INFO:colcon.colcon_core.shell:Creating package script '/home/dcy/ENG2025/rosdemo/install/hik_camera/share/hik_camera/package.bash'
[4.679s] INFO:colcon.colcon_core.shell:Creating package script '/home/dcy/ENG2025/rosdemo/install/hik_camera/share/hik_camera/package.zsh'
[4.679s] Level 1:colcon.colcon_core.environment:create_file_with_runtime_dependencies(/home/dcy/ENG2025/rosdemo/install/hik_camera/share/colcon-core/packages/hik_camera)
[7.630s] DEBUG:colcon.colcon_core.event_handler.log_command:Invoked command in '/home/dcy/ENG2025/rosdemo/build/demo' returned '0': CMAKE_PREFIX_PATH=/opt/ros/humble /usr/local/bin/cmake --build /home/dcy/ENG2025/rosdemo/build/demo -- -j16 -l16
[7.658s] DEBUG:colcon.colcon_core.event_handler.log_command:Invoking command in '/home/dcy/ENG2025/rosdemo/build/demo': CMAKE_PREFIX_PATH=/opt/ros/humble /usr/local/bin/cmake --install /home/dcy/ENG2025/rosdemo/build/demo
[7.665s] Level 1:colcon.colcon_core.environment:create_environment_scripts_only(demo)
[7.665s] Level 1:colcon.colcon_core.environment:checking '/home/dcy/ENG2025/rosdemo/install/demo' for CMake module files
[7.666s] DEBUG:colcon.colcon_core.event_handler.log_command:Invoked command in '/home/dcy/ENG2025/rosdemo/build/demo' returned '0': CMAKE_PREFIX_PATH=/opt/ros/humble /usr/local/bin/cmake --install /home/dcy/ENG2025/rosdemo/build/demo
[7.666s] Level 1:colcon.colcon_core.environment:checking '/home/dcy/ENG2025/rosdemo/install/demo' for CMake config files
[7.666s] Level 1:colcon.colcon_core.shell:create_environment_hook('demo', 'cmake_prefix_path')
[7.666s] INFO:colcon.colcon_core.shell:Creating environment hook '/home/dcy/ENG2025/rosdemo/install/demo/share/demo/hook/cmake_prefix_path.ps1'
[7.666s] INFO:colcon.colcon_core.shell:Creating environment descriptor '/home/dcy/ENG2025/rosdemo/install/demo/share/demo/hook/cmake_prefix_path.dsv'
[7.666s] INFO:colcon.colcon_core.shell:Creating environment hook '/home/dcy/ENG2025/rosdemo/install/demo/share/demo/hook/cmake_prefix_path.sh'
[7.667s] Level 1:colcon.colcon_core.environment:checking '/home/dcy/ENG2025/rosdemo/install/demo/lib'
[7.667s] Level 1:colcon.colcon_core.environment:checking '/home/dcy/ENG2025/rosdemo/install/demo/bin'
[7.667s] Level 1:colcon.colcon_core.environment:checking '/home/dcy/ENG2025/rosdemo/install/demo/lib/pkgconfig/demo.pc'
[7.667s] Level 1:colcon.colcon_core.environment:checking '/home/dcy/ENG2025/rosdemo/install/demo/lib/python3.10/site-packages'
[7.667s] Level 1:colcon.colcon_core.environment:checking '/home/dcy/ENG2025/rosdemo/install/demo/bin'
[7.667s] INFO:colcon.colcon_core.shell:Creating package script '/home/dcy/ENG2025/rosdemo/install/demo/share/demo/package.ps1'
[7.667s] INFO:colcon.colcon_core.shell:Creating package descriptor '/home/dcy/ENG2025/rosdemo/install/demo/share/demo/package.dsv'
[7.667s] INFO:colcon.colcon_core.shell:Creating package script '/home/dcy/ENG2025/rosdemo/install/demo/share/demo/package.sh'
[7.668s] INFO:colcon.colcon_core.shell:Creating package script '/home/dcy/ENG2025/rosdemo/install/demo/share/demo/package.bash'
[7.668s] INFO:colcon.colcon_core.shell:Creating package script '/home/dcy/ENG2025/rosdemo/install/demo/share/demo/package.zsh'
[7.668s] Level 1:colcon.colcon_core.environment:create_file_with_runtime_dependencies(/home/dcy/ENG2025/rosdemo/install/demo/share/colcon-core/packages/demo)
[7.692s] Level 1:colcon.colcon_core.environment:create_environment_scripts_only(demo)
[7.692s] Level 1:colcon.colcon_core.environment:checking '/home/dcy/ENG2025/rosdemo/install/demo' for CMake module files
[7.692s] Level 1:colcon.colcon_core.environment:checking '/home/dcy/ENG2025/rosdemo/install/demo' for CMake config files
[7.692s] Level 1:colcon.colcon_core.shell:create_environment_hook('demo', 'cmake_prefix_path')
[7.692s] INFO:colcon.colcon_core.shell:Creating environment hook '/home/dcy/ENG2025/rosdemo/install/demo/share/demo/hook/cmake_prefix_path.ps1'
[7.693s] INFO:colcon.colcon_core.shell:Creating environment descriptor '/home/dcy/ENG2025/rosdemo/install/demo/share/demo/hook/cmake_prefix_path.dsv'
[7.693s] INFO:colcon.colcon_core.shell:Creating environment hook '/home/dcy/ENG2025/rosdemo/install/demo/share/demo/hook/cmake_prefix_path.sh'
[7.693s] Level 1:colcon.colcon_core.environment:checking '/home/dcy/ENG2025/rosdemo/install/demo/lib'
[7.693s] Level 1:colcon.colcon_core.environment:checking '/home/dcy/ENG2025/rosdemo/install/demo/bin'
[7.693s] Level 1:colcon.colcon_core.environment:checking '/home/dcy/ENG2025/rosdemo/install/demo/lib/pkgconfig/demo.pc'
[7.693s] Level 1:colcon.colcon_core.environment:checking '/home/dcy/ENG2025/rosdemo/install/demo/lib/python3.10/site-packages'
[7.693s] Level 1:colcon.colcon_core.environment:checking '/home/dcy/ENG2025/rosdemo/install/demo/bin'
[7.693s] INFO:colcon.colcon_core.shell:Creating package script '/home/dcy/ENG2025/rosdemo/install/demo/share/demo/package.ps1'
[7.694s] INFO:colcon.colcon_core.shell:Creating package descriptor '/home/dcy/ENG2025/rosdemo/install/demo/share/demo/package.dsv'
[7.694s] INFO:colcon.colcon_core.shell:Creating package script '/home/dcy/ENG2025/rosdemo/install/demo/share/demo/package.sh'
[7.694s] INFO:colcon.colcon_core.shell:Creating package script '/home/dcy/ENG2025/rosdemo/install/demo/share/demo/package.bash'
[7.694s] INFO:colcon.colcon_core.shell:Creating package script '/home/dcy/ENG2025/rosdemo/install/demo/share/demo/package.zsh'
[7.694s] Level 1:colcon.colcon_core.environment:create_file_with_runtime_dependencies(/home/dcy/ENG2025/rosdemo/install/demo/share/colcon-core/packages/demo)
[7.695s] DEBUG:colcon.colcon_parallel_executor.executor.parallel:closing loop
[7.695s] DEBUG:colcon.colcon_parallel_executor.executor.parallel:loop closed
[7.695s] DEBUG:colcon.colcon_parallel_executor.executor.parallel:run_until_complete finished with '0'
[7.695s] DEBUG:colcon.colcon_core.event_reactor:joining thread
[7.698s] INFO:colcon.colcon_core.plugin_system:Skipping extension 'colcon_notification.desktop_notification.terminal_notifier': Not used on non-Darwin systems
[7.698s] INFO:colcon.colcon_core.plugin_system:Skipping extension 'colcon_notification.desktop_notification.win32': Not used on non-Windows systems
[7.699s] INFO:colcon.colcon_notification.desktop_notification:Sending desktop notification using 'notify2'
[7.706s] DEBUG:colcon.colcon_core.event_reactor:joined thread
[7.706s] INFO:colcon.colcon_core.shell:Creating prefix script '/home/dcy/ENG2025/rosdemo/install/local_setup.ps1'
[7.707s] INFO:colcon.colcon_core.shell:Creating prefix util module '/home/dcy/ENG2025/rosdemo/install/_local_setup_util_ps1.py'
[7.707s] INFO:colcon.colcon_core.shell:Creating prefix chain script '/home/dcy/ENG2025/rosdemo/install/setup.ps1'
[7.708s] INFO:colcon.colcon_core.shell:Creating prefix script '/home/dcy/ENG2025/rosdemo/install/local_setup.sh'
[7.708s] INFO:colcon.colcon_core.shell:Creating prefix util module '/home/dcy/ENG2025/rosdemo/install/_local_setup_util_sh.py'
[7.708s] INFO:colcon.colcon_core.shell:Creating prefix chain script '/home/dcy/ENG2025/rosdemo/install/setup.sh'
[7.709s] INFO:colcon.colcon_core.shell:Creating prefix script '/home/dcy/ENG2025/rosdemo/install/local_setup.bash'
[7.709s] INFO:colcon.colcon_core.shell:Creating prefix chain script '/home/dcy/ENG2025/rosdemo/install/setup.bash'
[7.710s] INFO:colcon.colcon_core.shell:Creating prefix script '/home/dcy/ENG2025/rosdemo/install/local_setup.zsh'
[7.710s] INFO:colcon.colcon_core.shell:Creating prefix chain script '/home/dcy/ENG2025/rosdemo/install/setup.zsh'
