[0.008s] Invoking command in '/home/dcy/ENG2025/rosdemo/build/demo': CMAKE_PREFIX_PATH=/opt/ros/humble /usr/local/bin/cmake /home/dcy/ENG2025/rosdemo/src/demo -DCMAKE_INSTALL_PREFIX=/home/dcy/ENG2025/rosdemo/install/demo
[0.059s] -- The C compiler identification is GNU 11.4.0
[0.097s] -- The CXX compiler identification is GNU 11.4.0
[0.108s] -- Detecting C compiler ABI info
[0.147s] -- Detecting C compiler ABI info - done
[0.153s] -- Check for working C compiler: /usr/bin/cc - skipped
[0.153s] -- Detecting C compile features
[0.153s] -- Detecting C compile features - done
[0.156s] -- Detecting CXX compiler ABI info
[0.200s] -- Detecting CXX compiler ABI info - done
[0.206s] -- Check for working CXX compiler: /usr/bin/c++ - skipped
[0.206s] -- Detecting CXX compile features
[0.207s] -- Detecting CXX compile features - done
[0.208s] -- Found ament_cmake_auto: 1.3.9 (/opt/ros/humble/share/ament_cmake_auto/cmake)
[0.403s] -- Found Python3: /usr/bin/python3 (found version "3.10.12") found components: Interpreter 
[0.515s] -- Found rosidl_generator_c: 3.1.5 (/opt/ros/humble/share/rosidl_generator_c/cmake)
[0.518s] -- Found rosidl_adapter: 3.1.5 (/opt/ros/humble/share/rosidl_adapter/cmake)
[0.523s] -- Found rosidl_generator_cpp: 3.1.5 (/opt/ros/humble/share/rosidl_generator_cpp/cmake)
[0.532s] -- Using all available rosidl_typesupport_c: rosidl_typesupport_fastrtps_c;rosidl_typesupport_introspection_c
[0.544s] -- Using all available rosidl_typesupport_cpp: rosidl_typesupport_fastrtps_cpp;rosidl_typesupport_introspection_cpp
[0.586s] -- Found rmw_implementation_cmake: 6.1.2 (/opt/ros/humble/share/rmw_implementation_cmake/cmake)
[0.588s] -- Found rmw_fastrtps_cpp: 6.2.6 (/opt/ros/humble/share/rmw_fastrtps_cpp/cmake)
[0.663s] -- Found OpenSSL: /usr/lib/x86_64-linux-gnu/libcrypto.so (found version "3.0.2")  
[0.683s] -- Found FastRTPS: /opt/ros/humble/include  
[0.717s] -- Using RMW implementation 'rmw_fastrtps_cpp' as default
[0.724s] -- Performing Test CMAKE_HAVE_LIBC_PTHREAD
[0.767s] -- Performing Test CMAKE_HAVE_LIBC_PTHREAD - Success
[0.768s] -- Found Threads: TRUE  
[0.982s] -- Found ament_lint_auto: 0.12.11 (/opt/ros/humble/share/ament_lint_auto/cmake)
[0.996s] -- Added test 'cppcheck' to perform static code analysis on C / C++ code
[0.996s] -- Configured cppcheck include dirs: /home/dcy/ENG2025/rosdemo/src/demo/include
[0.996s] -- Configured cppcheck exclude dirs and/or files: 
[0.998s] -- Added test 'lint_cmake' to check CMake code style
[1.003s] -- Added test 'uncrustify' to check C / C++ code style
[1.003s] -- Configured uncrustify additional arguments: 
[1.004s] -- Added test 'xmllint' to check XML markup files
[1.005s] -- Configuring done (1.0s)
[1.013s] -- Generating done (0.0s)
[1.014s] -- Build files have been written to: /home/dcy/ENG2025/rosdemo/build/demo
[1.021s] Invoked command in '/home/dcy/ENG2025/rosdemo/build/demo' returned '0': CMAKE_PREFIX_PATH=/opt/ros/humble /usr/local/bin/cmake /home/dcy/ENG2025/rosdemo/src/demo -DCMAKE_INSTALL_PREFIX=/home/dcy/ENG2025/rosdemo/install/demo
[1.021s] Invoking command in '/home/dcy/ENG2025/rosdemo/build/demo': CMAKE_PREFIX_PATH=/opt/ros/humble /usr/local/bin/cmake --build /home/dcy/ENG2025/rosdemo/build/demo -- -j16 -l16
[1.038s] [ 33%] [32mBuilding CXX object CMakeFiles/demo_node.dir/src/node_run.cpp.o[0m
[1.039s] [ 66%] [32mBuilding CXX object CMakeFiles/demo_node.dir/src/demo_node.cpp.o[0m
[2.620s] [01m[K/home/dcy/ENG2025/rosdemo/src/demo/src/demo_node.cpp:[m[K In member function ‘[01m[Kvoid demo_node::imageCallback(sensor_msgs::msg::Image_<std::allocator<void> >::UniquePtr)[m[K’:
[2.620s] [01m[K/home/dcy/ENG2025/rosdemo/src/demo/src/demo_node.cpp:24:51:[m[K [01;35m[Kwarning: [m[Kunused parameter ‘[01m[KrosImage[m[K’ [[01;35m[K]8;;https://gcc.gnu.org/onlinedocs/gcc/Warning-Options.html#index-Wunused-parameter-Wunused-parameter]8;;[m[K]
[2.620s]    24 | void demo_node::imageCallback([01;35m[KRosImage::UniquePtr rosImage[m[K)
[2.620s]       |                               [01;35m[K~~~~~~~~~~~~~~~~~~~~^~~~~~~~[m[K
[2.621s] [01m[K/home/dcy/ENG2025/rosdemo/src/demo/src/demo_node.cpp:[m[K In member function ‘[01m[Kvoid demo_node::cameraInfoCallback(const ConstSharedPtr&)[m[K’:
[2.621s] [01m[K/home/dcy/ENG2025/rosdemo/src/demo/src/demo_node.cpp:29:70:[m[K [01;35m[Kwarning: [m[Kunused parameter ‘[01m[KcameraInfo[m[K’ [[01;35m[K]8;;https://gcc.gnu.org/onlinedocs/gcc/Warning-Options.html#index-Wunused-parameter-Wunused-parameter]8;;[m[K]
[2.621s]    29 | void demo_node::cameraInfoCallback([01;35m[Kconst CameraInfo::ConstSharedPtr& cameraInfo[m[K)
[2.621s]       |                                    [01;35m[K~~~~~~~~~~~~~~~~~~~~~~~~~~~~~~~~~~^~~~~~~~~~[m[K
[7.114s] [100%] [32m[1mLinking CXX executable demo_node[0m
[7.394s] [100%] Built target demo_node
[7.399s] Invoked command in '/home/dcy/ENG2025/rosdemo/build/demo' returned '0': CMAKE_PREFIX_PATH=/opt/ros/humble /usr/local/bin/cmake --build /home/dcy/ENG2025/rosdemo/build/demo -- -j16 -l16
[7.427s] Invoking command in '/home/dcy/ENG2025/rosdemo/build/demo': CMAKE_PREFIX_PATH=/opt/ros/humble /usr/local/bin/cmake --install /home/dcy/ENG2025/rosdemo/build/demo
[7.428s] -- Install configuration: ""
[7.428s] -- Installing: /home/dcy/ENG2025/rosdemo/install/demo/include
[7.429s] -- Installing: /home/dcy/ENG2025/rosdemo/install/demo/include/demo
[7.429s] -- Installing: /home/dcy/ENG2025/rosdemo/install/demo/lib/demo/demo_node
[7.432s] -- Set runtime path of "/home/dcy/ENG2025/rosdemo/install/demo/lib/demo/demo_node" to ""
[7.432s] -- Installing: /home/dcy/ENG2025/rosdemo/install/demo/share/ament_index/resource_index/package_run_dependencies/demo
[7.432s] -- Installing: /home/dcy/ENG2025/rosdemo/install/demo/share/ament_index/resource_index/parent_prefix_path/demo
[7.433s] -- Installing: /home/dcy/ENG2025/rosdemo/install/demo/share/demo/environment/ament_prefix_path.sh
[7.433s] -- Installing: /home/dcy/ENG2025/rosdemo/install/demo/share/demo/environment/ament_prefix_path.dsv
[7.433s] -- Installing: /home/dcy/ENG2025/rosdemo/install/demo/share/demo/environment/path.sh
[7.433s] -- Installing: /home/dcy/ENG2025/rosdemo/install/demo/share/demo/environment/path.dsv
[7.433s] -- Installing: /home/dcy/ENG2025/rosdemo/install/demo/share/demo/local_setup.bash
[7.433s] -- Installing: /home/dcy/ENG2025/rosdemo/install/demo/share/demo/local_setup.sh
[7.433s] -- Installing: /home/dcy/ENG2025/rosdemo/install/demo/share/demo/local_setup.zsh
[7.433s] -- Installing: /home/dcy/ENG2025/rosdemo/install/demo/share/demo/local_setup.dsv
[7.433s] -- Installing: /home/dcy/ENG2025/rosdemo/install/demo/share/demo/package.dsv
[7.433s] -- Installing: /home/dcy/ENG2025/rosdemo/install/demo/share/ament_index/resource_index/packages/demo
[7.433s] -- Installing: /home/dcy/ENG2025/rosdemo/install/demo/share/demo/cmake/ament_cmake_export_dependencies-extras.cmake
[7.433s] -- Installing: /home/dcy/ENG2025/rosdemo/install/demo/share/demo/cmake/ament_cmake_export_include_directories-extras.cmake
[7.433s] -- Installing: /home/dcy/ENG2025/rosdemo/install/demo/share/demo/cmake/demoConfig.cmake
[7.433s] -- Installing: /home/dcy/ENG2025/rosdemo/install/demo/share/demo/cmake/demoConfig-version.cmake
[7.433s] -- Installing: /home/dcy/ENG2025/rosdemo/install/demo/share/demo/package.xml
[7.435s] Invoked command in '/home/dcy/ENG2025/rosdemo/build/demo' returned '0': CMAKE_PREFIX_PATH=/opt/ros/humble /usr/local/bin/cmake --install /home/dcy/ENG2025/rosdemo/build/demo
