[0.050s] DEBUG:colcon:Command line arguments: ['/usr/bin/colcon', 'build']
[0.050s] DEBUG:colcon:Parsed command line arguments: Namespace(log_base=None, log_level=None, verb_name='build', build_base='build', install_base='install', merge_install=False, symlink_install=False, test_result_base=None, continue_on_error=False, executor='parallel', parallel_workers=16, event_handlers=None, ignore_user_meta=False, metas=['./colcon.meta'], base_paths=['.'], packages_ignore=None, packages_ignore_regex=None, paths=None, packages_up_to=None, packages_up_to_regex=None, packages_above=None, packages_above_and_dependencies=None, packages_above_depth=None, packages_select_by_dep=None, packages_skip_by_dep=None, packages_skip_up_to=None, packages_select_build_failed=False, packages_skip_build_finished=False, packages_select_test_failures=False, packages_skip_test_passed=False, packages_select=None, packages_skip=None, packages_select_regex=None, packages_skip_regex=None, packages_start=None, packages_end=None, allow_overriding=[], cmake_args=None, cmake_target=None, cmake_target_skip_unavailable=False, cmake_clean_cache=False, cmake_clean_first=False, cmake_force_configure=False, ament_cmake_args=None, catkin_cmake_args=None, catkin_skip_building_tests=False, verb_parser=<colcon_defaults.argument_parser.defaults.DefaultArgumentsDecorator object at 0x7e7fec5f0640>, verb_extension=<colcon_core.verb.build.BuildVerb object at 0x7e7fec417880>, main=<bound method BuildVerb.main of <colcon_core.verb.build.BuildVerb object at 0x7e7fec417880>>)
[0.070s] Level 1:colcon.colcon_core.package_discovery:discover_packages(colcon_meta) check parameters
[0.070s] Level 1:colcon.colcon_core.package_discovery:discover_packages(recursive) check parameters
[0.070s] Level 1:colcon.colcon_core.package_discovery:discover_packages(ignore) check parameters
[0.070s] Level 1:colcon.colcon_core.package_discovery:discover_packages(path) check parameters
[0.070s] Level 1:colcon.colcon_core.package_discovery:discover_packages(colcon_meta) discover
[0.070s] Level 1:colcon.colcon_core.package_discovery:discover_packages(recursive) discover
[0.070s] INFO:colcon.colcon_core.package_discovery:Crawling recursively for packages in '/home/dcy/ENG2025/rosdemo'
[0.070s] Level 1:colcon.colcon_core.package_identification:_identify(.) by extensions ['ignore', 'ignore_ament_install']
[0.070s] Level 1:colcon.colcon_core.package_identification:_identify(.) by extension 'ignore'
[0.070s] Level 1:colcon.colcon_core.package_identification:_identify(.) by extension 'ignore_ament_install'
[0.070s] Level 1:colcon.colcon_core.package_identification:_identify(.) by extensions ['colcon_pkg']
[0.070s] Level 1:colcon.colcon_core.package_identification:_identify(.) by extension 'colcon_pkg'
[0.070s] Level 1:colcon.colcon_core.package_identification:_identify(.) by extensions ['colcon_meta']
[0.070s] Level 1:colcon.colcon_core.package_identification:_identify(.) by extension 'colcon_meta'
[0.070s] Level 1:colcon.colcon_core.package_identification:_identify(.) by extensions ['ros']
[0.070s] Level 1:colcon.colcon_core.package_identification:_identify(.) by extension 'ros'
[0.078s] Level 1:colcon.colcon_core.package_identification:_identify(.) by extensions ['cmake', 'python']
[0.078s] Level 1:colcon.colcon_core.package_identification:_identify(.) by extension 'cmake'
[0.078s] Level 1:colcon.colcon_core.package_identification:_identify(.) by extension 'python'
[0.078s] Level 1:colcon.colcon_core.package_identification:_identify(.) by extensions ['python_setup_py']
[0.078s] Level 1:colcon.colcon_core.package_identification:_identify(.) by extension 'python_setup_py'
[0.078s] Level 1:colcon.colcon_core.package_identification:_identify(build) by extensions ['ignore', 'ignore_ament_install']
[0.078s] Level 1:colcon.colcon_core.package_identification:_identify(build) by extension 'ignore'
[0.078s] Level 1:colcon.colcon_core.package_identification:_identify(build) ignored
[0.078s] Level 1:colcon.colcon_core.package_identification:_identify(install) by extensions ['ignore', 'ignore_ament_install']
[0.078s] Level 1:colcon.colcon_core.package_identification:_identify(install) by extension 'ignore'
[0.078s] Level 1:colcon.colcon_core.package_identification:_identify(install) ignored
[0.078s] Level 1:colcon.colcon_core.package_identification:_identify(log) by extensions ['ignore', 'ignore_ament_install']
[0.078s] Level 1:colcon.colcon_core.package_identification:_identify(log) by extension 'ignore'
[0.078s] Level 1:colcon.colcon_core.package_identification:_identify(log) ignored
[0.078s] Level 1:colcon.colcon_core.package_identification:_identify(src) by extensions ['ignore', 'ignore_ament_install']
[0.078s] Level 1:colcon.colcon_core.package_identification:_identify(src) by extension 'ignore'
[0.078s] Level 1:colcon.colcon_core.package_identification:_identify(src) by extension 'ignore_ament_install'
[0.078s] Level 1:colcon.colcon_core.package_identification:_identify(src) by extensions ['colcon_pkg']
[0.078s] Level 1:colcon.colcon_core.package_identification:_identify(src) by extension 'colcon_pkg'
[0.078s] Level 1:colcon.colcon_core.package_identification:_identify(src) by extensions ['colcon_meta']
[0.078s] Level 1:colcon.colcon_core.package_identification:_identify(src) by extension 'colcon_meta'
[0.079s] Level 1:colcon.colcon_core.package_identification:_identify(src) by extensions ['ros']
[0.079s] Level 1:colcon.colcon_core.package_identification:_identify(src) by extension 'ros'
[0.079s] Level 1:colcon.colcon_core.package_identification:_identify(src) by extensions ['cmake', 'python']
[0.079s] Level 1:colcon.colcon_core.package_identification:_identify(src) by extension 'cmake'
[0.079s] Level 1:colcon.colcon_core.package_identification:_identify(src) by extension 'python'
[0.079s] Level 1:colcon.colcon_core.package_identification:_identify(src) by extensions ['python_setup_py']
[0.079s] Level 1:colcon.colcon_core.package_identification:_identify(src) by extension 'python_setup_py'
[0.079s] Level 1:colcon.colcon_core.package_identification:_identify(src/demo) by extensions ['ignore', 'ignore_ament_install']
[0.079s] Level 1:colcon.colcon_core.package_identification:_identify(src/demo) by extension 'ignore'
[0.079s] Level 1:colcon.colcon_core.package_identification:_identify(src/demo) by extension 'ignore_ament_install'
[0.079s] Level 1:colcon.colcon_core.package_identification:_identify(src/demo) by extensions ['colcon_pkg']
[0.079s] Level 1:colcon.colcon_core.package_identification:_identify(src/demo) by extension 'colcon_pkg'
[0.079s] Level 1:colcon.colcon_core.package_identification:_identify(src/demo) by extensions ['colcon_meta']
[0.079s] Level 1:colcon.colcon_core.package_identification:_identify(src/demo) by extension 'colcon_meta'
[0.079s] Level 1:colcon.colcon_core.package_identification:_identify(src/demo) by extensions ['ros']
[0.079s] Level 1:colcon.colcon_core.package_identification:_identify(src/demo) by extension 'ros'
[0.080s] DEBUG:colcon.colcon_core.package_identification:Package 'src/demo' with type 'ros.ament_cmake' and name 'demo'
[0.080s] Level 1:colcon.colcon_core.package_identification:_identify(src/hik_camera) by extensions ['ignore', 'ignore_ament_install']
[0.080s] Level 1:colcon.colcon_core.package_identification:_identify(src/hik_camera) by extension 'ignore'
[0.080s] Level 1:colcon.colcon_core.package_identification:_identify(src/hik_camera) by extension 'ignore_ament_install'
[0.080s] Level 1:colcon.colcon_core.package_identification:_identify(src/hik_camera) by extensions ['colcon_pkg']
[0.080s] Level 1:colcon.colcon_core.package_identification:_identify(src/hik_camera) by extension 'colcon_pkg'
[0.080s] Level 1:colcon.colcon_core.package_identification:_identify(src/hik_camera) by extensions ['colcon_meta']
[0.080s] Level 1:colcon.colcon_core.package_identification:_identify(src/hik_camera) by extension 'colcon_meta'
[0.080s] Level 1:colcon.colcon_core.package_identification:_identify(src/hik_camera) by extensions ['ros']
[0.080s] Level 1:colcon.colcon_core.package_identification:_identify(src/hik_camera) by extension 'ros'
[0.081s] DEBUG:colcon.colcon_core.package_identification:Package 'src/hik_camera' with type 'ros.ament_cmake' and name 'hik_camera'
[0.081s] Level 1:colcon.colcon_core.package_discovery:discover_packages(recursive) using defaults
[0.081s] Level 1:colcon.colcon_core.package_discovery:discover_packages(ignore) discover
[0.081s] Level 1:colcon.colcon_core.package_discovery:discover_packages(ignore) using defaults
[0.081s] Level 1:colcon.colcon_core.package_discovery:discover_packages(path) discover
[0.081s] Level 1:colcon.colcon_core.package_discovery:discover_packages(path) using defaults
[0.091s] Level 1:colcon.colcon_core.package_discovery:discover_packages(prefix_path) check parameters
[0.091s] Level 1:colcon.colcon_core.package_discovery:discover_packages(prefix_path) discover
[0.092s] DEBUG:colcon.colcon_installed_package_information.package_discovery:Found 326 installed packages in /opt/ros/humble
[0.093s] Level 1:colcon.colcon_core.package_discovery:discover_packages(prefix_path) using defaults
[0.114s] Level 5:colcon.colcon_core.verb:set package 'demo' build argument 'cmake_args' from command line to 'None'
[0.114s] Level 5:colcon.colcon_core.verb:set package 'demo' build argument 'cmake_target' from command line to 'None'
[0.114s] Level 5:colcon.colcon_core.verb:set package 'demo' build argument 'cmake_target_skip_unavailable' from command line to 'False'
[0.114s] Level 5:colcon.colcon_core.verb:set package 'demo' build argument 'cmake_clean_cache' from command line to 'False'
[0.114s] Level 5:colcon.colcon_core.verb:set package 'demo' build argument 'cmake_clean_first' from command line to 'False'
[0.114s] Level 5:colcon.colcon_core.verb:set package 'demo' build argument 'cmake_force_configure' from command line to 'False'
[0.114s] Level 5:colcon.colcon_core.verb:set package 'demo' build argument 'ament_cmake_args' from command line to 'None'
[0.114s] Level 5:colcon.colcon_core.verb:set package 'demo' build argument 'catkin_cmake_args' from command line to 'None'
[0.114s] Level 5:colcon.colcon_core.verb:set package 'demo' build argument 'catkin_skip_building_tests' from command line to 'False'
[0.114s] DEBUG:colcon.colcon_core.verb:Building package 'demo' with the following arguments: {'ament_cmake_args': None, 'build_base': '/home/dcy/ENG2025/rosdemo/build/demo', 'catkin_cmake_args': None, 'catkin_skip_building_tests': False, 'cmake_args': None, 'cmake_clean_cache': False, 'cmake_clean_first': False, 'cmake_force_configure': False, 'cmake_target': None, 'cmake_target_skip_unavailable': False, 'install_base': '/home/dcy/ENG2025/rosdemo/install/demo', 'merge_install': False, 'path': '/home/dcy/ENG2025/rosdemo/src/demo', 'symlink_install': False, 'test_result_base': None}
[0.114s] Level 5:colcon.colcon_core.verb:set package 'hik_camera' build argument 'cmake_args' from command line to 'None'
[0.114s] Level 5:colcon.colcon_core.verb:set package 'hik_camera' build argument 'cmake_target' from command line to 'None'
[0.114s] Level 5:colcon.colcon_core.verb:set package 'hik_camera' build argument 'cmake_target_skip_unavailable' from command line to 'False'
[0.114s] Level 5:colcon.colcon_core.verb:set package 'hik_camera' build argument 'cmake_clean_cache' from command line to 'False'
[0.114s] Level 5:colcon.colcon_core.verb:set package 'hik_camera' build argument 'cmake_clean_first' from command line to 'False'
[0.114s] Level 5:colcon.colcon_core.verb:set package 'hik_camera' build argument 'cmake_force_configure' from command line to 'False'
[0.114s] Level 5:colcon.colcon_core.verb:set package 'hik_camera' build argument 'ament_cmake_args' from command line to 'None'
[0.114s] Level 5:colcon.colcon_core.verb:set package 'hik_camera' build argument 'catkin_cmake_args' from command line to 'None'
[0.114s] Level 5:colcon.colcon_core.verb:set package 'hik_camera' build argument 'catkin_skip_building_tests' from command line to 'False'
[0.114s] DEBUG:colcon.colcon_core.verb:Building package 'hik_camera' with the following arguments: {'ament_cmake_args': None, 'build_base': '/home/dcy/ENG2025/rosdemo/build/hik_camera', 'catkin_cmake_args': None, 'catkin_skip_building_tests': False, 'cmake_args': None, 'cmake_clean_cache': False, 'cmake_clean_first': False, 'cmake_force_configure': False, 'cmake_target': None, 'cmake_target_skip_unavailable': False, 'install_base': '/home/dcy/ENG2025/rosdemo/install/hik_camera', 'merge_install': False, 'path': '/home/dcy/ENG2025/rosdemo/src/hik_camera', 'symlink_install': False, 'test_result_base': None}
[0.114s] INFO:colcon.colcon_core.executor:Executing jobs using 'parallel' executor
[0.115s] DEBUG:colcon.colcon_parallel_executor.executor.parallel:run_until_complete
[0.115s] INFO:colcon.colcon_ros.task.ament_cmake.build:Building ROS package in '/home/dcy/ENG2025/rosdemo/src/demo' with build type 'ament_cmake'
[0.115s] INFO:colcon.colcon_cmake.task.cmake.build:Building CMake package in '/home/dcy/ENG2025/rosdemo/src/demo'
[0.116s] INFO:colcon.colcon_core.plugin_system:Skipping extension 'colcon_core.shell.bat': Not used on non-Windows systems
[0.116s] INFO:colcon.colcon_core.shell:Skip shell extension 'powershell' for command environment: Not usable outside of PowerShell
[0.116s] DEBUG:colcon.colcon_core.shell:Skip shell extension 'dsv' for command environment
[0.118s] INFO:colcon.colcon_ros.task.ament_cmake.build:Building ROS package in '/home/dcy/ENG2025/rosdemo/src/hik_camera' with build type 'ament_cmake'
[0.118s] INFO:colcon.colcon_cmake.task.cmake.build:Building CMake package in '/home/dcy/ENG2025/rosdemo/src/hik_camera'
[0.118s] INFO:colcon.colcon_core.shell:Skip shell extension 'powershell' for command environment: Not usable outside of PowerShell
[0.118s] DEBUG:colcon.colcon_core.shell:Skip shell extension 'dsv' for command environment
[0.123s] DEBUG:colcon.colcon_core.event_handler.log_command:Invoking command in '/home/dcy/ENG2025/rosdemo/build/demo': CMAKE_PREFIX_PATH=/opt/ros/humble /usr/local/bin/cmake --build /home/dcy/ENG2025/rosdemo/build/demo -- -j16 -l16
[0.126s] DEBUG:colcon.colcon_core.event_handler.log_command:Invoking command in '/home/dcy/ENG2025/rosdemo/build/hik_camera': CMAKE_PREFIX_PATH=/opt/ros/humble /usr/local/bin/cmake --build /home/dcy/ENG2025/rosdemo/build/hik_camera -- -j16 -l16
[0.152s] DEBUG:colcon.colcon_core.event_handler.log_command:Invoked command in '/home/dcy/ENG2025/rosdemo/build/hik_camera' returned '0': CMAKE_PREFIX_PATH=/opt/ros/humble /usr/local/bin/cmake --build /home/dcy/ENG2025/rosdemo/build/hik_camera -- -j16 -l16
[0.183s] DEBUG:colcon.colcon_core.event_handler.log_command:Invoking command in '/home/dcy/ENG2025/rosdemo/build/hik_camera': CMAKE_PREFIX_PATH=/opt/ros/humble /usr/local/bin/cmake --install /home/dcy/ENG2025/rosdemo/build/hik_camera
[0.187s] Level 1:colcon.colcon_core.environment:create_environment_scripts_only(hik_camera)
[0.187s] DEBUG:colcon.colcon_core.event_handler.log_command:Invoked command in '/home/dcy/ENG2025/rosdemo/build/hik_camera' returned '0': CMAKE_PREFIX_PATH=/opt/ros/humble /usr/local/bin/cmake --install /home/dcy/ENG2025/rosdemo/build/hik_camera
[0.189s] Level 1:colcon.colcon_core.environment:checking '/home/dcy/ENG2025/rosdemo/install/hik_camera' for CMake module files
[0.189s] Level 1:colcon.colcon_core.environment:checking '/home/dcy/ENG2025/rosdemo/install/hik_camera' for CMake config files
[0.189s] Level 1:colcon.colcon_core.shell:create_environment_hook('hik_camera', 'cmake_prefix_path')
[0.189s] INFO:colcon.colcon_core.shell:Creating environment hook '/home/dcy/ENG2025/rosdemo/install/hik_camera/share/hik_camera/hook/cmake_prefix_path.ps1'
[0.190s] INFO:colcon.colcon_core.shell:Creating environment descriptor '/home/dcy/ENG2025/rosdemo/install/hik_camera/share/hik_camera/hook/cmake_prefix_path.dsv'
[0.190s] INFO:colcon.colcon_core.shell:Creating environment hook '/home/dcy/ENG2025/rosdemo/install/hik_camera/share/hik_camera/hook/cmake_prefix_path.sh'
[0.190s] Level 1:colcon.colcon_core.environment:checking '/home/dcy/ENG2025/rosdemo/install/hik_camera/lib'
[0.190s] Level 1:colcon.colcon_core.shell:create_environment_hook('hik_camera', 'ld_library_path_lib')
[0.191s] INFO:colcon.colcon_core.shell:Creating environment hook '/home/dcy/ENG2025/rosdemo/install/hik_camera/share/hik_camera/hook/ld_library_path_lib.ps1'
[0.191s] INFO:colcon.colcon_core.shell:Creating environment descriptor '/home/dcy/ENG2025/rosdemo/install/hik_camera/share/hik_camera/hook/ld_library_path_lib.dsv'
[0.191s] INFO:colcon.colcon_core.shell:Creating environment hook '/home/dcy/ENG2025/rosdemo/install/hik_camera/share/hik_camera/hook/ld_library_path_lib.sh'
[0.191s] Level 1:colcon.colcon_core.environment:checking '/home/dcy/ENG2025/rosdemo/install/hik_camera/bin'
[0.191s] Level 1:colcon.colcon_core.environment:checking '/home/dcy/ENG2025/rosdemo/install/hik_camera/lib/pkgconfig/hik_camera.pc'
[0.191s] Level 1:colcon.colcon_core.environment:checking '/home/dcy/ENG2025/rosdemo/install/hik_camera/lib/python3.10/site-packages'
[0.191s] Level 1:colcon.colcon_core.environment:checking '/home/dcy/ENG2025/rosdemo/install/hik_camera/bin'
[0.191s] INFO:colcon.colcon_core.shell:Creating package script '/home/dcy/ENG2025/rosdemo/install/hik_camera/share/hik_camera/package.ps1'
[0.192s] INFO:colcon.colcon_core.shell:Creating package descriptor '/home/dcy/ENG2025/rosdemo/install/hik_camera/share/hik_camera/package.dsv'
[0.192s] INFO:colcon.colcon_core.shell:Creating package script '/home/dcy/ENG2025/rosdemo/install/hik_camera/share/hik_camera/package.sh'
[0.192s] INFO:colcon.colcon_core.shell:Creating package script '/home/dcy/ENG2025/rosdemo/install/hik_camera/share/hik_camera/package.bash'
[0.193s] INFO:colcon.colcon_core.shell:Creating package script '/home/dcy/ENG2025/rosdemo/install/hik_camera/share/hik_camera/package.zsh'
[0.193s] Level 1:colcon.colcon_core.environment:create_file_with_runtime_dependencies(/home/dcy/ENG2025/rosdemo/install/hik_camera/share/colcon-core/packages/hik_camera)
[0.222s] Level 1:colcon.colcon_core.environment:create_environment_scripts_only(hik_camera)
[0.222s] Level 1:colcon.colcon_core.environment:checking '/home/dcy/ENG2025/rosdemo/install/hik_camera' for CMake module files
[0.222s] Level 1:colcon.colcon_core.environment:checking '/home/dcy/ENG2025/rosdemo/install/hik_camera' for CMake config files
[0.222s] Level 1:colcon.colcon_core.shell:create_environment_hook('hik_camera', 'cmake_prefix_path')
[0.222s] INFO:colcon.colcon_core.shell:Creating environment hook '/home/dcy/ENG2025/rosdemo/install/hik_camera/share/hik_camera/hook/cmake_prefix_path.ps1'
[0.223s] INFO:colcon.colcon_core.shell:Creating environment descriptor '/home/dcy/ENG2025/rosdemo/install/hik_camera/share/hik_camera/hook/cmake_prefix_path.dsv'
[0.223s] INFO:colcon.colcon_core.shell:Creating environment hook '/home/dcy/ENG2025/rosdemo/install/hik_camera/share/hik_camera/hook/cmake_prefix_path.sh'
[0.223s] Level 1:colcon.colcon_core.environment:checking '/home/dcy/ENG2025/rosdemo/install/hik_camera/lib'
[0.223s] Level 1:colcon.colcon_core.shell:create_environment_hook('hik_camera', 'ld_library_path_lib')
[0.223s] INFO:colcon.colcon_core.shell:Creating environment hook '/home/dcy/ENG2025/rosdemo/install/hik_camera/share/hik_camera/hook/ld_library_path_lib.ps1'
[0.223s] INFO:colcon.colcon_core.shell:Creating environment descriptor '/home/dcy/ENG2025/rosdemo/install/hik_camera/share/hik_camera/hook/ld_library_path_lib.dsv'
[0.224s] INFO:colcon.colcon_core.shell:Creating environment hook '/home/dcy/ENG2025/rosdemo/install/hik_camera/share/hik_camera/hook/ld_library_path_lib.sh'
[0.224s] Level 1:colcon.colcon_core.environment:checking '/home/dcy/ENG2025/rosdemo/install/hik_camera/bin'
[0.224s] Level 1:colcon.colcon_core.environment:checking '/home/dcy/ENG2025/rosdemo/install/hik_camera/lib/pkgconfig/hik_camera.pc'
[0.224s] Level 1:colcon.colcon_core.environment:checking '/home/dcy/ENG2025/rosdemo/install/hik_camera/lib/python3.10/site-packages'
[0.224s] Level 1:colcon.colcon_core.environment:checking '/home/dcy/ENG2025/rosdemo/install/hik_camera/bin'
[0.224s] INFO:colcon.colcon_core.shell:Creating package script '/home/dcy/ENG2025/rosdemo/install/hik_camera/share/hik_camera/package.ps1'
[0.224s] INFO:colcon.colcon_core.shell:Creating package descriptor '/home/dcy/ENG2025/rosdemo/install/hik_camera/share/hik_camera/package.dsv'
[0.225s] INFO:colcon.colcon_core.shell:Creating package script '/home/dcy/ENG2025/rosdemo/install/hik_camera/share/hik_camera/package.sh'
[0.225s] INFO:colcon.colcon_core.shell:Creating package script '/home/dcy/ENG2025/rosdemo/install/hik_camera/share/hik_camera/package.bash'
[0.225s] INFO:colcon.colcon_core.shell:Creating package script '/home/dcy/ENG2025/rosdemo/install/hik_camera/share/hik_camera/package.zsh'
[0.225s] Level 1:colcon.colcon_core.environment:create_file_with_runtime_dependencies(/home/dcy/ENG2025/rosdemo/install/hik_camera/share/colcon-core/packages/hik_camera)
[6.025s] DEBUG:colcon.colcon_core.event_handler.log_command:Invoked command in '/home/dcy/ENG2025/rosdemo/build/demo' returned '0': CMAKE_PREFIX_PATH=/opt/ros/humble /usr/local/bin/cmake --build /home/dcy/ENG2025/rosdemo/build/demo -- -j16 -l16
[6.051s] DEBUG:colcon.colcon_core.event_handler.log_command:Invoking command in '/home/dcy/ENG2025/rosdemo/build/demo': CMAKE_PREFIX_PATH=/opt/ros/humble /usr/local/bin/cmake --install /home/dcy/ENG2025/rosdemo/build/demo
[6.060s] Level 1:colcon.colcon_core.environment:create_environment_scripts_only(demo)
[6.061s] Level 1:colcon.colcon_core.environment:checking '/home/dcy/ENG2025/rosdemo/install/demo' for CMake module files
[6.061s] DEBUG:colcon.colcon_core.event_handler.log_command:Invoked command in '/home/dcy/ENG2025/rosdemo/build/demo' returned '0': CMAKE_PREFIX_PATH=/opt/ros/humble /usr/local/bin/cmake --install /home/dcy/ENG2025/rosdemo/build/demo
[6.061s] Level 1:colcon.colcon_core.environment:checking '/home/dcy/ENG2025/rosdemo/install/demo' for CMake config files
[6.061s] Level 1:colcon.colcon_core.shell:create_environment_hook('demo', 'cmake_prefix_path')
[6.061s] INFO:colcon.colcon_core.shell:Creating environment hook '/home/dcy/ENG2025/rosdemo/install/demo/share/demo/hook/cmake_prefix_path.ps1'
[6.062s] INFO:colcon.colcon_core.shell:Creating environment descriptor '/home/dcy/ENG2025/rosdemo/install/demo/share/demo/hook/cmake_prefix_path.dsv'
[6.062s] INFO:colcon.colcon_core.shell:Creating environment hook '/home/dcy/ENG2025/rosdemo/install/demo/share/demo/hook/cmake_prefix_path.sh'
[6.062s] Level 1:colcon.colcon_core.environment:checking '/home/dcy/ENG2025/rosdemo/install/demo/lib'
[6.062s] Level 1:colcon.colcon_core.environment:checking '/home/dcy/ENG2025/rosdemo/install/demo/bin'
[6.062s] Level 1:colcon.colcon_core.environment:checking '/home/dcy/ENG2025/rosdemo/install/demo/lib/pkgconfig/demo.pc'
[6.062s] Level 1:colcon.colcon_core.environment:checking '/home/dcy/ENG2025/rosdemo/install/demo/lib/python3.10/site-packages'
[6.062s] Level 1:colcon.colcon_core.environment:checking '/home/dcy/ENG2025/rosdemo/install/demo/bin'
[6.063s] INFO:colcon.colcon_core.shell:Creating package script '/home/dcy/ENG2025/rosdemo/install/demo/share/demo/package.ps1'
[6.063s] INFO:colcon.colcon_core.shell:Creating package descriptor '/home/dcy/ENG2025/rosdemo/install/demo/share/demo/package.dsv'
[6.063s] INFO:colcon.colcon_core.shell:Creating package script '/home/dcy/ENG2025/rosdemo/install/demo/share/demo/package.sh'
[6.063s] INFO:colcon.colcon_core.shell:Creating package script '/home/dcy/ENG2025/rosdemo/install/demo/share/demo/package.bash'
[6.063s] INFO:colcon.colcon_core.shell:Creating package script '/home/dcy/ENG2025/rosdemo/install/demo/share/demo/package.zsh'
[6.063s] Level 1:colcon.colcon_core.environment:create_file_with_runtime_dependencies(/home/dcy/ENG2025/rosdemo/install/demo/share/colcon-core/packages/demo)
[6.087s] Level 1:colcon.colcon_core.environment:create_environment_scripts_only(demo)
[6.088s] Level 1:colcon.colcon_core.environment:checking '/home/dcy/ENG2025/rosdemo/install/demo' for CMake module files
[6.088s] Level 1:colcon.colcon_core.environment:checking '/home/dcy/ENG2025/rosdemo/install/demo' for CMake config files
[6.088s] Level 1:colcon.colcon_core.shell:create_environment_hook('demo', 'cmake_prefix_path')
[6.088s] INFO:colcon.colcon_core.shell:Creating environment hook '/home/dcy/ENG2025/rosdemo/install/demo/share/demo/hook/cmake_prefix_path.ps1'
[6.088s] INFO:colcon.colcon_core.shell:Creating environment descriptor '/home/dcy/ENG2025/rosdemo/install/demo/share/demo/hook/cmake_prefix_path.dsv'
[6.088s] INFO:colcon.colcon_core.shell:Creating environment hook '/home/dcy/ENG2025/rosdemo/install/demo/share/demo/hook/cmake_prefix_path.sh'
[6.089s] Level 1:colcon.colcon_core.environment:checking '/home/dcy/ENG2025/rosdemo/install/demo/lib'
[6.089s] Level 1:colcon.colcon_core.environment:checking '/home/dcy/ENG2025/rosdemo/install/demo/bin'
[6.089s] Level 1:colcon.colcon_core.environment:checking '/home/dcy/ENG2025/rosdemo/install/demo/lib/pkgconfig/demo.pc'
[6.089s] Level 1:colcon.colcon_core.environment:checking '/home/dcy/ENG2025/rosdemo/install/demo/lib/python3.10/site-packages'
[6.089s] Level 1:colcon.colcon_core.environment:checking '/home/dcy/ENG2025/rosdemo/install/demo/bin'
[6.089s] INFO:colcon.colcon_core.shell:Creating package script '/home/dcy/ENG2025/rosdemo/install/demo/share/demo/package.ps1'
[6.089s] INFO:colcon.colcon_core.shell:Creating package descriptor '/home/dcy/ENG2025/rosdemo/install/demo/share/demo/package.dsv'
[6.090s] INFO:colcon.colcon_core.shell:Creating package script '/home/dcy/ENG2025/rosdemo/install/demo/share/demo/package.sh'
[6.090s] INFO:colcon.colcon_core.shell:Creating package script '/home/dcy/ENG2025/rosdemo/install/demo/share/demo/package.bash'
[6.090s] INFO:colcon.colcon_core.shell:Creating package script '/home/dcy/ENG2025/rosdemo/install/demo/share/demo/package.zsh'
[6.090s] Level 1:colcon.colcon_core.environment:create_file_with_runtime_dependencies(/home/dcy/ENG2025/rosdemo/install/demo/share/colcon-core/packages/demo)
[6.090s] DEBUG:colcon.colcon_parallel_executor.executor.parallel:closing loop
[6.090s] DEBUG:colcon.colcon_parallel_executor.executor.parallel:loop closed
[6.090s] DEBUG:colcon.colcon_parallel_executor.executor.parallel:run_until_complete finished with '0'
[6.090s] DEBUG:colcon.colcon_core.event_reactor:joining thread
[6.094s] INFO:colcon.colcon_core.plugin_system:Skipping extension 'colcon_notification.desktop_notification.terminal_notifier': Not used on non-Darwin systems
[6.094s] INFO:colcon.colcon_core.plugin_system:Skipping extension 'colcon_notification.desktop_notification.win32': Not used on non-Windows systems
[6.094s] INFO:colcon.colcon_notification.desktop_notification:Sending desktop notification using 'notify2'
[6.100s] DEBUG:colcon.colcon_core.event_reactor:joined thread
[6.100s] INFO:colcon.colcon_core.shell:Creating prefix script '/home/dcy/ENG2025/rosdemo/install/local_setup.ps1'
[6.101s] INFO:colcon.colcon_core.shell:Creating prefix util module '/home/dcy/ENG2025/rosdemo/install/_local_setup_util_ps1.py'
[6.102s] INFO:colcon.colcon_core.shell:Creating prefix chain script '/home/dcy/ENG2025/rosdemo/install/setup.ps1'
[6.103s] INFO:colcon.colcon_core.shell:Creating prefix script '/home/dcy/ENG2025/rosdemo/install/local_setup.sh'
[6.103s] INFO:colcon.colcon_core.shell:Creating prefix util module '/home/dcy/ENG2025/rosdemo/install/_local_setup_util_sh.py'
[6.103s] INFO:colcon.colcon_core.shell:Creating prefix chain script '/home/dcy/ENG2025/rosdemo/install/setup.sh'
[6.104s] INFO:colcon.colcon_core.shell:Creating prefix script '/home/dcy/ENG2025/rosdemo/install/local_setup.bash'
[6.104s] INFO:colcon.colcon_core.shell:Creating prefix chain script '/home/dcy/ENG2025/rosdemo/install/setup.bash'
[6.105s] INFO:colcon.colcon_core.shell:Creating prefix script '/home/dcy/ENG2025/rosdemo/install/local_setup.zsh'
[6.105s] INFO:colcon.colcon_core.shell:Creating prefix chain script '/home/dcy/ENG2025/rosdemo/install/setup.zsh'
