[0.083s] DEBUG:colcon:Command line arguments: ['/usr/bin/colcon', 'build']
[0.083s] DEBUG:colcon:Parsed command line arguments: Namespace(log_base=None, log_level=None, verb_name='build', build_base='build', install_base='install', merge_install=False, symlink_install=False, test_result_base=None, continue_on_error=False, executor='parallel', parallel_workers=16, event_handlers=None, ignore_user_meta=False, metas=['./colcon.meta'], base_paths=['.'], packages_ignore=None, packages_ignore_regex=None, paths=None, packages_up_to=None, packages_up_to_regex=None, packages_above=None, packages_above_and_dependencies=None, packages_above_depth=None, packages_select_by_dep=None, packages_skip_by_dep=None, packages_skip_up_to=None, packages_select_build_failed=False, packages_skip_build_finished=False, packages_select_test_failures=False, packages_skip_test_passed=False, packages_select=None, packages_skip=None, packages_select_regex=None, packages_skip_regex=None, packages_start=None, packages_end=None, allow_overriding=[], cmake_args=None, cmake_target=None, cmake_target_skip_unavailable=False, cmake_clean_cache=False, cmake_clean_first=False, cmake_force_configure=False, ament_cmake_args=None, catkin_cmake_args=None, catkin_skip_building_tests=False, verb_parser=<colcon_defaults.argument_parser.defaults.DefaultArgumentsDecorator object at 0x751baba28d00>, verb_extension=<colcon_core.verb.build.BuildVerb object at 0x751baba28700>, main=<bound method BuildVerb.main of <colcon_core.verb.build.BuildVerb object at 0x751baba28700>>)
[0.106s] Level 1:colcon.colcon_core.package_discovery:discover_packages(colcon_meta) check parameters
[0.106s] Level 1:colcon.colcon_core.package_discovery:discover_packages(recursive) check parameters
[0.106s] Level 1:colcon.colcon_core.package_discovery:discover_packages(ignore) check parameters
[0.106s] Level 1:colcon.colcon_core.package_discovery:discover_packages(path) check parameters
[0.106s] Level 1:colcon.colcon_core.package_discovery:discover_packages(colcon_meta) discover
[0.106s] Level 1:colcon.colcon_core.package_discovery:discover_packages(recursive) discover
[0.106s] INFO:colcon.colcon_core.package_discovery:Crawling recursively for packages in '/home/dcy/temp/ros2_ws'
[0.106s] Level 1:colcon.colcon_core.package_identification:_identify(.) by extensions ['ignore', 'ignore_ament_install']
[0.106s] Level 1:colcon.colcon_core.package_identification:_identify(.) by extension 'ignore'
[0.106s] Level 1:colcon.colcon_core.package_identification:_identify(.) by extension 'ignore_ament_install'
[0.106s] Level 1:colcon.colcon_core.package_identification:_identify(.) by extensions ['colcon_pkg']
[0.106s] Level 1:colcon.colcon_core.package_identification:_identify(.) by extension 'colcon_pkg'
[0.106s] Level 1:colcon.colcon_core.package_identification:_identify(.) by extensions ['colcon_meta']
[0.106s] Level 1:colcon.colcon_core.package_identification:_identify(.) by extension 'colcon_meta'
[0.106s] Level 1:colcon.colcon_core.package_identification:_identify(.) by extensions ['ros']
[0.106s] Level 1:colcon.colcon_core.package_identification:_identify(.) by extension 'ros'
[0.114s] Level 1:colcon.colcon_core.package_identification:_identify(.) by extensions ['cmake', 'python']
[0.114s] Level 1:colcon.colcon_core.package_identification:_identify(.) by extension 'cmake'
[0.114s] Level 1:colcon.colcon_core.package_identification:_identify(.) by extension 'python'
[0.114s] Level 1:colcon.colcon_core.package_identification:_identify(.) by extensions ['python_setup_py']
[0.114s] Level 1:colcon.colcon_core.package_identification:_identify(.) by extension 'python_setup_py'
[0.114s] Level 1:colcon.colcon_core.package_identification:_identify(build) by extensions ['ignore', 'ignore_ament_install']
[0.114s] Level 1:colcon.colcon_core.package_identification:_identify(build) by extension 'ignore'
[0.114s] Level 1:colcon.colcon_core.package_identification:_identify(build) ignored
[0.114s] Level 1:colcon.colcon_core.package_identification:_identify(install) by extensions ['ignore', 'ignore_ament_install']
[0.114s] Level 1:colcon.colcon_core.package_identification:_identify(install) by extension 'ignore'
[0.114s] Level 1:colcon.colcon_core.package_identification:_identify(install) ignored
[0.114s] Level 1:colcon.colcon_core.package_identification:_identify(log) by extensions ['ignore', 'ignore_ament_install']
[0.114s] Level 1:colcon.colcon_core.package_identification:_identify(log) by extension 'ignore'
[0.114s] Level 1:colcon.colcon_core.package_identification:_identify(log) ignored
[0.114s] Level 1:colcon.colcon_core.package_identification:_identify(src) by extensions ['ignore', 'ignore_ament_install']
[0.114s] Level 1:colcon.colcon_core.package_identification:_identify(src) by extension 'ignore'
[0.114s] Level 1:colcon.colcon_core.package_identification:_identify(src) by extension 'ignore_ament_install'
[0.114s] Level 1:colcon.colcon_core.package_identification:_identify(src) by extensions ['colcon_pkg']
[0.114s] Level 1:colcon.colcon_core.package_identification:_identify(src) by extension 'colcon_pkg'
[0.114s] Level 1:colcon.colcon_core.package_identification:_identify(src) by extensions ['colcon_meta']
[0.114s] Level 1:colcon.colcon_core.package_identification:_identify(src) by extension 'colcon_meta'
[0.114s] Level 1:colcon.colcon_core.package_identification:_identify(src) by extensions ['ros']
[0.114s] Level 1:colcon.colcon_core.package_identification:_identify(src) by extension 'ros'
[0.114s] Level 1:colcon.colcon_core.package_identification:_identify(src) by extensions ['cmake', 'python']
[0.114s] Level 1:colcon.colcon_core.package_identification:_identify(src) by extension 'cmake'
[0.114s] Level 1:colcon.colcon_core.package_identification:_identify(src) by extension 'python'
[0.114s] Level 1:colcon.colcon_core.package_identification:_identify(src) by extensions ['python_setup_py']
[0.114s] Level 1:colcon.colcon_core.package_identification:_identify(src) by extension 'python_setup_py'
[0.114s] Level 1:colcon.colcon_core.package_identification:_identify(src/realsense-ros) by extensions ['ignore', 'ignore_ament_install']
[0.114s] Level 1:colcon.colcon_core.package_identification:_identify(src/realsense-ros) by extension 'ignore'
[0.114s] Level 1:colcon.colcon_core.package_identification:_identify(src/realsense-ros) by extension 'ignore_ament_install'
[0.114s] Level 1:colcon.colcon_core.package_identification:_identify(src/realsense-ros) by extensions ['colcon_pkg']
[0.114s] Level 1:colcon.colcon_core.package_identification:_identify(src/realsense-ros) by extension 'colcon_pkg'
[0.114s] Level 1:colcon.colcon_core.package_identification:_identify(src/realsense-ros) by extensions ['colcon_meta']
[0.114s] Level 1:colcon.colcon_core.package_identification:_identify(src/realsense-ros) by extension 'colcon_meta'
[0.114s] Level 1:colcon.colcon_core.package_identification:_identify(src/realsense-ros) by extensions ['ros']
[0.114s] Level 1:colcon.colcon_core.package_identification:_identify(src/realsense-ros) by extension 'ros'
[0.114s] Level 1:colcon.colcon_core.package_identification:_identify(src/realsense-ros) by extensions ['cmake', 'python']
[0.114s] Level 1:colcon.colcon_core.package_identification:_identify(src/realsense-ros) by extension 'cmake'
[0.115s] Level 1:colcon.colcon_core.package_identification:_identify(src/realsense-ros) by extension 'python'
[0.115s] Level 1:colcon.colcon_core.package_identification:_identify(src/realsense-ros) by extensions ['python_setup_py']
[0.115s] Level 1:colcon.colcon_core.package_identification:_identify(src/realsense-ros) by extension 'python_setup_py'
[0.115s] Level 1:colcon.colcon_core.package_identification:_identify(src/realsense-ros/realsense2_camera) by extensions ['ignore', 'ignore_ament_install']
[0.115s] Level 1:colcon.colcon_core.package_identification:_identify(src/realsense-ros/realsense2_camera) by extension 'ignore'
[0.115s] Level 1:colcon.colcon_core.package_identification:_identify(src/realsense-ros/realsense2_camera) by extension 'ignore_ament_install'
[0.115s] Level 1:colcon.colcon_core.package_identification:_identify(src/realsense-ros/realsense2_camera) by extensions ['colcon_pkg']
[0.115s] Level 1:colcon.colcon_core.package_identification:_identify(src/realsense-ros/realsense2_camera) by extension 'colcon_pkg'
[0.115s] Level 1:colcon.colcon_core.package_identification:_identify(src/realsense-ros/realsense2_camera) by extensions ['colcon_meta']
[0.115s] Level 1:colcon.colcon_core.package_identification:_identify(src/realsense-ros/realsense2_camera) by extension 'colcon_meta'
[0.115s] Level 1:colcon.colcon_core.package_identification:_identify(src/realsense-ros/realsense2_camera) by extensions ['ros']
[0.115s] Level 1:colcon.colcon_core.package_identification:_identify(src/realsense-ros/realsense2_camera) by extension 'ros'
[0.118s] DEBUG:colcon.colcon_core.package_identification:Package 'src/realsense-ros/realsense2_camera' with type 'ros.ament_cmake' and name 'realsense2_camera'
[0.118s] Level 1:colcon.colcon_core.package_identification:_identify(src/realsense-ros/realsense2_camera_msgs) by extensions ['ignore', 'ignore_ament_install']
[0.118s] Level 1:colcon.colcon_core.package_identification:_identify(src/realsense-ros/realsense2_camera_msgs) by extension 'ignore'
[0.118s] Level 1:colcon.colcon_core.package_identification:_identify(src/realsense-ros/realsense2_camera_msgs) by extension 'ignore_ament_install'
[0.118s] Level 1:colcon.colcon_core.package_identification:_identify(src/realsense-ros/realsense2_camera_msgs) by extensions ['colcon_pkg']
[0.118s] Level 1:colcon.colcon_core.package_identification:_identify(src/realsense-ros/realsense2_camera_msgs) by extension 'colcon_pkg'
[0.118s] Level 1:colcon.colcon_core.package_identification:_identify(src/realsense-ros/realsense2_camera_msgs) by extensions ['colcon_meta']
[0.118s] Level 1:colcon.colcon_core.package_identification:_identify(src/realsense-ros/realsense2_camera_msgs) by extension 'colcon_meta'
[0.118s] Level 1:colcon.colcon_core.package_identification:_identify(src/realsense-ros/realsense2_camera_msgs) by extensions ['ros']
[0.118s] Level 1:colcon.colcon_core.package_identification:_identify(src/realsense-ros/realsense2_camera_msgs) by extension 'ros'
[0.119s] DEBUG:colcon.colcon_core.package_identification:Package 'src/realsense-ros/realsense2_camera_msgs' with type 'ros.ament_cmake' and name 'realsense2_camera_msgs'
[0.119s] Level 1:colcon.colcon_core.package_identification:_identify(src/realsense-ros/realsense2_description) by extensions ['ignore', 'ignore_ament_install']
[0.119s] Level 1:colcon.colcon_core.package_identification:_identify(src/realsense-ros/realsense2_description) by extension 'ignore'
[0.119s] Level 1:colcon.colcon_core.package_identification:_identify(src/realsense-ros/realsense2_description) by extension 'ignore_ament_install'
[0.119s] Level 1:colcon.colcon_core.package_identification:_identify(src/realsense-ros/realsense2_description) by extensions ['colcon_pkg']
[0.119s] Level 1:colcon.colcon_core.package_identification:_identify(src/realsense-ros/realsense2_description) by extension 'colcon_pkg'
[0.119s] Level 1:colcon.colcon_core.package_identification:_identify(src/realsense-ros/realsense2_description) by extensions ['colcon_meta']
[0.119s] Level 1:colcon.colcon_core.package_identification:_identify(src/realsense-ros/realsense2_description) by extension 'colcon_meta'
[0.119s] Level 1:colcon.colcon_core.package_identification:_identify(src/realsense-ros/realsense2_description) by extensions ['ros']
[0.119s] Level 1:colcon.colcon_core.package_identification:_identify(src/realsense-ros/realsense2_description) by extension 'ros'
[0.119s] DEBUG:colcon.colcon_core.package_identification:Package 'src/realsense-ros/realsense2_description' with type 'ros.ament_cmake' and name 'realsense2_description'
[0.119s] Level 1:colcon.colcon_core.package_identification:_identify(src/realsense-ros/scripts) by extensions ['ignore', 'ignore_ament_install']
[0.119s] Level 1:colcon.colcon_core.package_identification:_identify(src/realsense-ros/scripts) by extension 'ignore'
[0.119s] Level 1:colcon.colcon_core.package_identification:_identify(src/realsense-ros/scripts) by extension 'ignore_ament_install'
[0.119s] Level 1:colcon.colcon_core.package_identification:_identify(src/realsense-ros/scripts) by extensions ['colcon_pkg']
[0.119s] Level 1:colcon.colcon_core.package_identification:_identify(src/realsense-ros/scripts) by extension 'colcon_pkg'
[0.119s] Level 1:colcon.colcon_core.package_identification:_identify(src/realsense-ros/scripts) by extensions ['colcon_meta']
[0.119s] Level 1:colcon.colcon_core.package_identification:_identify(src/realsense-ros/scripts) by extension 'colcon_meta'
[0.120s] Level 1:colcon.colcon_core.package_identification:_identify(src/realsense-ros/scripts) by extensions ['ros']
[0.120s] Level 1:colcon.colcon_core.package_identification:_identify(src/realsense-ros/scripts) by extension 'ros'
[0.120s] Level 1:colcon.colcon_core.package_identification:_identify(src/realsense-ros/scripts) by extensions ['cmake', 'python']
[0.120s] Level 1:colcon.colcon_core.package_identification:_identify(src/realsense-ros/scripts) by extension 'cmake'
[0.120s] Level 1:colcon.colcon_core.package_identification:_identify(src/realsense-ros/scripts) by extension 'python'
[0.120s] Level 1:colcon.colcon_core.package_identification:_identify(src/realsense-ros/scripts) by extensions ['python_setup_py']
[0.120s] Level 1:colcon.colcon_core.package_identification:_identify(src/realsense-ros/scripts) by extension 'python_setup_py'
[0.120s] Level 1:colcon.colcon_core.package_discovery:discover_packages(recursive) using defaults
[0.120s] Level 1:colcon.colcon_core.package_discovery:discover_packages(ignore) discover
[0.120s] Level 1:colcon.colcon_core.package_discovery:discover_packages(ignore) using defaults
[0.120s] Level 1:colcon.colcon_core.package_discovery:discover_packages(path) discover
[0.120s] Level 1:colcon.colcon_core.package_discovery:discover_packages(path) using defaults
[0.136s] Level 1:colcon.colcon_core.package_discovery:discover_packages(prefix_path) check parameters
[0.136s] Level 1:colcon.colcon_core.package_discovery:discover_packages(prefix_path) discover
[0.138s] DEBUG:colcon.colcon_installed_package_information.package_discovery:Found 331 installed packages in /opt/ros/humble
[0.139s] Level 1:colcon.colcon_core.package_discovery:discover_packages(prefix_path) using defaults
[0.159s] Level 5:colcon.colcon_core.verb:set package 'realsense2_camera_msgs' build argument 'cmake_args' from command line to 'None'
[0.159s] Level 5:colcon.colcon_core.verb:set package 'realsense2_camera_msgs' build argument 'cmake_target' from command line to 'None'
[0.159s] Level 5:colcon.colcon_core.verb:set package 'realsense2_camera_msgs' build argument 'cmake_target_skip_unavailable' from command line to 'False'
[0.159s] Level 5:colcon.colcon_core.verb:set package 'realsense2_camera_msgs' build argument 'cmake_clean_cache' from command line to 'False'
[0.159s] Level 5:colcon.colcon_core.verb:set package 'realsense2_camera_msgs' build argument 'cmake_clean_first' from command line to 'False'
[0.159s] Level 5:colcon.colcon_core.verb:set package 'realsense2_camera_msgs' build argument 'cmake_force_configure' from command line to 'False'
[0.159s] Level 5:colcon.colcon_core.verb:set package 'realsense2_camera_msgs' build argument 'ament_cmake_args' from command line to 'None'
[0.160s] Level 5:colcon.colcon_core.verb:set package 'realsense2_camera_msgs' build argument 'catkin_cmake_args' from command line to 'None'
[0.160s] Level 5:colcon.colcon_core.verb:set package 'realsense2_camera_msgs' build argument 'catkin_skip_building_tests' from command line to 'False'
[0.160s] DEBUG:colcon.colcon_core.verb:Building package 'realsense2_camera_msgs' with the following arguments: {'ament_cmake_args': None, 'build_base': '/home/dcy/temp/ros2_ws/build/realsense2_camera_msgs', 'catkin_cmake_args': None, 'catkin_skip_building_tests': False, 'cmake_args': None, 'cmake_clean_cache': False, 'cmake_clean_first': False, 'cmake_force_configure': False, 'cmake_target': None, 'cmake_target_skip_unavailable': False, 'install_base': '/home/dcy/temp/ros2_ws/install/realsense2_camera_msgs', 'merge_install': False, 'path': '/home/dcy/temp/ros2_ws/src/realsense-ros/realsense2_camera_msgs', 'symlink_install': False, 'test_result_base': None}
[0.160s] Level 5:colcon.colcon_core.verb:set package 'realsense2_camera' build argument 'cmake_args' from command line to 'None'
[0.160s] Level 5:colcon.colcon_core.verb:set package 'realsense2_camera' build argument 'cmake_target' from command line to 'None'
[0.160s] Level 5:colcon.colcon_core.verb:set package 'realsense2_camera' build argument 'cmake_target_skip_unavailable' from command line to 'False'
[0.160s] Level 5:colcon.colcon_core.verb:set package 'realsense2_camera' build argument 'cmake_clean_cache' from command line to 'False'
[0.160s] Level 5:colcon.colcon_core.verb:set package 'realsense2_camera' build argument 'cmake_clean_first' from command line to 'False'
[0.160s] Level 5:colcon.colcon_core.verb:set package 'realsense2_camera' build argument 'cmake_force_configure' from command line to 'False'
[0.160s] Level 5:colcon.colcon_core.verb:set package 'realsense2_camera' build argument 'ament_cmake_args' from command line to 'None'
[0.160s] Level 5:colcon.colcon_core.verb:set package 'realsense2_camera' build argument 'catkin_cmake_args' from command line to 'None'
[0.160s] Level 5:colcon.colcon_core.verb:set package 'realsense2_camera' build argument 'catkin_skip_building_tests' from command line to 'False'
[0.160s] DEBUG:colcon.colcon_core.verb:Building package 'realsense2_camera' with the following arguments: {'ament_cmake_args': None, 'build_base': '/home/dcy/temp/ros2_ws/build/realsense2_camera', 'catkin_cmake_args': None, 'catkin_skip_building_tests': False, 'cmake_args': None, 'cmake_clean_cache': False, 'cmake_clean_first': False, 'cmake_force_configure': False, 'cmake_target': None, 'cmake_target_skip_unavailable': False, 'install_base': '/home/dcy/temp/ros2_ws/install/realsense2_camera', 'merge_install': False, 'path': '/home/dcy/temp/ros2_ws/src/realsense-ros/realsense2_camera', 'symlink_install': False, 'test_result_base': None}
[0.160s] Level 5:colcon.colcon_core.verb:set package 'realsense2_description' build argument 'cmake_args' from command line to 'None'
[0.160s] Level 5:colcon.colcon_core.verb:set package 'realsense2_description' build argument 'cmake_target' from command line to 'None'
[0.160s] Level 5:colcon.colcon_core.verb:set package 'realsense2_description' build argument 'cmake_target_skip_unavailable' from command line to 'False'
[0.160s] Level 5:colcon.colcon_core.verb:set package 'realsense2_description' build argument 'cmake_clean_cache' from command line to 'False'
[0.160s] Level 5:colcon.colcon_core.verb:set package 'realsense2_description' build argument 'cmake_clean_first' from command line to 'False'
[0.160s] Level 5:colcon.colcon_core.verb:set package 'realsense2_description' build argument 'cmake_force_configure' from command line to 'False'
[0.160s] Level 5:colcon.colcon_core.verb:set package 'realsense2_description' build argument 'ament_cmake_args' from command line to 'None'
[0.160s] Level 5:colcon.colcon_core.verb:set package 'realsense2_description' build argument 'catkin_cmake_args' from command line to 'None'
[0.160s] Level 5:colcon.colcon_core.verb:set package 'realsense2_description' build argument 'catkin_skip_building_tests' from command line to 'False'
[0.160s] DEBUG:colcon.colcon_core.verb:Building package 'realsense2_description' with the following arguments: {'ament_cmake_args': None, 'build_base': '/home/dcy/temp/ros2_ws/build/realsense2_description', 'catkin_cmake_args': None, 'catkin_skip_building_tests': False, 'cmake_args': None, 'cmake_clean_cache': False, 'cmake_clean_first': False, 'cmake_force_configure': False, 'cmake_target': None, 'cmake_target_skip_unavailable': False, 'install_base': '/home/dcy/temp/ros2_ws/install/realsense2_description', 'merge_install': False, 'path': '/home/dcy/temp/ros2_ws/src/realsense-ros/realsense2_description', 'symlink_install': False, 'test_result_base': None}
[0.160s] INFO:colcon.colcon_core.executor:Executing jobs using 'parallel' executor
[0.161s] DEBUG:colcon.colcon_parallel_executor.executor.parallel:run_until_complete
[0.161s] INFO:colcon.colcon_ros.task.ament_cmake.build:Building ROS package in '/home/dcy/temp/ros2_ws/src/realsense-ros/realsense2_camera_msgs' with build type 'ament_cmake'
[0.161s] INFO:colcon.colcon_cmake.task.cmake.build:Building CMake package in '/home/dcy/temp/ros2_ws/src/realsense-ros/realsense2_camera_msgs'
[0.164s] INFO:colcon.colcon_core.plugin_system:Skipping extension 'colcon_core.shell.bat': Not used on non-Windows systems
[0.164s] INFO:colcon.colcon_core.shell:Skip shell extension 'powershell' for command environment: Not usable outside of PowerShell
[0.164s] DEBUG:colcon.colcon_core.shell:Skip shell extension 'dsv' for command environment
[0.171s] DEBUG:colcon.colcon_core.event_handler.log_command:Invoking command in '/home/dcy/temp/ros2_ws/build/realsense2_camera_msgs': CMAKE_PREFIX_PATH=/opt/ros/humble /usr/local/bin/cmake /home/dcy/temp/ros2_ws/src/realsense-ros/realsense2_camera_msgs -DCMAKE_INSTALL_PREFIX=/home/dcy/temp/ros2_ws/install/realsense2_camera_msgs
[1.343s] DEBUG:colcon.colcon_core.event_handler.log_command:Invoked command in '/home/dcy/temp/ros2_ws/build/realsense2_camera_msgs' returned '0': CMAKE_PREFIX_PATH=/opt/ros/humble /usr/local/bin/cmake /home/dcy/temp/ros2_ws/src/realsense-ros/realsense2_camera_msgs -DCMAKE_INSTALL_PREFIX=/home/dcy/temp/ros2_ws/install/realsense2_camera_msgs
[1.345s] DEBUG:colcon.colcon_core.event_handler.log_command:Invoking command in '/home/dcy/temp/ros2_ws/build/realsense2_camera_msgs': CMAKE_PREFIX_PATH=/opt/ros/humble /usr/local/bin/cmake --build /home/dcy/temp/ros2_ws/build/realsense2_camera_msgs -- -j16 -l16
[2.994s] DEBUG:colcon.colcon_core.event_handler.log_command:Invoked command in '/home/dcy/temp/ros2_ws/build/realsense2_camera_msgs' returned '0': CMAKE_PREFIX_PATH=/opt/ros/humble /usr/local/bin/cmake --build /home/dcy/temp/ros2_ws/build/realsense2_camera_msgs -- -j16 -l16
[2.997s] DEBUG:colcon.colcon_core.event_handler.log_command:Invoking command in '/home/dcy/temp/ros2_ws/build/realsense2_camera_msgs': CMAKE_PREFIX_PATH=/opt/ros/humble /usr/local/bin/cmake --install /home/dcy/temp/ros2_ws/build/realsense2_camera_msgs
[3.041s] Level 1:colcon.colcon_core.environment:create_environment_scripts_only(realsense2_camera_msgs)
[3.041s] DEBUG:colcon.colcon_core.event_handler.log_command:Invoked command in '/home/dcy/temp/ros2_ws/build/realsense2_camera_msgs' returned '0': CMAKE_PREFIX_PATH=/opt/ros/humble /usr/local/bin/cmake --install /home/dcy/temp/ros2_ws/build/realsense2_camera_msgs
[3.045s] Level 1:colcon.colcon_core.environment:checking '/home/dcy/temp/ros2_ws/install/realsense2_camera_msgs' for CMake module files
[3.045s] Level 1:colcon.colcon_core.environment:checking '/home/dcy/temp/ros2_ws/install/realsense2_camera_msgs' for CMake config files
[3.045s] Level 1:colcon.colcon_core.shell:create_environment_hook('realsense2_camera_msgs', 'cmake_prefix_path')
[3.046s] INFO:colcon.colcon_core.shell:Creating environment hook '/home/dcy/temp/ros2_ws/install/realsense2_camera_msgs/share/realsense2_camera_msgs/hook/cmake_prefix_path.ps1'
[3.046s] INFO:colcon.colcon_core.shell:Creating environment descriptor '/home/dcy/temp/ros2_ws/install/realsense2_camera_msgs/share/realsense2_camera_msgs/hook/cmake_prefix_path.dsv'
[3.047s] INFO:colcon.colcon_core.shell:Creating environment hook '/home/dcy/temp/ros2_ws/install/realsense2_camera_msgs/share/realsense2_camera_msgs/hook/cmake_prefix_path.sh'
[3.047s] Level 1:colcon.colcon_core.environment:checking '/home/dcy/temp/ros2_ws/install/realsense2_camera_msgs/lib'
[3.047s] Level 1:colcon.colcon_core.shell:create_environment_hook('realsense2_camera_msgs', 'ld_library_path_lib')
[3.047s] INFO:colcon.colcon_core.shell:Creating environment hook '/home/dcy/temp/ros2_ws/install/realsense2_camera_msgs/share/realsense2_camera_msgs/hook/ld_library_path_lib.ps1'
[3.047s] INFO:colcon.colcon_core.shell:Creating environment descriptor '/home/dcy/temp/ros2_ws/install/realsense2_camera_msgs/share/realsense2_camera_msgs/hook/ld_library_path_lib.dsv'
[3.048s] INFO:colcon.colcon_core.shell:Creating environment hook '/home/dcy/temp/ros2_ws/install/realsense2_camera_msgs/share/realsense2_camera_msgs/hook/ld_library_path_lib.sh'
[3.048s] Level 1:colcon.colcon_core.environment:checking '/home/dcy/temp/ros2_ws/install/realsense2_camera_msgs/bin'
[3.048s] Level 1:colcon.colcon_core.environment:checking '/home/dcy/temp/ros2_ws/install/realsense2_camera_msgs/lib/pkgconfig/realsense2_camera_msgs.pc'
[3.048s] Level 1:colcon.colcon_core.environment:checking '/home/dcy/temp/ros2_ws/install/realsense2_camera_msgs/lib/python3.10/site-packages'
[3.048s] Level 1:colcon.colcon_core.environment:checking '/home/dcy/temp/ros2_ws/install/realsense2_camera_msgs/bin'
[3.048s] INFO:colcon.colcon_core.shell:Creating package script '/home/dcy/temp/ros2_ws/install/realsense2_camera_msgs/share/realsense2_camera_msgs/package.ps1'
[3.049s] INFO:colcon.colcon_core.shell:Creating package descriptor '/home/dcy/temp/ros2_ws/install/realsense2_camera_msgs/share/realsense2_camera_msgs/package.dsv'
[3.049s] INFO:colcon.colcon_core.shell:Creating package script '/home/dcy/temp/ros2_ws/install/realsense2_camera_msgs/share/realsense2_camera_msgs/package.sh'
[3.049s] INFO:colcon.colcon_core.shell:Creating package script '/home/dcy/temp/ros2_ws/install/realsense2_camera_msgs/share/realsense2_camera_msgs/package.bash'
[3.050s] INFO:colcon.colcon_core.shell:Creating package script '/home/dcy/temp/ros2_ws/install/realsense2_camera_msgs/share/realsense2_camera_msgs/package.zsh'
[3.050s] Level 1:colcon.colcon_core.environment:create_file_with_runtime_dependencies(/home/dcy/temp/ros2_ws/install/realsense2_camera_msgs/share/colcon-core/packages/realsense2_camera_msgs)
[3.051s] Level 1:colcon.colcon_core.environment:create_environment_scripts_only(realsense2_camera_msgs)
[3.051s] Level 1:colcon.colcon_core.environment:checking '/home/dcy/temp/ros2_ws/install/realsense2_camera_msgs' for CMake module files
[3.051s] Level 1:colcon.colcon_core.environment:checking '/home/dcy/temp/ros2_ws/install/realsense2_camera_msgs' for CMake config files
[3.051s] Level 1:colcon.colcon_core.shell:create_environment_hook('realsense2_camera_msgs', 'cmake_prefix_path')
[3.052s] INFO:colcon.colcon_core.shell:Creating environment hook '/home/dcy/temp/ros2_ws/install/realsense2_camera_msgs/share/realsense2_camera_msgs/hook/cmake_prefix_path.ps1'
[3.052s] INFO:colcon.colcon_core.shell:Creating environment descriptor '/home/dcy/temp/ros2_ws/install/realsense2_camera_msgs/share/realsense2_camera_msgs/hook/cmake_prefix_path.dsv'
[3.052s] INFO:colcon.colcon_core.shell:Creating environment hook '/home/dcy/temp/ros2_ws/install/realsense2_camera_msgs/share/realsense2_camera_msgs/hook/cmake_prefix_path.sh'
[3.052s] Level 1:colcon.colcon_core.environment:checking '/home/dcy/temp/ros2_ws/install/realsense2_camera_msgs/lib'
[3.052s] Level 1:colcon.colcon_core.shell:create_environment_hook('realsense2_camera_msgs', 'ld_library_path_lib')
[3.052s] INFO:colcon.colcon_core.shell:Creating environment hook '/home/dcy/temp/ros2_ws/install/realsense2_camera_msgs/share/realsense2_camera_msgs/hook/ld_library_path_lib.ps1'
[3.053s] INFO:colcon.colcon_core.shell:Creating environment descriptor '/home/dcy/temp/ros2_ws/install/realsense2_camera_msgs/share/realsense2_camera_msgs/hook/ld_library_path_lib.dsv'
[3.053s] INFO:colcon.colcon_core.shell:Creating environment hook '/home/dcy/temp/ros2_ws/install/realsense2_camera_msgs/share/realsense2_camera_msgs/hook/ld_library_path_lib.sh'
[3.053s] Level 1:colcon.colcon_core.environment:checking '/home/dcy/temp/ros2_ws/install/realsense2_camera_msgs/bin'
[3.053s] Level 1:colcon.colcon_core.environment:checking '/home/dcy/temp/ros2_ws/install/realsense2_camera_msgs/lib/pkgconfig/realsense2_camera_msgs.pc'
[3.053s] Level 1:colcon.colcon_core.environment:checking '/home/dcy/temp/ros2_ws/install/realsense2_camera_msgs/lib/python3.10/site-packages'
[3.053s] Level 1:colcon.colcon_core.environment:checking '/home/dcy/temp/ros2_ws/install/realsense2_camera_msgs/bin'
[3.053s] INFO:colcon.colcon_core.shell:Creating package script '/home/dcy/temp/ros2_ws/install/realsense2_camera_msgs/share/realsense2_camera_msgs/package.ps1'
[3.054s] INFO:colcon.colcon_core.shell:Creating package descriptor '/home/dcy/temp/ros2_ws/install/realsense2_camera_msgs/share/realsense2_camera_msgs/package.dsv'
[3.054s] INFO:colcon.colcon_core.shell:Creating package script '/home/dcy/temp/ros2_ws/install/realsense2_camera_msgs/share/realsense2_camera_msgs/package.sh'
[3.054s] INFO:colcon.colcon_core.shell:Creating package script '/home/dcy/temp/ros2_ws/install/realsense2_camera_msgs/share/realsense2_camera_msgs/package.bash'
[3.054s] INFO:colcon.colcon_core.shell:Creating package script '/home/dcy/temp/ros2_ws/install/realsense2_camera_msgs/share/realsense2_camera_msgs/package.zsh'
[3.054s] Level 1:colcon.colcon_core.environment:create_file_with_runtime_dependencies(/home/dcy/temp/ros2_ws/install/realsense2_camera_msgs/share/colcon-core/packages/realsense2_camera_msgs)
[3.055s] INFO:colcon.colcon_ros.task.ament_cmake.build:Building ROS package in '/home/dcy/temp/ros2_ws/src/realsense-ros/realsense2_camera' with build type 'ament_cmake'
[3.055s] INFO:colcon.colcon_cmake.task.cmake.build:Building CMake package in '/home/dcy/temp/ros2_ws/src/realsense-ros/realsense2_camera'
[3.055s] INFO:colcon.colcon_core.shell:Skip shell extension 'powershell' for command environment: Not usable outside of PowerShell
[3.055s] DEBUG:colcon.colcon_core.shell:Skip shell extension 'dsv' for command environment
[3.057s] INFO:colcon.colcon_ros.task.ament_cmake.build:Building ROS package in '/home/dcy/temp/ros2_ws/src/realsense-ros/realsense2_description' with build type 'ament_cmake'
[3.057s] INFO:colcon.colcon_cmake.task.cmake.build:Building CMake package in '/home/dcy/temp/ros2_ws/src/realsense-ros/realsense2_description'
[3.057s] INFO:colcon.colcon_core.shell:Skip shell extension 'powershell' for command environment: Not usable outside of PowerShell
[3.057s] DEBUG:colcon.colcon_core.shell:Skip shell extension 'dsv' for command environment
[3.063s] DEBUG:colcon.colcon_core.event_handler.log_command:Invoking command in '/home/dcy/temp/ros2_ws/build/realsense2_camera': AMENT_PREFIX_PATH=/home/dcy/temp/ros2_ws/install/realsense2_camera_msgs:${AMENT_PREFIX_PATH} CMAKE_PREFIX_PATH=/home/dcy/temp/ros2_ws/install/realsense2_camera_msgs:/opt/ros/humble LD_LIBRARY_PATH=/home/dcy/temp/ros2_ws/install/realsense2_camera_msgs/lib:${LD_LIBRARY_PATH} PYTHONPATH=/home/dcy/temp/ros2_ws/install/realsense2_camera_msgs/local/lib/python3.10/dist-packages:${PYTHONPATH} /usr/local/bin/cmake /home/dcy/temp/ros2_ws/src/realsense-ros/realsense2_camera -DCMAKE_INSTALL_PREFIX=/home/dcy/temp/ros2_ws/install/realsense2_camera
[3.064s] DEBUG:colcon.colcon_core.event_handler.log_command:Invoking command in '/home/dcy/temp/ros2_ws/build/realsense2_description': AMENT_PREFIX_PATH=/home/dcy/temp/ros2_ws/install/realsense2_camera_msgs:${AMENT_PREFIX_PATH} CMAKE_PREFIX_PATH=/home/dcy/temp/ros2_ws/install/realsense2_camera_msgs:/opt/ros/humble LD_LIBRARY_PATH=/home/dcy/temp/ros2_ws/install/realsense2_camera_msgs/lib:${LD_LIBRARY_PATH} PYTHONPATH=/home/dcy/temp/ros2_ws/install/realsense2_camera_msgs/local/lib/python3.10/dist-packages:${PYTHONPATH} /usr/local/bin/cmake /home/dcy/temp/ros2_ws/src/realsense-ros/realsense2_description -DCMAKE_INSTALL_PREFIX=/home/dcy/temp/ros2_ws/install/realsense2_description
[3.531s] DEBUG:colcon.colcon_core.event_handler.log_command:Invoked command in '/home/dcy/temp/ros2_ws/build/realsense2_description' returned '0': AMENT_PREFIX_PATH=/home/dcy/temp/ros2_ws/install/realsense2_camera_msgs:${AMENT_PREFIX_PATH} CMAKE_PREFIX_PATH=/home/dcy/temp/ros2_ws/install/realsense2_camera_msgs:/opt/ros/humble LD_LIBRARY_PATH=/home/dcy/temp/ros2_ws/install/realsense2_camera_msgs/lib:${LD_LIBRARY_PATH} PYTHONPATH=/home/dcy/temp/ros2_ws/install/realsense2_camera_msgs/local/lib/python3.10/dist-packages:${PYTHONPATH} /usr/local/bin/cmake /home/dcy/temp/ros2_ws/src/realsense-ros/realsense2_description -DCMAKE_INSTALL_PREFIX=/home/dcy/temp/ros2_ws/install/realsense2_description
[3.531s] DEBUG:colcon.colcon_core.event_handler.log_command:Invoking command in '/home/dcy/temp/ros2_ws/build/realsense2_description': AMENT_PREFIX_PATH=/home/dcy/temp/ros2_ws/install/realsense2_camera_msgs:${AMENT_PREFIX_PATH} CMAKE_PREFIX_PATH=/home/dcy/temp/ros2_ws/install/realsense2_camera_msgs:/opt/ros/humble LD_LIBRARY_PATH=/home/dcy/temp/ros2_ws/install/realsense2_camera_msgs/lib:${LD_LIBRARY_PATH} PYTHONPATH=/home/dcy/temp/ros2_ws/install/realsense2_camera_msgs/local/lib/python3.10/dist-packages:${PYTHONPATH} /usr/local/bin/cmake --build /home/dcy/temp/ros2_ws/build/realsense2_description -- -j16 -l16
[3.543s] DEBUG:colcon.colcon_core.event_handler.log_command:Invoked command in '/home/dcy/temp/ros2_ws/build/realsense2_description' returned '0': AMENT_PREFIX_PATH=/home/dcy/temp/ros2_ws/install/realsense2_camera_msgs:${AMENT_PREFIX_PATH} CMAKE_PREFIX_PATH=/home/dcy/temp/ros2_ws/install/realsense2_camera_msgs:/opt/ros/humble LD_LIBRARY_PATH=/home/dcy/temp/ros2_ws/install/realsense2_camera_msgs/lib:${LD_LIBRARY_PATH} PYTHONPATH=/home/dcy/temp/ros2_ws/install/realsense2_camera_msgs/local/lib/python3.10/dist-packages:${PYTHONPATH} /usr/local/bin/cmake --build /home/dcy/temp/ros2_ws/build/realsense2_description -- -j16 -l16
[3.544s] DEBUG:colcon.colcon_core.event_handler.log_command:Invoking command in '/home/dcy/temp/ros2_ws/build/realsense2_description': AMENT_PREFIX_PATH=/home/dcy/temp/ros2_ws/install/realsense2_camera_msgs:${AMENT_PREFIX_PATH} CMAKE_PREFIX_PATH=/home/dcy/temp/ros2_ws/install/realsense2_camera_msgs:/opt/ros/humble LD_LIBRARY_PATH=/home/dcy/temp/ros2_ws/install/realsense2_camera_msgs/lib:${LD_LIBRARY_PATH} PYTHONPATH=/home/dcy/temp/ros2_ws/install/realsense2_camera_msgs/local/lib/python3.10/dist-packages:${PYTHONPATH} /usr/local/bin/cmake --install /home/dcy/temp/ros2_ws/build/realsense2_description
[3.602s] Level 1:colcon.colcon_core.environment:create_environment_scripts_only(realsense2_description)
[3.602s] Level 1:colcon.colcon_core.environment:checking '/home/dcy/temp/ros2_ws/install/realsense2_description' for CMake module files
[3.602s] DEBUG:colcon.colcon_core.event_handler.log_command:Invoked command in '/home/dcy/temp/ros2_ws/build/realsense2_description' returned '0': AMENT_PREFIX_PATH=/home/dcy/temp/ros2_ws/install/realsense2_camera_msgs:${AMENT_PREFIX_PATH} CMAKE_PREFIX_PATH=/home/dcy/temp/ros2_ws/install/realsense2_camera_msgs:/opt/ros/humble LD_LIBRARY_PATH=/home/dcy/temp/ros2_ws/install/realsense2_camera_msgs/lib:${LD_LIBRARY_PATH} PYTHONPATH=/home/dcy/temp/ros2_ws/install/realsense2_camera_msgs/local/lib/python3.10/dist-packages:${PYTHONPATH} /usr/local/bin/cmake --install /home/dcy/temp/ros2_ws/build/realsense2_description
[3.603s] Level 1:colcon.colcon_core.environment:checking '/home/dcy/temp/ros2_ws/install/realsense2_description' for CMake config files
[3.603s] Level 1:colcon.colcon_core.shell:create_environment_hook('realsense2_description', 'cmake_prefix_path')
[3.603s] INFO:colcon.colcon_core.shell:Creating environment hook '/home/dcy/temp/ros2_ws/install/realsense2_description/share/realsense2_description/hook/cmake_prefix_path.ps1'
[3.603s] INFO:colcon.colcon_core.shell:Creating environment descriptor '/home/dcy/temp/ros2_ws/install/realsense2_description/share/realsense2_description/hook/cmake_prefix_path.dsv'
[3.603s] INFO:colcon.colcon_core.shell:Creating environment hook '/home/dcy/temp/ros2_ws/install/realsense2_description/share/realsense2_description/hook/cmake_prefix_path.sh'
[3.604s] Level 1:colcon.colcon_core.environment:checking '/home/dcy/temp/ros2_ws/install/realsense2_description/bin'
[3.604s] Level 1:colcon.colcon_core.environment:checking '/home/dcy/temp/ros2_ws/install/realsense2_description/lib/pkgconfig/realsense2_description.pc'
[3.604s] Level 1:colcon.colcon_core.environment:checking '/home/dcy/temp/ros2_ws/install/realsense2_description/lib/python3.10/site-packages'
[3.604s] Level 1:colcon.colcon_core.environment:checking '/home/dcy/temp/ros2_ws/install/realsense2_description/bin'
[3.604s] INFO:colcon.colcon_core.shell:Creating package script '/home/dcy/temp/ros2_ws/install/realsense2_description/share/realsense2_description/package.ps1'
[3.604s] INFO:colcon.colcon_core.shell:Creating package descriptor '/home/dcy/temp/ros2_ws/install/realsense2_description/share/realsense2_description/package.dsv'
[3.604s] INFO:colcon.colcon_core.shell:Creating package script '/home/dcy/temp/ros2_ws/install/realsense2_description/share/realsense2_description/package.sh'
[3.605s] INFO:colcon.colcon_core.shell:Creating package script '/home/dcy/temp/ros2_ws/install/realsense2_description/share/realsense2_description/package.bash'
[3.605s] INFO:colcon.colcon_core.shell:Creating package script '/home/dcy/temp/ros2_ws/install/realsense2_description/share/realsense2_description/package.zsh'
[3.605s] Level 1:colcon.colcon_core.environment:create_file_with_runtime_dependencies(/home/dcy/temp/ros2_ws/install/realsense2_description/share/colcon-core/packages/realsense2_description)
[3.605s] Level 1:colcon.colcon_core.environment:create_environment_scripts_only(realsense2_description)
[3.605s] Level 1:colcon.colcon_core.environment:checking '/home/dcy/temp/ros2_ws/install/realsense2_description' for CMake module files
[3.606s] Level 1:colcon.colcon_core.environment:checking '/home/dcy/temp/ros2_ws/install/realsense2_description' for CMake config files
[3.606s] Level 1:colcon.colcon_core.shell:create_environment_hook('realsense2_description', 'cmake_prefix_path')
[3.606s] INFO:colcon.colcon_core.shell:Creating environment hook '/home/dcy/temp/ros2_ws/install/realsense2_description/share/realsense2_description/hook/cmake_prefix_path.ps1'
[3.606s] INFO:colcon.colcon_core.shell:Creating environment descriptor '/home/dcy/temp/ros2_ws/install/realsense2_description/share/realsense2_description/hook/cmake_prefix_path.dsv'
[3.606s] INFO:colcon.colcon_core.shell:Creating environment hook '/home/dcy/temp/ros2_ws/install/realsense2_description/share/realsense2_description/hook/cmake_prefix_path.sh'
[3.606s] Level 1:colcon.colcon_core.environment:checking '/home/dcy/temp/ros2_ws/install/realsense2_description/bin'
[3.606s] Level 1:colcon.colcon_core.environment:checking '/home/dcy/temp/ros2_ws/install/realsense2_description/lib/pkgconfig/realsense2_description.pc'
[3.607s] Level 1:colcon.colcon_core.environment:checking '/home/dcy/temp/ros2_ws/install/realsense2_description/lib/python3.10/site-packages'
[3.607s] Level 1:colcon.colcon_core.environment:checking '/home/dcy/temp/ros2_ws/install/realsense2_description/bin'
[3.607s] INFO:colcon.colcon_core.shell:Creating package script '/home/dcy/temp/ros2_ws/install/realsense2_description/share/realsense2_description/package.ps1'
[3.607s] INFO:colcon.colcon_core.shell:Creating package descriptor '/home/dcy/temp/ros2_ws/install/realsense2_description/share/realsense2_description/package.dsv'
[3.607s] INFO:colcon.colcon_core.shell:Creating package script '/home/dcy/temp/ros2_ws/install/realsense2_description/share/realsense2_description/package.sh'
[3.607s] INFO:colcon.colcon_core.shell:Creating package script '/home/dcy/temp/ros2_ws/install/realsense2_description/share/realsense2_description/package.bash'
[3.608s] INFO:colcon.colcon_core.shell:Creating package script '/home/dcy/temp/ros2_ws/install/realsense2_description/share/realsense2_description/package.zsh'
[3.608s] Level 1:colcon.colcon_core.environment:create_file_with_runtime_dependencies(/home/dcy/temp/ros2_ws/install/realsense2_description/share/colcon-core/packages/realsense2_description)
[5.788s] DEBUG:colcon.colcon_core.event_handler.log_command:Invoked command in '/home/dcy/temp/ros2_ws/build/realsense2_camera' returned '0': AMENT_PREFIX_PATH=/home/dcy/temp/ros2_ws/install/realsense2_camera_msgs:${AMENT_PREFIX_PATH} CMAKE_PREFIX_PATH=/home/dcy/temp/ros2_ws/install/realsense2_camera_msgs:/opt/ros/humble LD_LIBRARY_PATH=/home/dcy/temp/ros2_ws/install/realsense2_camera_msgs/lib:${LD_LIBRARY_PATH} PYTHONPATH=/home/dcy/temp/ros2_ws/install/realsense2_camera_msgs/local/lib/python3.10/dist-packages:${PYTHONPATH} /usr/local/bin/cmake /home/dcy/temp/ros2_ws/src/realsense-ros/realsense2_camera -DCMAKE_INSTALL_PREFIX=/home/dcy/temp/ros2_ws/install/realsense2_camera
[5.789s] DEBUG:colcon.colcon_core.event_handler.log_command:Invoking command in '/home/dcy/temp/ros2_ws/build/realsense2_camera': AMENT_PREFIX_PATH=/home/dcy/temp/ros2_ws/install/realsense2_camera_msgs:${AMENT_PREFIX_PATH} CMAKE_PREFIX_PATH=/home/dcy/temp/ros2_ws/install/realsense2_camera_msgs:/opt/ros/humble LD_LIBRARY_PATH=/home/dcy/temp/ros2_ws/install/realsense2_camera_msgs/lib:${LD_LIBRARY_PATH} PYTHONPATH=/home/dcy/temp/ros2_ws/install/realsense2_camera_msgs/local/lib/python3.10/dist-packages:${PYTHONPATH} /usr/local/bin/cmake --build /home/dcy/temp/ros2_ws/build/realsense2_camera -- -j16 -l16
[16.488s] DEBUG:colcon.colcon_core.event_handler.log_command:Invoked command in '/home/dcy/temp/ros2_ws/build/realsense2_camera' returned '0': AMENT_PREFIX_PATH=/home/dcy/temp/ros2_ws/install/realsense2_camera_msgs:${AMENT_PREFIX_PATH} CMAKE_PREFIX_PATH=/home/dcy/temp/ros2_ws/install/realsense2_camera_msgs:/opt/ros/humble LD_LIBRARY_PATH=/home/dcy/temp/ros2_ws/install/realsense2_camera_msgs/lib:${LD_LIBRARY_PATH} PYTHONPATH=/home/dcy/temp/ros2_ws/install/realsense2_camera_msgs/local/lib/python3.10/dist-packages:${PYTHONPATH} /usr/local/bin/cmake --build /home/dcy/temp/ros2_ws/build/realsense2_camera -- -j16 -l16
[16.489s] DEBUG:colcon.colcon_core.event_handler.log_command:Invoking command in '/home/dcy/temp/ros2_ws/build/realsense2_camera': AMENT_PREFIX_PATH=/home/dcy/temp/ros2_ws/install/realsense2_camera_msgs:${AMENT_PREFIX_PATH} CMAKE_PREFIX_PATH=/home/dcy/temp/ros2_ws/install/realsense2_camera_msgs:/opt/ros/humble LD_LIBRARY_PATH=/home/dcy/temp/ros2_ws/install/realsense2_camera_msgs/lib:${LD_LIBRARY_PATH} PYTHONPATH=/home/dcy/temp/ros2_ws/install/realsense2_camera_msgs/local/lib/python3.10/dist-packages:${PYTHONPATH} /usr/local/bin/cmake --install /home/dcy/temp/ros2_ws/build/realsense2_camera
[16.498s] Level 1:colcon.colcon_core.environment:create_environment_scripts_only(realsense2_camera)
[16.499s] Level 1:colcon.colcon_core.environment:checking '/home/dcy/temp/ros2_ws/install/realsense2_camera' for CMake module files
[16.499s] DEBUG:colcon.colcon_core.event_handler.log_command:Invoked command in '/home/dcy/temp/ros2_ws/build/realsense2_camera' returned '0': AMENT_PREFIX_PATH=/home/dcy/temp/ros2_ws/install/realsense2_camera_msgs:${AMENT_PREFIX_PATH} CMAKE_PREFIX_PATH=/home/dcy/temp/ros2_ws/install/realsense2_camera_msgs:/opt/ros/humble LD_LIBRARY_PATH=/home/dcy/temp/ros2_ws/install/realsense2_camera_msgs/lib:${LD_LIBRARY_PATH} PYTHONPATH=/home/dcy/temp/ros2_ws/install/realsense2_camera_msgs/local/lib/python3.10/dist-packages:${PYTHONPATH} /usr/local/bin/cmake --install /home/dcy/temp/ros2_ws/build/realsense2_camera
[16.499s] Level 1:colcon.colcon_core.environment:checking '/home/dcy/temp/ros2_ws/install/realsense2_camera' for CMake config files
[16.499s] Level 1:colcon.colcon_core.shell:create_environment_hook('realsense2_camera', 'cmake_prefix_path')
[16.499s] INFO:colcon.colcon_core.shell:Creating environment hook '/home/dcy/temp/ros2_ws/install/realsense2_camera/share/realsense2_camera/hook/cmake_prefix_path.ps1'
[16.500s] INFO:colcon.colcon_core.shell:Creating environment descriptor '/home/dcy/temp/ros2_ws/install/realsense2_camera/share/realsense2_camera/hook/cmake_prefix_path.dsv'
[16.500s] INFO:colcon.colcon_core.shell:Creating environment hook '/home/dcy/temp/ros2_ws/install/realsense2_camera/share/realsense2_camera/hook/cmake_prefix_path.sh'
[16.500s] Level 1:colcon.colcon_core.environment:checking '/home/dcy/temp/ros2_ws/install/realsense2_camera/lib'
[16.500s] Level 1:colcon.colcon_core.shell:create_environment_hook('realsense2_camera', 'ld_library_path_lib')
[16.500s] INFO:colcon.colcon_core.shell:Creating environment hook '/home/dcy/temp/ros2_ws/install/realsense2_camera/share/realsense2_camera/hook/ld_library_path_lib.ps1'
[16.500s] INFO:colcon.colcon_core.shell:Creating environment descriptor '/home/dcy/temp/ros2_ws/install/realsense2_camera/share/realsense2_camera/hook/ld_library_path_lib.dsv'
[16.500s] INFO:colcon.colcon_core.shell:Creating environment hook '/home/dcy/temp/ros2_ws/install/realsense2_camera/share/realsense2_camera/hook/ld_library_path_lib.sh'
[16.501s] Level 1:colcon.colcon_core.environment:checking '/home/dcy/temp/ros2_ws/install/realsense2_camera/bin'
[16.501s] Level 1:colcon.colcon_core.environment:checking '/home/dcy/temp/ros2_ws/install/realsense2_camera/lib/pkgconfig/realsense2_camera.pc'
[16.501s] Level 1:colcon.colcon_core.environment:checking '/home/dcy/temp/ros2_ws/install/realsense2_camera/lib/python3.10/site-packages'
[16.501s] Level 1:colcon.colcon_core.environment:checking '/home/dcy/temp/ros2_ws/install/realsense2_camera/bin'
[16.501s] INFO:colcon.colcon_core.shell:Creating package script '/home/dcy/temp/ros2_ws/install/realsense2_camera/share/realsense2_camera/package.ps1'
[16.501s] INFO:colcon.colcon_core.shell:Creating package descriptor '/home/dcy/temp/ros2_ws/install/realsense2_camera/share/realsense2_camera/package.dsv'
[16.501s] INFO:colcon.colcon_core.shell:Creating package script '/home/dcy/temp/ros2_ws/install/realsense2_camera/share/realsense2_camera/package.sh'
[16.502s] INFO:colcon.colcon_core.shell:Creating package script '/home/dcy/temp/ros2_ws/install/realsense2_camera/share/realsense2_camera/package.bash'
[16.502s] INFO:colcon.colcon_core.shell:Creating package script '/home/dcy/temp/ros2_ws/install/realsense2_camera/share/realsense2_camera/package.zsh'
[16.502s] Level 1:colcon.colcon_core.environment:create_file_with_runtime_dependencies(/home/dcy/temp/ros2_ws/install/realsense2_camera/share/colcon-core/packages/realsense2_camera)
[16.502s] Level 1:colcon.colcon_core.environment:create_environment_scripts_only(realsense2_camera)
[16.502s] Level 1:colcon.colcon_core.environment:checking '/home/dcy/temp/ros2_ws/install/realsense2_camera' for CMake module files
[16.503s] Level 1:colcon.colcon_core.environment:checking '/home/dcy/temp/ros2_ws/install/realsense2_camera' for CMake config files
[16.503s] Level 1:colcon.colcon_core.shell:create_environment_hook('realsense2_camera', 'cmake_prefix_path')
[16.503s] INFO:colcon.colcon_core.shell:Creating environment hook '/home/dcy/temp/ros2_ws/install/realsense2_camera/share/realsense2_camera/hook/cmake_prefix_path.ps1'
[16.503s] INFO:colcon.colcon_core.shell:Creating environment descriptor '/home/dcy/temp/ros2_ws/install/realsense2_camera/share/realsense2_camera/hook/cmake_prefix_path.dsv'
[16.503s] INFO:colcon.colcon_core.shell:Creating environment hook '/home/dcy/temp/ros2_ws/install/realsense2_camera/share/realsense2_camera/hook/cmake_prefix_path.sh'
[16.503s] Level 1:colcon.colcon_core.environment:checking '/home/dcy/temp/ros2_ws/install/realsense2_camera/lib'
[16.504s] Level 1:colcon.colcon_core.shell:create_environment_hook('realsense2_camera', 'ld_library_path_lib')
[16.504s] INFO:colcon.colcon_core.shell:Creating environment hook '/home/dcy/temp/ros2_ws/install/realsense2_camera/share/realsense2_camera/hook/ld_library_path_lib.ps1'
[16.504s] INFO:colcon.colcon_core.shell:Creating environment descriptor '/home/dcy/temp/ros2_ws/install/realsense2_camera/share/realsense2_camera/hook/ld_library_path_lib.dsv'
[16.504s] INFO:colcon.colcon_core.shell:Creating environment hook '/home/dcy/temp/ros2_ws/install/realsense2_camera/share/realsense2_camera/hook/ld_library_path_lib.sh'
[16.504s] Level 1:colcon.colcon_core.environment:checking '/home/dcy/temp/ros2_ws/install/realsense2_camera/bin'
[16.504s] Level 1:colcon.colcon_core.environment:checking '/home/dcy/temp/ros2_ws/install/realsense2_camera/lib/pkgconfig/realsense2_camera.pc'
[16.504s] Level 1:colcon.colcon_core.environment:checking '/home/dcy/temp/ros2_ws/install/realsense2_camera/lib/python3.10/site-packages'
[16.504s] Level 1:colcon.colcon_core.environment:checking '/home/dcy/temp/ros2_ws/install/realsense2_camera/bin'
[16.505s] INFO:colcon.colcon_core.shell:Creating package script '/home/dcy/temp/ros2_ws/install/realsense2_camera/share/realsense2_camera/package.ps1'
[16.505s] INFO:colcon.colcon_core.shell:Creating package descriptor '/home/dcy/temp/ros2_ws/install/realsense2_camera/share/realsense2_camera/package.dsv'
[16.505s] INFO:colcon.colcon_core.shell:Creating package script '/home/dcy/temp/ros2_ws/install/realsense2_camera/share/realsense2_camera/package.sh'
[16.505s] INFO:colcon.colcon_core.shell:Creating package script '/home/dcy/temp/ros2_ws/install/realsense2_camera/share/realsense2_camera/package.bash'
[16.505s] INFO:colcon.colcon_core.shell:Creating package script '/home/dcy/temp/ros2_ws/install/realsense2_camera/share/realsense2_camera/package.zsh'
[16.506s] Level 1:colcon.colcon_core.environment:create_file_with_runtime_dependencies(/home/dcy/temp/ros2_ws/install/realsense2_camera/share/colcon-core/packages/realsense2_camera)
[16.506s] DEBUG:colcon.colcon_parallel_executor.executor.parallel:closing loop
[16.506s] DEBUG:colcon.colcon_parallel_executor.executor.parallel:loop closed
[16.506s] DEBUG:colcon.colcon_parallel_executor.executor.parallel:run_until_complete finished with '0'
[16.506s] DEBUG:colcon.colcon_core.event_reactor:joining thread
[16.510s] INFO:colcon.colcon_core.plugin_system:Skipping extension 'colcon_notification.desktop_notification.terminal_notifier': Not used on non-Darwin systems
[16.510s] INFO:colcon.colcon_core.plugin_system:Skipping extension 'colcon_notification.desktop_notification.win32': Not used on non-Windows systems
[16.510s] INFO:colcon.colcon_notification.desktop_notification:Sending desktop notification using 'notify2'
[16.517s] DEBUG:colcon.colcon_core.event_reactor:joined thread
[16.517s] INFO:colcon.colcon_core.shell:Creating prefix script '/home/dcy/temp/ros2_ws/install/local_setup.ps1'
[16.518s] INFO:colcon.colcon_core.shell:Creating prefix util module '/home/dcy/temp/ros2_ws/install/_local_setup_util_ps1.py'
[16.519s] INFO:colcon.colcon_core.shell:Creating prefix chain script '/home/dcy/temp/ros2_ws/install/setup.ps1'
[16.520s] INFO:colcon.colcon_core.shell:Creating prefix script '/home/dcy/temp/ros2_ws/install/local_setup.sh'
[16.520s] INFO:colcon.colcon_core.shell:Creating prefix util module '/home/dcy/temp/ros2_ws/install/_local_setup_util_sh.py'
[16.520s] INFO:colcon.colcon_core.shell:Creating prefix chain script '/home/dcy/temp/ros2_ws/install/setup.sh'
[16.521s] INFO:colcon.colcon_core.shell:Creating prefix script '/home/dcy/temp/ros2_ws/install/local_setup.bash'
[16.521s] INFO:colcon.colcon_core.shell:Creating prefix chain script '/home/dcy/temp/ros2_ws/install/setup.bash'
[16.522s] INFO:colcon.colcon_core.shell:Creating prefix script '/home/dcy/temp/ros2_ws/install/local_setup.zsh'
[16.522s] INFO:colcon.colcon_core.shell:Creating prefix chain script '/home/dcy/temp/ros2_ws/install/setup.zsh'
