[0.007s] Invoking command in '/home/dcy/temp/ros2_ws/build/realsense2_camera': AMENT_PREFIX_PATH=/home/dcy/temp/ros2_ws/install/realsense2_camera_msgs:${AMENT_PREFIX_PATH} CMAKE_PREFIX_PATH=/home/dcy/temp/ros2_ws/install/realsense2_camera_msgs:/opt/ros/humble LD_LIBRARY_PATH=/home/dcy/temp/ros2_ws/install/realsense2_camera_msgs/lib:${LD_LIBRARY_PATH} PYTHONPATH=/home/dcy/temp/ros2_ws/install/realsense2_camera_msgs/local/lib/python3.10/dist-packages:${PYTHONPATH} /usr/local/bin/cmake /home/dcy/temp/ros2_ws/src/realsense-ros/realsense2_camera -DCMAKE_INSTALL_PREFIX=/home/dcy/temp/ros2_ws/install/realsense2_camera
[0.038s] -- The C compiler identification is GNU 11.4.0
[0.076s] -- The CXX compiler identification is GNU 11.4.0
[0.084s] -- Detecting C compiler ABI info
[0.123s] -- Detecting C compiler ABI info - done
[0.129s] -- Check for working C compiler: /usr/bin/cc - skipped
[0.129s] -- Detecting C compile features
[0.129s] -- Detecting C compile features - done
[0.131s] -- Detecting CXX compiler ABI info
[0.177s] -- Detecting CXX compiler ABI info - done
[0.183s] -- Check for working CXX compiler: /usr/bin/c++ - skipped
[0.183s] -- Detecting CXX compile features
[0.184s] -- Detecting CXX compile features - done
[0.184s] -- Create Release Build.
[0.185s] -- Found ament_cmake: 1.3.11 (/opt/ros/humble/share/ament_cmake/cmake)
[0.382s] -- Found Python3: /usr/bin/python3 (found version "3.10.12") found components: Interpreter 
[0.433s] -- Found builtin_interfaces: 1.2.1 (/opt/ros/humble/share/builtin_interfaces/cmake)
[0.455s] -- Found rosidl_generator_c: 3.1.6 (/opt/ros/humble/share/rosidl_generator_c/cmake)
[0.459s] -- Found rosidl_adapter: 3.1.6 (/opt/ros/humble/share/rosidl_adapter/cmake)
[0.464s] -- Found rosidl_generator_cpp: 3.1.6 (/opt/ros/humble/share/rosidl_generator_cpp/cmake)
[0.472s] -- Using all available rosidl_typesupport_c: rosidl_typesupport_fastrtps_c;rosidl_typesupport_introspection_c
[0.483s] -- Using all available rosidl_typesupport_cpp: rosidl_typesupport_fastrtps_cpp;rosidl_typesupport_introspection_cpp
[0.493s] -- Found cv_bridge: 3.2.1 (/opt/ros/humble/share/cv_bridge/cmake)
[0.542s] -- Found image_transport: 3.1.10 (/opt/ros/humble/share/image_transport/cmake)
[0.584s] -- Found rmw_implementation_cmake: 6.1.2 (/opt/ros/humble/share/rmw_implementation_cmake/cmake)
[0.587s] -- Found rmw_fastrtps_cpp: 6.2.7 (/opt/ros/humble/share/rmw_fastrtps_cpp/cmake)
[0.669s] -- Found OpenSSL: /usr/lib/x86_64-linux-gnu/libcrypto.so (found version "3.0.2")  
[0.690s] -- Found FastRTPS: /opt/ros/humble/include  
[0.721s] -- Using RMW implementation 'rmw_fastrtps_cpp' as default
[0.728s] -- Performing Test CMAKE_HAVE_LIBC_PTHREAD
[0.778s] -- Performing Test CMAKE_HAVE_LIBC_PTHREAD - Success
[0.779s] -- Found Threads: TRUE  
[0.840s] -- Found rclcpp_components: 16.0.11 (/opt/ros/humble/share/rclcpp_components/cmake)
[0.858s] -- Found realsense2_camera_msgs: 4.55.1 (/home/dcy/temp/ros2_ws/install/realsense2_camera_msgs/share/realsense2_camera_msgs/cmake)
[0.874s] -- Found nav_msgs: 4.2.4 (/opt/ros/humble/share/nav_msgs/cmake)
[0.890s] -- Found tf2_ros: 0.25.9 (/opt/ros/humble/share/tf2_ros/cmake)
[0.956s] -- Found diagnostic_updater: 4.0.0 (/opt/ros/humble/share/diagnostic_updater/cmake)
[0.975s] -- Found OpenCV: /usr/local (found version "4.10.0") found components: core 
[0.977s] -- Build for ROS2 Humble
[0.981s] -- Found ament_cmake_gtest: 1.3.11 (/opt/ros/humble/share/ament_cmake_gtest/cmake)
[0.983s] -- Found gtest sources under '/opt/ros/humble/src/gtest_vendor': C++ tests using 'Google Test' will be built
[0.987s] -- Found ament_cmake_pytest: 1.3.11 (/opt/ros/humble/share/ament_cmake_pytest/cmake)
[2.656s] -- rs_device_info:
[2.656s] -- No device detected. Is it plugged in?
[2.656s] 
[2.699s] -- Configuring done (2.7s)
[2.719s] -- Generating done (0.0s)
[2.724s] -- Build files have been written to: /home/dcy/temp/ros2_ws/build/realsense2_camera
[2.732s] Invoked command in '/home/dcy/temp/ros2_ws/build/realsense2_camera' returned '0': AMENT_PREFIX_PATH=/home/dcy/temp/ros2_ws/install/realsense2_camera_msgs:${AMENT_PREFIX_PATH} CMAKE_PREFIX_PATH=/home/dcy/temp/ros2_ws/install/realsense2_camera_msgs:/opt/ros/humble LD_LIBRARY_PATH=/home/dcy/temp/ros2_ws/install/realsense2_camera_msgs/lib:${LD_LIBRARY_PATH} PYTHONPATH=/home/dcy/temp/ros2_ws/install/realsense2_camera_msgs/local/lib/python3.10/dist-packages:${PYTHONPATH} /usr/local/bin/cmake /home/dcy/temp/ros2_ws/src/realsense-ros/realsense2_camera -DCMAKE_INSTALL_PREFIX=/home/dcy/temp/ros2_ws/install/realsense2_camera
[2.734s] Invoking command in '/home/dcy/temp/ros2_ws/build/realsense2_camera': AMENT_PREFIX_PATH=/home/dcy/temp/ros2_ws/install/realsense2_camera_msgs:${AMENT_PREFIX_PATH} CMAKE_PREFIX_PATH=/home/dcy/temp/ros2_ws/install/realsense2_camera_msgs:/opt/ros/humble LD_LIBRARY_PATH=/home/dcy/temp/ros2_ws/install/realsense2_camera_msgs/lib:${LD_LIBRARY_PATH} PYTHONPATH=/home/dcy/temp/ros2_ws/install/realsense2_camera_msgs/local/lib/python3.10/dist-packages:${PYTHONPATH} /usr/local/bin/cmake --build /home/dcy/temp/ros2_ws/build/realsense2_camera -- -j16 -l16
[2.753s] [  9%] [32mBuilding CXX object gtest/CMakeFiles/gtest.dir/src/gtest-all.cc.o[0m
[2.753s] [  9%] [32mBuilding CXX object gtest/CMakeFiles/gtest_main.dir/src/gtest_main.cc.o[0m
[2.753s] [ 13%] [32mBuilding CXX object CMakeFiles/realsense2_camera.dir/src/realsense_node_factory.cpp.o[0m
[2.753s] [ 18%] [32mBuilding CXX object CMakeFiles/realsense2_camera_node.dir/rclcpp_components/node_main_realsense2_camera_node.cpp.o[0m
[2.753s] [ 22%] [32mBuilding CXX object CMakeFiles/realsense2_camera.dir/src/rs_node_setup.cpp.o[0m
[2.753s] [ 27%] [32mBuilding CXX object CMakeFiles/realsense2_camera.dir/src/base_realsense_node.cpp.o[0m
[2.754s] [ 31%] [32mBuilding CXX object CMakeFiles/realsense2_camera.dir/src/ros_sensor.cpp.o[0m
[2.754s] [ 36%] [32mBuilding CXX object CMakeFiles/realsense2_camera.dir/src/parameters.cpp.o[0m
[2.754s] [ 40%] [32mBuilding CXX object CMakeFiles/realsense2_camera.dir/src/ros_utils.cpp.o[0m
[2.754s] [ 45%] [32mBuilding CXX object CMakeFiles/realsense2_camera.dir/src/dynamic_params.cpp.o[0m
[2.754s] [ 50%] [32mBuilding CXX object CMakeFiles/realsense2_camera.dir/src/sensor_params.cpp.o[0m
[2.754s] [ 54%] [32mBuilding CXX object CMakeFiles/realsense2_camera.dir/src/profile_manager.cpp.o[0m
[2.755s] [ 59%] [32mBuilding CXX object CMakeFiles/realsense2_camera.dir/src/named_filter.cpp.o[0m
[2.755s] [ 63%] [32mBuilding CXX object CMakeFiles/realsense2_camera.dir/src/image_publisher.cpp.o[0m
[2.756s] [ 68%] [32mBuilding CXX object CMakeFiles/realsense2_camera.dir/src/tfs.cpp.o[0m
[2.756s] [ 72%] [32mBuilding CXX object CMakeFiles/realsense2_camera.dir/src/ros_param_backend.cpp.o[0m
[3.295s] [ 77%] [32m[1mLinking CXX static library libgtest_main.a[0m
[3.311s] [ 77%] Built target gtest_main
[6.373s] [ 81%] [32m[1mLinking CXX executable realsense2_camera_node[0m
[6.512s] [ 81%] Built target realsense2_camera_node
[8.740s] [ 86%] [32m[1mLinking CXX static library libgtest.a[0m
[8.757s] [ 86%] Built target gtest
[8.763s] [ 90%] [32mBuilding CXX object CMakeFiles/gtest_template.dir/test/gtest_template.cpp.o[0m
[9.274s] [ 95%] [32m[1mLinking CXX executable gtest_template[0m
[9.342s] [ 95%] Built target gtest_template
[13.112s] [100%] [32m[1mLinking CXX shared library librealsense2_camera.so[0m
[13.429s] [100%] Built target realsense2_camera
[13.432s] Invoked command in '/home/dcy/temp/ros2_ws/build/realsense2_camera' returned '0': AMENT_PREFIX_PATH=/home/dcy/temp/ros2_ws/install/realsense2_camera_msgs:${AMENT_PREFIX_PATH} CMAKE_PREFIX_PATH=/home/dcy/temp/ros2_ws/install/realsense2_camera_msgs:/opt/ros/humble LD_LIBRARY_PATH=/home/dcy/temp/ros2_ws/install/realsense2_camera_msgs/lib:${LD_LIBRARY_PATH} PYTHONPATH=/home/dcy/temp/ros2_ws/install/realsense2_camera_msgs/local/lib/python3.10/dist-packages:${PYTHONPATH} /usr/local/bin/cmake --build /home/dcy/temp/ros2_ws/build/realsense2_camera -- -j16 -l16
[13.434s] Invoking command in '/home/dcy/temp/ros2_ws/build/realsense2_camera': AMENT_PREFIX_PATH=/home/dcy/temp/ros2_ws/install/realsense2_camera_msgs:${AMENT_PREFIX_PATH} CMAKE_PREFIX_PATH=/home/dcy/temp/ros2_ws/install/realsense2_camera_msgs:/opt/ros/humble LD_LIBRARY_PATH=/home/dcy/temp/ros2_ws/install/realsense2_camera_msgs/lib:${LD_LIBRARY_PATH} PYTHONPATH=/home/dcy/temp/ros2_ws/install/realsense2_camera_msgs/local/lib/python3.10/dist-packages:${PYTHONPATH} /usr/local/bin/cmake --install /home/dcy/temp/ros2_ws/build/realsense2_camera
[13.436s] -- Install configuration: "Release"
[13.436s] -- Installing: /home/dcy/temp/ros2_ws/install/realsense2_camera/lib/realsense2_camera/realsense2_camera_node
[13.436s] -- Set runtime path of "/home/dcy/temp/ros2_ws/install/realsense2_camera/lib/realsense2_camera/realsense2_camera_node" to ""
[13.436s] -- Installing: /home/dcy/temp/ros2_ws/install/realsense2_camera/lib/librealsense2_camera.so
[13.438s] -- Set runtime path of "/home/dcy/temp/ros2_ws/install/realsense2_camera/lib/librealsense2_camera.so" to ""
[13.438s] -- Installing: /home/dcy/temp/ros2_ws/install/realsense2_camera/include
[13.438s] -- Installing: /home/dcy/temp/ros2_ws/install/realsense2_camera/include/dynamic_params.h
[13.438s] -- Installing: /home/dcy/temp/ros2_ws/install/realsense2_camera/include/gl_window.h
[13.438s] -- Installing: /home/dcy/temp/ros2_ws/install/realsense2_camera/include/base_realsense_node.h
[13.438s] -- Installing: /home/dcy/temp/ros2_ws/install/realsense2_camera/include/sensor_params.h
[13.438s] -- Installing: /home/dcy/temp/ros2_ws/install/realsense2_camera/include/ros_utils.h
[13.438s] -- Installing: /home/dcy/temp/ros2_ws/install/realsense2_camera/include/named_filter.h
[13.438s] -- Installing: /home/dcy/temp/ros2_ws/install/realsense2_camera/include/constants.h
[13.438s] -- Installing: /home/dcy/temp/ros2_ws/install/realsense2_camera/include/ros_param_backend.h
[13.438s] -- Installing: /home/dcy/temp/ros2_ws/install/realsense2_camera/include/ros_sensor.h
[13.438s] -- Installing: /home/dcy/temp/ros2_ws/install/realsense2_camera/include/image_publisher.h
[13.439s] -- Installing: /home/dcy/temp/ros2_ws/install/realsense2_camera/include/realsense_node_factory.h
[13.439s] -- Installing: /home/dcy/temp/ros2_ws/install/realsense2_camera/include/profile_manager.h
[13.439s] -- Installing: /home/dcy/temp/ros2_ws/install/realsense2_camera/share/realsense2_camera/launch
[13.439s] -- Installing: /home/dcy/temp/ros2_ws/install/realsense2_camera/share/realsense2_camera/launch/default.rviz
[13.439s] -- Installing: /home/dcy/temp/ros2_ws/install/realsense2_camera/share/realsense2_camera/launch/rs_multi_camera_launch.py
[13.439s] -- Installing: /home/dcy/temp/ros2_ws/install/realsense2_camera/share/realsense2_camera/launch/rs_launch.py
[13.439s] -- Installing: /home/dcy/temp/ros2_ws/install/realsense2_camera/share/realsense2_camera/launch/rs_intra_process_demo_launch.py
[13.439s] -- Installing: /home/dcy/temp/ros2_ws/install/realsense2_camera/share/realsense2_camera/examples
[13.439s] -- Installing: /home/dcy/temp/ros2_ws/install/realsense2_camera/share/realsense2_camera/examples/align_depth
[13.439s] -- Installing: /home/dcy/temp/ros2_ws/install/realsense2_camera/share/realsense2_camera/examples/align_depth/rs_align_depth_launch.py
[13.439s] -- Installing: /home/dcy/temp/ros2_ws/install/realsense2_camera/share/realsense2_camera/examples/align_depth/README.md
[13.439s] -- Installing: /home/dcy/temp/ros2_ws/install/realsense2_camera/share/realsense2_camera/examples/launch_params_from_file
[13.440s] -- Installing: /home/dcy/temp/ros2_ws/install/realsense2_camera/share/realsense2_camera/examples/launch_params_from_file/README.md
[13.440s] -- Installing: /home/dcy/temp/ros2_ws/install/realsense2_camera/share/realsense2_camera/examples/launch_params_from_file/rs_launch_get_params_from_yaml.py
[13.440s] -- Installing: /home/dcy/temp/ros2_ws/install/realsense2_camera/share/realsense2_camera/examples/launch_params_from_file/config
[13.440s] -- Installing: /home/dcy/temp/ros2_ws/install/realsense2_camera/share/realsense2_camera/examples/launch_params_from_file/config/config.yaml
[13.440s] -- Installing: /home/dcy/temp/ros2_ws/install/realsense2_camera/share/realsense2_camera/examples/dual_camera
[13.440s] -- Installing: /home/dcy/temp/ros2_ws/install/realsense2_camera/share/realsense2_camera/examples/dual_camera/README.md
[13.440s] -- Installing: /home/dcy/temp/ros2_ws/install/realsense2_camera/share/realsense2_camera/examples/dual_camera/rviz
[13.440s] -- Installing: /home/dcy/temp/ros2_ws/install/realsense2_camera/share/realsense2_camera/examples/dual_camera/rviz/dual_camera_pointcloud.rviz
[13.440s] -- Installing: /home/dcy/temp/ros2_ws/install/realsense2_camera/share/realsense2_camera/examples/dual_camera/rs_dual_camera_launch.py
[13.440s] -- Installing: /home/dcy/temp/ros2_ws/install/realsense2_camera/share/realsense2_camera/examples/launch_from_rosbag
[13.440s] -- Installing: /home/dcy/temp/ros2_ws/install/realsense2_camera/share/realsense2_camera/examples/launch_from_rosbag/README.md
[13.440s] -- Installing: /home/dcy/temp/ros2_ws/install/realsense2_camera/share/realsense2_camera/examples/launch_from_rosbag/rs_launch_from_rosbag.py
[13.440s] -- Installing: /home/dcy/temp/ros2_ws/install/realsense2_camera/share/realsense2_camera/examples/pointcloud
[13.440s] -- Installing: /home/dcy/temp/ros2_ws/install/realsense2_camera/share/realsense2_camera/examples/pointcloud/README.md
[13.440s] -- Installing: /home/dcy/temp/ros2_ws/install/realsense2_camera/share/realsense2_camera/examples/pointcloud/rviz
[13.440s] -- Installing: /home/dcy/temp/ros2_ws/install/realsense2_camera/share/realsense2_camera/examples/pointcloud/rviz/urdf_pointcloud.rviz
[13.440s] -- Installing: /home/dcy/temp/ros2_ws/install/realsense2_camera/share/realsense2_camera/examples/pointcloud/rviz/pointcloud.rviz
[13.440s] -- Installing: /home/dcy/temp/ros2_ws/install/realsense2_camera/share/realsense2_camera/examples/pointcloud/rs_d405_pointcloud_launch.py
[13.440s] -- Installing: /home/dcy/temp/ros2_ws/install/realsense2_camera/share/realsense2_camera/examples/pointcloud/rs_d455_pointcloud_launch.py
[13.440s] -- Installing: /home/dcy/temp/ros2_ws/install/realsense2_camera/share/realsense2_camera/examples/pointcloud/rs_pointcloud_launch.py
[13.440s] -- Installing: /home/dcy/temp/ros2_ws/install/realsense2_camera/share/realsense2_camera/environment/library_path.sh
[13.440s] -- Installing: /home/dcy/temp/ros2_ws/install/realsense2_camera/share/realsense2_camera/environment/library_path.dsv
[13.441s] -- Installing: /home/dcy/temp/ros2_ws/install/realsense2_camera/share/ament_index/resource_index/package_run_dependencies/realsense2_camera
[13.441s] -- Installing: /home/dcy/temp/ros2_ws/install/realsense2_camera/share/ament_index/resource_index/parent_prefix_path/realsense2_camera
[13.441s] -- Installing: /home/dcy/temp/ros2_ws/install/realsense2_camera/share/realsense2_camera/environment/ament_prefix_path.sh
[13.441s] -- Installing: /home/dcy/temp/ros2_ws/install/realsense2_camera/share/realsense2_camera/environment/ament_prefix_path.dsv
[13.441s] -- Installing: /home/dcy/temp/ros2_ws/install/realsense2_camera/share/realsense2_camera/environment/path.sh
[13.441s] -- Installing: /home/dcy/temp/ros2_ws/install/realsense2_camera/share/realsense2_camera/environment/path.dsv
[13.441s] -- Installing: /home/dcy/temp/ros2_ws/install/realsense2_camera/share/realsense2_camera/local_setup.bash
[13.441s] -- Installing: /home/dcy/temp/ros2_ws/install/realsense2_camera/share/realsense2_camera/local_setup.sh
[13.441s] -- Installing: /home/dcy/temp/ros2_ws/install/realsense2_camera/share/realsense2_camera/local_setup.zsh
[13.441s] -- Installing: /home/dcy/temp/ros2_ws/install/realsense2_camera/share/realsense2_camera/local_setup.dsv
[13.441s] -- Installing: /home/dcy/temp/ros2_ws/install/realsense2_camera/share/realsense2_camera/package.dsv
[13.441s] -- Installing: /home/dcy/temp/ros2_ws/install/realsense2_camera/share/ament_index/resource_index/packages/realsense2_camera
[13.442s] -- Installing: /home/dcy/temp/ros2_ws/install/realsense2_camera/share/ament_index/resource_index/rclcpp_components/realsense2_camera
[13.442s] -- Installing: /home/dcy/temp/ros2_ws/install/realsense2_camera/share/realsense2_camera/cmake/ament_cmake_export_include_directories-extras.cmake
[13.442s] -- Installing: /home/dcy/temp/ros2_ws/install/realsense2_camera/share/realsense2_camera/cmake/ament_cmake_export_libraries-extras.cmake
[13.442s] -- Installing: /home/dcy/temp/ros2_ws/install/realsense2_camera/share/realsense2_camera/cmake/ament_cmake_export_dependencies-extras.cmake
[13.442s] -- Installing: /home/dcy/temp/ros2_ws/install/realsense2_camera/share/realsense2_camera/cmake/realsense2_cameraConfig.cmake
[13.442s] -- Installing: /home/dcy/temp/ros2_ws/install/realsense2_camera/share/realsense2_camera/cmake/realsense2_cameraConfig-version.cmake
[13.442s] -- Installing: /home/dcy/temp/ros2_ws/install/realsense2_camera/share/realsense2_camera/package.xml
[13.443s] Invoked command in '/home/dcy/temp/ros2_ws/build/realsense2_camera' returned '0': AMENT_PREFIX_PATH=/home/dcy/temp/ros2_ws/install/realsense2_camera_msgs:${AMENT_PREFIX_PATH} CMAKE_PREFIX_PATH=/home/dcy/temp/ros2_ws/install/realsense2_camera_msgs:/opt/ros/humble LD_LIBRARY_PATH=/home/dcy/temp/ros2_ws/install/realsense2_camera_msgs/lib:${LD_LIBRARY_PATH} PYTHONPATH=/home/dcy/temp/ros2_ws/install/realsense2_camera_msgs/local/lib/python3.10/dist-packages:${PYTHONPATH} /usr/local/bin/cmake --install /home/dcy/temp/ros2_ws/build/realsense2_camera
