-- Found ament_cmake_auto: 1.3.9 (/opt/ros/humble/share/ament_cmake_auto/cmake)
-- Found rosidl_generator_c: 3.1.5 (/opt/ros/humble/share/rosidl_generator_c/cmake)
-- Found rosidl_adapter: 3.1.5 (/opt/ros/humble/share/rosidl_adapter/cmake)
-- Found rosidl_generator_cpp: 3.1.5 (/opt/ros/humble/share/rosidl_generator_cpp/cmake)
-- Using all available rosidl_typesupport_c: rosidl_typesupport_fastrtps_c;rosidl_typesupport_introspection_c
-- Using all available rosidl_typesupport_cpp: rosidl_typesupport_fastrtps_cpp;rosidl_typesupport_introspection_cpp
-- Found rmw_implementation_cmake: 6.1.2 (/opt/ros/humble/share/rmw_implementation_cmake/cmake)
-- Found rmw_fastrtps_cpp: 6.2.6 (/opt/ros/humble/share/rmw_fastrtps_cpp/cmake)
-- Using RMW implementation 'rmw_fastrtps_cpp' as default
-- Found ament_lint_auto: 0.12.11 (/opt/ros/humble/share/ament_lint_auto/cmake)
-- Added test 'cppcheck' to perform static code analysis on C / C++ code
-- Configured cppcheck include dirs: /home/dcy/ENG/ENG2025/src/ImgProcess/include
-- Configured cppcheck exclude dirs and/or files: 
-- Added test 'lint_cmake' to check CMake code style
-- Added test 'uncrustify' to check C / C++ code style
-- Configured uncrustify additional arguments: 
-- Added test 'xmllint' to check XML markup files
-- Configuring done (0.5s)
-- Generating done (0.0s)
-- Build files have been written to: /home/dcy/ENG/ENG2025/build/ImgProcess
[ 20%] [32mBuilding CXX object CMakeFiles/ImgProcess.dir/src/node_run.cpp.o[0m
[ 40%] [32mBuilding CXX object CMakeFiles/ImgProcess.dir/src/ImgProcess.cpp.o[0m
[ 60%] [32mBuilding CXX object CMakeFiles/ImgProcess.dir/src/ImgProcessFuction/utils.cpp.o[0m
[ 80%] [32mBuilding CXX object CMakeFiles/ImgProcess.dir/src/ImgProcessFuction/graphic.cpp.o[0m
[100%] [32m[1mLinking CXX executable ImgProcess[0m
[100%] Built target ImgProcess
-- Install configuration: ""
-- Installing: /home/dcy/ENG/ENG2025/install/ImgProcess/include
-- Installing: /home/dcy/ENG/ENG2025/install/ImgProcess/include/ImgProcessFuction
-- Installing: /home/dcy/ENG/ENG2025/install/ImgProcess/include/ImgProcessFuction/utils.h
-- Installing: /home/dcy/ENG/ENG2025/install/ImgProcess/include/ImgProcessFuction/graphic.h
-- Installing: /home/dcy/ENG/ENG2025/install/ImgProcess/include/ImgProcessFuction/config.h
-- Installing: /home/dcy/ENG/ENG2025/install/ImgProcess/include/ImgProcess.h
-- Installing: /home/dcy/ENG/ENG2025/install/ImgProcess/lib/ImgProcess/ImgProcess
-- Set runtime path of "/home/dcy/ENG/ENG2025/install/ImgProcess/lib/ImgProcess/ImgProcess" to ""
-- Installing: /home/dcy/ENG/ENG2025/install/ImgProcess/share/ament_index/resource_index/package_run_dependencies/ImgProcess
-- Installing: /home/dcy/ENG/ENG2025/install/ImgProcess/share/ament_index/resource_index/parent_prefix_path/ImgProcess
-- Installing: /home/dcy/ENG/ENG2025/install/ImgProcess/share/ImgProcess/environment/ament_prefix_path.sh
-- Installing: /home/dcy/ENG/ENG2025/install/ImgProcess/share/ImgProcess/environment/ament_prefix_path.dsv
-- Installing: /home/dcy/ENG/ENG2025/install/ImgProcess/share/ImgProcess/environment/path.sh
-- Installing: /home/dcy/ENG/ENG2025/install/ImgProcess/share/ImgProcess/environment/path.dsv
-- Installing: /home/dcy/ENG/ENG2025/install/ImgProcess/share/ImgProcess/local_setup.bash
-- Installing: /home/dcy/ENG/ENG2025/install/ImgProcess/share/ImgProcess/local_setup.sh
-- Installing: /home/dcy/ENG/ENG2025/install/ImgProcess/share/ImgProcess/local_setup.zsh
-- Installing: /home/dcy/ENG/ENG2025/install/ImgProcess/share/ImgProcess/local_setup.dsv
-- Installing: /home/dcy/ENG/ENG2025/install/ImgProcess/share/ImgProcess/package.dsv
-- Installing: /home/dcy/ENG/ENG2025/install/ImgProcess/share/ament_index/resource_index/packages/ImgProcess
-- Installing: /home/dcy/ENG/ENG2025/install/ImgProcess/share/ImgProcess/cmake/ament_cmake_export_dependencies-extras.cmake
-- Installing: /home/dcy/ENG/ENG2025/install/ImgProcess/share/ImgProcess/cmake/ament_cmake_export_include_directories-extras.cmake
-- Installing: /home/dcy/ENG/ENG2025/install/ImgProcess/share/ImgProcess/cmake/ImgProcessConfig.cmake
-- Installing: /home/dcy/ENG/ENG2025/install/ImgProcess/share/ImgProcess/cmake/ImgProcessConfig-version.cmake
-- Installing: /home/dcy/ENG/ENG2025/install/ImgProcess/share/ImgProcess/package.xml
