[0.007s] Invoking command in '/home/dcy/ENG/ENG2025/build/imgprocess': CMAKE_PREFIX_PATH=${CMAKE_PREFIX_PATH}:/opt/ros/humble /usr/local/bin/cmake --build /home/dcy/ENG/ENG2025/build/imgprocess -- -j16 -l16
[0.036s] [ 20%] [32mBuilding CXX object CMakeFiles/imgprocess.dir/src/ImgProcess.cpp.o[0m
[7.014s] [ 40%] [32m[1mLinking CXX executable imgprocess[0m
[7.462s] [100%] Built target imgprocess
[7.464s] Invoked command in '/home/dcy/ENG/ENG2025/build/imgprocess' returned '0': CMAKE_PREFIX_PATH=${CMAKE_PREFIX_PATH}:/opt/ros/humble /usr/local/bin/cmake --build /home/dcy/ENG/ENG2025/build/imgprocess -- -j16 -l16
[7.491s] Invoking command in '/home/dcy/ENG/ENG2025/build/imgprocess': CMAKE_PREFIX_PATH=${CMAKE_PREFIX_PATH}:/opt/ros/humble /usr/local/bin/cmake --install /home/dcy/ENG/ENG2025/build/imgprocess
[7.493s] -- Install configuration: ""
[7.494s] -- Up-to-date: /home/dcy/ENG/ENG2025/install/imgprocess/include
[7.494s] -- Up-to-date: /home/dcy/ENG/ENG2025/install/imgprocess/include/ImgProcessFuction
[7.494s] -- Up-to-date: /home/dcy/ENG/ENG2025/install/imgprocess/include/ImgProcessFuction/utils.h
[7.494s] -- Up-to-date: /home/dcy/ENG/ENG2025/install/imgprocess/include/ImgProcessFuction/graphic.h
[7.494s] -- Up-to-date: /home/dcy/ENG/ENG2025/install/imgprocess/include/ImgProcessFuction/config.h
[7.494s] -- Up-to-date: /home/dcy/ENG/ENG2025/install/imgprocess/include/ImgProcess.h
[7.494s] -- Installing: /home/dcy/ENG/ENG2025/install/imgprocess/lib/imgprocess/imgprocess
[7.500s] -- Set runtime path of "/home/dcy/ENG/ENG2025/install/imgprocess/lib/imgprocess/imgprocess" to ""
[7.500s] -- Up-to-date: /home/dcy/ENG/ENG2025/install/imgprocess/share/ament_index/resource_index/package_run_dependencies/imgprocess
[7.500s] -- Up-to-date: /home/dcy/ENG/ENG2025/install/imgprocess/share/ament_index/resource_index/parent_prefix_path/imgprocess
[7.500s] -- Up-to-date: /home/dcy/ENG/ENG2025/install/imgprocess/share/imgprocess/environment/ament_prefix_path.sh
[7.500s] -- Up-to-date: /home/dcy/ENG/ENG2025/install/imgprocess/share/imgprocess/environment/ament_prefix_path.dsv
[7.500s] -- Up-to-date: /home/dcy/ENG/ENG2025/install/imgprocess/share/imgprocess/environment/path.sh
[7.500s] -- Up-to-date: /home/dcy/ENG/ENG2025/install/imgprocess/share/imgprocess/environment/path.dsv
[7.500s] -- Up-to-date: /home/dcy/ENG/ENG2025/install/imgprocess/share/imgprocess/local_setup.bash
[7.500s] -- Up-to-date: /home/dcy/ENG/ENG2025/install/imgprocess/share/imgprocess/local_setup.sh
[7.500s] -- Up-to-date: /home/dcy/ENG/ENG2025/install/imgprocess/share/imgprocess/local_setup.zsh
[7.500s] -- Up-to-date: /home/dcy/ENG/ENG2025/install/imgprocess/share/imgprocess/local_setup.dsv
[7.500s] -- Installing: /home/dcy/ENG/ENG2025/install/imgprocess/share/imgprocess/package.dsv
[7.500s] -- Up-to-date: /home/dcy/ENG/ENG2025/install/imgprocess/share/ament_index/resource_index/packages/imgprocess
[7.500s] -- Up-to-date: /home/dcy/ENG/ENG2025/install/imgprocess/share/imgprocess/cmake/ament_cmake_export_dependencies-extras.cmake
[7.500s] -- Up-to-date: /home/dcy/ENG/ENG2025/install/imgprocess/share/imgprocess/cmake/ament_cmake_export_include_directories-extras.cmake
[7.500s] -- Up-to-date: /home/dcy/ENG/ENG2025/install/imgprocess/share/imgprocess/cmake/imgprocessConfig.cmake
[7.500s] -- Up-to-date: /home/dcy/ENG/ENG2025/install/imgprocess/share/imgprocess/cmake/imgprocessConfig-version.cmake
[7.500s] -- Up-to-date: /home/dcy/ENG/ENG2025/install/imgprocess/share/imgprocess/package.xml
[7.502s] Invoked command in '/home/dcy/ENG/ENG2025/build/imgprocess' returned '0': CMAKE_PREFIX_PATH=${CMAKE_PREFIX_PATH}:/opt/ros/humble /usr/local/bin/cmake --install /home/dcy/ENG/ENG2025/build/imgprocess
