[0.007s] Invoking command in '/home/dcy/ENG2025/rosdemo/build/hik_camera': CMAKE_PREFIX_PATH=/opt/ros/humble /usr/local/bin/cmake /home/dcy/ENG2025/rosdemo/src/hik_camera -DCMAKE_INSTALL_PREFIX=/home/dcy/ENG2025/rosdemo/install/hik_camera
[0.055s] -- The C compiler identification is GNU 11.4.0
[0.093s] -- The CXX compiler identification is GNU 11.4.0
[0.103s] -- Detecting C compiler ABI info
[0.142s] -- Detecting C compiler ABI info - done
[0.148s] -- Check for working C compiler: /usr/bin/cc - skipped
[0.148s] -- Detecting C compile features
[0.149s] -- Detecting C compile features - done
[0.151s] -- Detecting CXX compiler ABI info
[0.195s] -- Detecting CXX compiler ABI info - done
[0.202s] -- Check for working CXX compiler: /usr/bin/c++ - skipped
[0.202s] -- Detecting CXX compile features
[0.202s] -- Detecting CXX compile features - done
[0.203s] -- Found ament_cmake_auto: 1.3.9 (/opt/ros/humble/share/ament_cmake_auto/cmake)
[0.398s] -- Found Python3: /usr/bin/python3 (found version "3.10.12") found components: Interpreter 
[0.510s] -- Found rosidl_generator_c: 3.1.5 (/opt/ros/humble/share/rosidl_generator_c/cmake)
[0.513s] -- Found rosidl_adapter: 3.1.5 (/opt/ros/humble/share/rosidl_adapter/cmake)
[0.518s] -- Found rosidl_generator_cpp: 3.1.5 (/opt/ros/humble/share/rosidl_generator_cpp/cmake)
[0.527s] -- Using all available rosidl_typesupport_c: rosidl_typesupport_fastrtps_c;rosidl_typesupport_introspection_c
[0.539s] -- Using all available rosidl_typesupport_cpp: rosidl_typesupport_fastrtps_cpp;rosidl_typesupport_introspection_cpp
[0.581s] -- Found rmw_implementation_cmake: 6.1.2 (/opt/ros/humble/share/rmw_implementation_cmake/cmake)
[0.582s] -- Found rmw_fastrtps_cpp: 6.2.6 (/opt/ros/humble/share/rmw_fastrtps_cpp/cmake)
[0.658s] -- Found OpenSSL: /usr/lib/x86_64-linux-gnu/libcrypto.so (found version "3.0.2")  
[0.678s] -- Found FastRTPS: /opt/ros/humble/include  
[0.712s] -- Using RMW implementation 'rmw_fastrtps_cpp' as default
[0.719s] -- Performing Test CMAKE_HAVE_LIBC_PTHREAD
[0.762s] -- Performing Test CMAKE_HAVE_LIBC_PTHREAD - Success
[0.763s] -- Found Threads: TRUE  
[0.971s] -- Found ament_lint_auto: 0.12.11 (/opt/ros/humble/share/ament_lint_auto/cmake)
[0.988s] -- Added test 'cppcheck' to perform static code analysis on C / C++ code
[0.988s] -- Configured cppcheck include dirs: /home/dcy/ENG2025/rosdemo/src/hik_camera/include
[0.989s] -- Configured cppcheck exclude dirs and/or files: 
[0.992s] -- Added test 'lint_cmake' to check CMake code style
[0.999s] -- Added test 'uncrustify' to check C / C++ code style
[0.999s] -- Configured uncrustify additional arguments: 
[1.000s] -- Added test 'xmllint' to check XML markup files
[1.002s] -- Configuring done (1.0s)
[1.013s] -- Generating done (0.0s)
[1.014s] -- Build files have been written to: /home/dcy/ENG2025/rosdemo/build/hik_camera
[1.021s] Invoked command in '/home/dcy/ENG2025/rosdemo/build/hik_camera' returned '0': CMAKE_PREFIX_PATH=/opt/ros/humble /usr/local/bin/cmake /home/dcy/ENG2025/rosdemo/src/hik_camera -DCMAKE_INSTALL_PREFIX=/home/dcy/ENG2025/rosdemo/install/hik_camera
[1.022s] Invoking command in '/home/dcy/ENG2025/rosdemo/build/hik_camera': CMAKE_PREFIX_PATH=/opt/ros/humble /usr/local/bin/cmake --build /home/dcy/ENG2025/rosdemo/build/hik_camera -- -j16 -l16
[1.037s] [ 12%] [32mBuilding CXX object CMakeFiles/camera_component.dir/src/camera_component.cpp.o[0m
[1.037s] [ 25%] [32mBuilding CXX object CMakeFiles/camera_node.dir/src/camera_node.cpp.o[0m
[1.037s] [ 37%] [32mBuilding CXX object CMakeFiles/camera_node.dir/src/hik_camera.cpp.o[0m
[1.037s] [ 50%] [32mBuilding CXX object CMakeFiles/camera_component.dir/src/hik_camera.cpp.o[0m
[1.037s] [ 62%] [32mBuilding CXX object CMakeFiles/camera.dir/rclcpp_components/node_main_camera.cpp.o[0m
[3.086s] [ 75%] [32m[1mLinking CXX executable camera[0m
[3.158s] [ 75%] Built target camera
[4.188s] [ 87%] [32m[1mLinking CXX executable camera_node[0m
[4.226s] [100%] [32m[1mLinking CXX shared library libcamera_component.so[0m
[4.333s] [100%] Built target camera_node
[4.356s] [100%] Built target camera_component
[4.360s] Invoked command in '/home/dcy/ENG2025/rosdemo/build/hik_camera' returned '0': CMAKE_PREFIX_PATH=/opt/ros/humble /usr/local/bin/cmake --build /home/dcy/ENG2025/rosdemo/build/hik_camera -- -j16 -l16
[4.392s] Invoking command in '/home/dcy/ENG2025/rosdemo/build/hik_camera': CMAKE_PREFIX_PATH=/opt/ros/humble /usr/local/bin/cmake --install /home/dcy/ENG2025/rosdemo/build/hik_camera
[4.393s] -- Install configuration: ""
[4.393s] -- Installing: /home/dcy/ENG2025/rosdemo/install/hik_camera/lib/hik_camera/camera
[4.394s] -- Set runtime path of "/home/dcy/ENG2025/rosdemo/install/hik_camera/lib/hik_camera/camera" to ""
[4.394s] -- Installing: /home/dcy/ENG2025/rosdemo/install/hik_camera/include
[4.394s] -- Installing: /home/dcy/ENG2025/rosdemo/install/hik_camera/include/hik_camera
[4.394s] -- Installing: /home/dcy/ENG2025/rosdemo/install/hik_camera/include/hik_camera/hik_camera.h
[4.394s] -- Installing: /home/dcy/ENG2025/rosdemo/install/hik_camera/share/hik_camera/environment/library_path.sh
[4.394s] -- Installing: /home/dcy/ENG2025/rosdemo/install/hik_camera/share/hik_camera/environment/library_path.dsv
[4.394s] -- Installing: /home/dcy/ENG2025/rosdemo/install/hik_camera/lib/libcamera_component.so
[4.396s] -- Set runtime path of "/home/dcy/ENG2025/rosdemo/install/hik_camera/lib/libcamera_component.so" to ""
[4.396s] -- Installing: /home/dcy/ENG2025/rosdemo/install/hik_camera/lib/hik_camera/camera_node
[4.397s] -- Set runtime path of "/home/dcy/ENG2025/rosdemo/install/hik_camera/lib/hik_camera/camera_node" to ""
[4.397s] -- Installing: /home/dcy/ENG2025/rosdemo/install/hik_camera/share/ament_index/resource_index/package_run_dependencies/hik_camera
[4.397s] -- Installing: /home/dcy/ENG2025/rosdemo/install/hik_camera/share/ament_index/resource_index/parent_prefix_path/hik_camera
[4.397s] -- Installing: /home/dcy/ENG2025/rosdemo/install/hik_camera/share/hik_camera/environment/ament_prefix_path.sh
[4.397s] -- Installing: /home/dcy/ENG2025/rosdemo/install/hik_camera/share/hik_camera/environment/ament_prefix_path.dsv
[4.398s] -- Installing: /home/dcy/ENG2025/rosdemo/install/hik_camera/share/hik_camera/environment/path.sh
[4.398s] -- Installing: /home/dcy/ENG2025/rosdemo/install/hik_camera/share/hik_camera/environment/path.dsv
[4.398s] -- Installing: /home/dcy/ENG2025/rosdemo/install/hik_camera/share/hik_camera/local_setup.bash
[4.398s] -- Installing: /home/dcy/ENG2025/rosdemo/install/hik_camera/share/hik_camera/local_setup.sh
[4.398s] -- Installing: /home/dcy/ENG2025/rosdemo/install/hik_camera/share/hik_camera/local_setup.zsh
[4.398s] -- Installing: /home/dcy/ENG2025/rosdemo/install/hik_camera/share/hik_camera/local_setup.dsv
[4.398s] -- Installing: /home/dcy/ENG2025/rosdemo/install/hik_camera/share/hik_camera/package.dsv
[4.398s] -- Installing: /home/dcy/ENG2025/rosdemo/install/hik_camera/share/ament_index/resource_index/packages/hik_camera
[4.398s] -- Installing: /home/dcy/ENG2025/rosdemo/install/hik_camera/share/ament_index/resource_index/rclcpp_components/hik_camera
[4.398s] -- Installing: /home/dcy/ENG2025/rosdemo/install/hik_camera/share/hik_camera/cmake/ament_cmake_export_dependencies-extras.cmake
[4.398s] -- Installing: /home/dcy/ENG2025/rosdemo/install/hik_camera/share/hik_camera/cmake/ament_cmake_export_include_directories-extras.cmake
[4.398s] -- Installing: /home/dcy/ENG2025/rosdemo/install/hik_camera/share/hik_camera/cmake/ament_cmake_export_libraries-extras.cmake
[4.398s] -- Installing: /home/dcy/ENG2025/rosdemo/install/hik_camera/share/hik_camera/cmake/hik_cameraConfig.cmake
[4.398s] -- Installing: /home/dcy/ENG2025/rosdemo/install/hik_camera/share/hik_camera/cmake/hik_cameraConfig-version.cmake
[4.398s] -- Installing: /home/dcy/ENG2025/rosdemo/install/hik_camera/share/hik_camera/package.xml
[4.399s] Invoked command in '/home/dcy/ENG2025/rosdemo/build/hik_camera' returned '0': CMAKE_PREFIX_PATH=/opt/ros/humble /usr/local/bin/cmake --install /home/dcy/ENG2025/rosdemo/build/hik_camera
