[0.007s] Invoking command in '/home/dcy/ENG/ENG2025/build/imgprocess': CMAKE_PREFIX_PATH=/opt/ros/humble /usr/local/bin/cmake --build /home/dcy/ENG/ENG2025/build/imgprocess -- -j16 -l16
[0.035s] [ 20%] [32mBuilding CXX object CMakeFiles/imgprocess.dir/src/ImgProcess.cpp.o[0m
[1.728s] In file included from [01m[K/usr/include/c++/11/pstl/glue_algorithm_defs.h:13[m[K,
[1.728s]                  from [01m[K/usr/include/c++/11/algorithm:74[m[K,
[1.729s]                  from [01m[K/opt/ros/humble/include/rclcpp/rclcpp/executor.hpp:18[m[K,
[1.729s]                  from [01m[K/opt/ros/humble/include/rclcpp/rclcpp/executors/multi_threaded_executor.hpp:25[m[K,
[1.729s]                  from [01m[K/opt/ros/humble/include/rclcpp/rclcpp/executors.hpp:21[m[K,
[1.729s]                  from [01m[K/opt/ros/humble/include/rclcpp/rclcpp/rclcpp.hpp:155[m[K,
[1.729s]                  from [01m[K/home/dcy/ENG/ENG2025/src/ImgProcess/include/ImgProcess.h:8[m[K,
[1.729s]                  from [01m[K/home/dcy/ENG/ENG2025/src/ImgProcess/src/ImgProcess.cpp:5[m[K:
[1.729s] /usr/include/c++/11/functional: In instantiation of ‘[01m[Kstruct std::_Bind_check_arity<void (*)(const std::shared_ptr<const sensor_msgs::msg::CameraInfo_<std::allocator<void> > >&), ImgProcess_node*, const std::_Placeholder<1>&>[m[K’:
[1.729s] [01m[K/usr/include/c++/11/functional:768:12:[m[K   required from ‘[01m[Kstruct std::_Bind_helper<false, void (*)(const std::shared_ptr<const sensor_msgs::msg::CameraInfo_<std::allocator<void> > >&), ImgProcess_node*, const std::_Placeholder<1>&>[m[K’
[1.729s] [01m[K/usr/include/c++/11/functional:789:5:[m[K   required by substitution of ‘[01m[Ktemplate<class _Func, class ... _BoundArgs> typename std::_Bind_helper<std::__is_socketlike<_Func>::value, _Func, _BoundArgs ...>::type std::bind(_Func&&, _BoundArgs&& ...) [with _Func = void (*)(const std::shared_ptr<const sensor_msgs::msg::CameraInfo_<std::allocator<void> > >&); _BoundArgs = {ImgProcess_node*, const std::_Placeholder<1>&}][m[K’
[1.729s] [01m[K/home/dcy/ENG/ENG2025/src/ImgProcess/src/ImgProcess.cpp:22:18:[m[K   required from here
[1.729s] [01m[K/usr/include/c++/11/functional:739:43:[m[K [01;31m[Kerror: [m[Kstatic assertion failed: Wrong number of arguments for function
[1.729s]   739 |       static_assert([01;31m[Ksizeof...(_BoundArgs) == sizeof...(_Args)[m[K,
[1.729s]       |                     [01;31m[K~~~~~~~~~~~~~~~~~~~~~~^~~~~~~~~~~~~~~~~~~[m[K
[1.729s] [01m[K/usr/include/c++/11/functional:739:43:[m[K [01;36m[Knote: [m[K‘[01m[K(2 == 1)[m[K’ evaluates to false
[1.738s] [01m[K/home/dcy/ENG/ENG2025/src/ImgProcess/src/ImgProcess.cpp:[m[K In static member function ‘[01m[Kstatic void ImgProcess_node::cameraInfoCallback(const ConstSharedPtr&)[m[K’:
[1.738s] [01m[K/home/dcy/ENG/ENG2025/src/ImgProcess/src/ImgProcess.cpp:69:76:[m[K [01;35m[Kwarning: [m[Kunused parameter ‘[01m[KcameraInfo[m[K’ [[01;35m[K]8;;https://gcc.gnu.org/onlinedocs/gcc/Warning-Options.html#index-Wunused-parameter-Wunused-parameter]8;;[m[K]
[1.738s]    69 | void ImgProcess_node::cameraInfoCallback([01;35m[Kconst CameraInfo::ConstSharedPtr& cameraInfo[m[K)
[1.738s]       |                                          [01;35m[K~~~~~~~~~~~~~~~~~~~~~~~~~~~~~~~~~~^~~~~~~~~~[m[K
[2.458s] In file included from [01m[K/opt/ros/humble/include/rclcpp/rclcpp/subscription_base.hpp:32[m[K,
[2.458s]                  from [01m[K/opt/ros/humble/include/rclcpp/rclcpp/callback_group.hpp:29[m[K,
[2.458s]                  from [01m[K/opt/ros/humble/include/rclcpp/rclcpp/any_executable.hpp:20[m[K,
[2.458s]                  from [01m[K/opt/ros/humble/include/rclcpp/rclcpp/memory_strategy.hpp:25[m[K,
[2.458s]                  from [01m[K/opt/ros/humble/include/rclcpp/rclcpp/memory_strategies.hpp:18[m[K,
[2.459s]                  from [01m[K/opt/ros/humble/include/rclcpp/rclcpp/executor_options.hpp:20[m[K,
[2.459s]                  from [01m[K/opt/ros/humble/include/rclcpp/rclcpp/executor.hpp:37[m[K,
[2.459s]                  from [01m[K/opt/ros/humble/include/rclcpp/rclcpp/executors/multi_threaded_executor.hpp:25[m[K,
[2.459s]                  from [01m[K/opt/ros/humble/include/rclcpp/rclcpp/executors.hpp:21[m[K,
[2.459s]                  from [01m[K/opt/ros/humble/include/rclcpp/rclcpp/rclcpp.hpp:155[m[K,
[2.459s]                  from [01m[K/home/dcy/ENG/ENG2025/src/ImgProcess/include/ImgProcess.h:8[m[K,
[2.459s]                  from [01m[K/home/dcy/ENG/ENG2025/src/ImgProcess/src/ImgProcess.cpp:5[m[K:
[2.459s] /opt/ros/humble/include/rclcpp/rclcpp/any_subscription_callback.hpp: In instantiation of ‘[01m[Krclcpp::AnySubscriptionCallback<MessageT, AllocatorT> rclcpp::AnySubscriptionCallback<MessageT, AllocatorT>::set(CallbackT) [with CallbackT = std::_Bind<void (*(ImgProcess_node*, std::_Placeholder<1>))(const std::shared_ptr<const sensor_msgs::msg::CameraInfo_<std::allocator<void> > >&)>; MessageT = sensor_msgs::msg::CameraInfo_<std::allocator<void> >; AllocatorT = std::allocator<void>][m[K’:
[2.459s] [01m[K/opt/ros/humble/include/rclcpp/rclcpp/subscription_factory.hpp:94:32:[m[K   required from ‘[01m[Krclcpp::SubscriptionFactory rclcpp::create_subscription_factory(CallbackT&&, const rclcpp::SubscriptionOptionsWithAllocator<AllocatorT>&, typename MessageMemoryStrategyT::SharedPtr, std::shared_ptr<rclcpp::topic_statistics::SubscriptionTopicStatistics<ROSMessageType> >) [with MessageT = sensor_msgs::msg::CameraInfo_<std::allocator<void> >; CallbackT = std::_Bind<void (*(ImgProcess_node*, std::_Placeholder<1>))(const std::shared_ptr<const sensor_msgs::msg::CameraInfo_<std::allocator<void> > >&)>; AllocatorT = std::allocator<void>; SubscriptionT = rclcpp::Subscription<sensor_msgs::msg::CameraInfo_<std::allocator<void> > >; MessageMemoryStrategyT = rclcpp::message_memory_strategy::MessageMemoryStrategy<sensor_msgs::msg::CameraInfo_<std::allocator<void> >, std::allocator<void> >; ROSMessageType = sensor_msgs::msg::CameraInfo_<std::allocator<void> >; typename MessageMemoryStrategyT::SharedPtr = std::shared_ptr<rclcpp::message_memory_strategy::MessageMemoryStrategy<sensor_msgs::msg::CameraInfo_<std::allocator<void> >, std::allocator<void> > >][m[K’
[2.459s] [01m[K/opt/ros/humble/include/rclcpp/rclcpp/create_subscription.hpp:122:63:[m[K   required from ‘[01m[Kstd::shared_ptr<ROSMessageT> rclcpp::detail::create_subscription(NodeParametersT&, NodeTopicsT&, const string&, const rclcpp::QoS&, CallbackT&&, const rclcpp::SubscriptionOptionsWithAllocator<AllocatorT>&, typename MessageMemoryStrategyT::SharedPtr) [with MessageT = sensor_msgs::msg::CameraInfo_<std::allocator<void> >; CallbackT = std::_Bind<void (*(ImgProcess_node*, std::_Placeholder<1>))(const std::shared_ptr<const sensor_msgs::msg::CameraInfo_<std::allocator<void> > >&)>; AllocatorT = std::allocator<void>; SubscriptionT = rclcpp::Subscription<sensor_msgs::msg::CameraInfo_<std::allocator<void> > >; MessageMemoryStrategyT = rclcpp::message_memory_strategy::MessageMemoryStrategy<sensor_msgs::msg::CameraInfo_<std::allocator<void> >, std::allocator<void> >; NodeParametersT = rclcpp::Node; NodeTopicsT = rclcpp::Node; ROSMessageType = sensor_msgs::msg::CameraInfo_<std::allocator<void> >; std::string = std::__cxx11::basic_string<char>; typename MessageMemoryStrategyT::SharedPtr = std::shared_ptr<rclcpp::message_memory_strategy::MessageMemoryStrategy<sensor_msgs::msg::CameraInfo_<std::allocator<void> >, std::allocator<void> > >][m[K’
[2.459s] [01m[K/opt/ros/humble/include/rclcpp/rclcpp/create_subscription.hpp:191:76:[m[K   required from ‘[01m[Kstd::shared_ptr<ROSMessageT> rclcpp::create_subscription(NodeT&, const string&, const rclcpp::QoS&, CallbackT&&, const rclcpp::SubscriptionOptionsWithAllocator<AllocatorT>&, typename MessageMemoryStrategyT::SharedPtr) [with MessageT = sensor_msgs::msg::CameraInfo_<std::allocator<void> >; CallbackT = std::_Bind<void (*(ImgProcess_node*, std::_Placeholder<1>))(const std::shared_ptr<const sensor_msgs::msg::CameraInfo_<std::allocator<void> > >&)>; AllocatorT = std::allocator<void>; SubscriptionT = rclcpp::Subscription<sensor_msgs::msg::CameraInfo_<std::allocator<void> > >; MessageMemoryStrategyT = rclcpp::message_memory_strategy::MessageMemoryStrategy<sensor_msgs::msg::CameraInfo_<std::allocator<void> >, std::allocator<void> >; NodeT = rclcpp::Node; std::string = std::__cxx11::basic_string<char>; typename MessageMemoryStrategyT::SharedPtr = std::shared_ptr<rclcpp::message_memory_strategy::MessageMemoryStrategy<sensor_msgs::msg::CameraInfo_<std::allocator<void> >, std::allocator<void> > >][m[K’
[2.459s] [01m[K/opt/ros/humble/include/rclcpp/rclcpp/node_impl.hpp:99:47:[m[K   required from ‘[01m[Kstd::shared_ptr<ROSMessageT> rclcpp::Node::create_subscription(const string&, const rclcpp::QoS&, CallbackT&&, const rclcpp::SubscriptionOptionsWithAllocator<AllocatorT>&, typename MessageMemoryStrategyT::SharedPtr) [with MessageT = sensor_msgs::msg::CameraInfo_<std::allocator<void> >; CallbackT = std::_Bind<void (*(ImgProcess_node*, std::_Placeholder<1>))(const std::shared_ptr<const sensor_msgs::msg::CameraInfo_<std::allocator<void> > >&)>; AllocatorT = std::allocator<void>; SubscriptionT = rclcpp::Subscription<sensor_msgs::msg::CameraInfo_<std::allocator<void> > >; MessageMemoryStrategyT = rclcpp::message_memory_strategy::MessageMemoryStrategy<sensor_msgs::msg::CameraInfo_<std::allocator<void> >, std::allocator<void> >; std::string = std::__cxx11::basic_string<char>; typename MessageMemoryStrategyT::SharedPtr = std::shared_ptr<rclcpp::message_memory_strategy::MessageMemoryStrategy<sensor_msgs::msg::CameraInfo_<std::allocator<void> >, std::allocator<void> > >][m[K’
[2.459s] [01m[K/home/dcy/ENG/ENG2025/src/ImgProcess/src/ImgProcess.cpp:19:62:[m[K   required from here
[2.459s] [01m[K/opt/ros/humble/include/rclcpp/rclcpp/any_subscription_callback.hpp:394:27:[m[K [01;31m[Kerror: [m[Kno matching function for call to ‘[01m[Kstd::function<void(const std::shared_ptr<const sensor_msgs::msg::CameraInfo_<std::allocator<void> > >&)>::function(std::_Bind<void (*(ImgProcess_node*, std::_Placeholder<1>))(const std::shared_ptr<const sensor_msgs::msg::CameraInfo_<std::allocator<void> > >&)>&)[m[K’
[2.459s]   394 |       callback_variant_ = [01;31m[Kstatic_cast<typename scbth::callback_type>(callback)[m[K;
[2.459s]       |                           [01;31m[K^~~~~~~~~~~~~~~~~~~~~~~~~~~~~~~~~~~~~~~~~~~~~~~~~~~~[m[K
[2.459s] In file included from [01m[K/usr/include/c++/11/future:47[m[K,
[2.459s]                  from [01m[K/opt/ros/humble/include/rclcpp/rclcpp/executors.hpp:18[m[K,
[2.460s]                  from [01m[K/opt/ros/humble/include/rclcpp/rclcpp/rclcpp.hpp:155[m[K,
[2.460s]                  from [01m[K/home/dcy/ENG/ENG2025/src/ImgProcess/include/ImgProcess.h:8[m[K,
[2.460s]                  from [01m[K/home/dcy/ENG/ENG2025/src/ImgProcess/src/ImgProcess.cpp:5[m[K:
[2.460s] [01m[K/usr/include/c++/11/bits/std_function.h:435:9:[m[K [01;36m[Knote: [m[Kcandidate: ‘[01m[Ktemplate<class _Functor, class _Constraints> std::function<_Res(_ArgTypes ...)>::function(_Functor&&) [with _Functor = _Functor; _Constraints = _Constraints; _Res = void; _ArgTypes = {const std::shared_ptr<const sensor_msgs::msg::CameraInfo_<std::allocator<void> > >&}][m[K’
[2.460s]   435 |         [01;36m[Kfunction[m[K(_Functor&& __f)
[2.460s]       |         [01;36m[K^~~~~~~~[m[K
[2.460s] [01m[K/usr/include/c++/11/bits/std_function.h:435:9:[m[K [01;36m[Knote: [m[K  template argument deduction/substitution failed:
[2.460s] In file included from [01m[K/usr/include/c++/11/bits/move.h:57[m[K,
[2.460s]                  from [01m[K/usr/include/c++/11/bits/stl_pair.h:59[m[K,
[2.460s]                  from [01m[K/usr/include/c++/11/bits/stl_algobase.h:64[m[K,
[2.460s]                  from [01m[K/usr/include/c++/11/memory:63[m[K,
[2.460s]                  from [01m[K/opt/ros/humble/include/rclcpp/rclcpp/rclcpp.hpp:153[m[K,
[2.460s]                  from [01m[K/home/dcy/ENG/ENG2025/src/ImgProcess/include/ImgProcess.h:8[m[K,
[2.460s]                  from [01m[K/home/dcy/ENG/ENG2025/src/ImgProcess/src/ImgProcess.cpp:5[m[K:
[2.460s] /usr/include/c++/11/type_traits: In substitution of ‘[01m[Ktemplate<bool _Cond, class _Tp> using __enable_if_t = typename std::enable_if::type [with bool _Cond = false; _Tp = void][m[K’:
[2.460s] [01m[K/usr/include/c++/11/bits/std_function.h:353:8:[m[K   required by substitution of ‘[01m[Ktemplate<class _Res, class ... _ArgTypes> template<class _Cond, class _Tp> using _Requires = std::__enable_if_t<_Cond::value, _Tp> [with _Cond = std::function<void(const std::shared_ptr<const sensor_msgs::msg::CameraInfo_<std::allocator<void> > >&)>::_Callable<std::_Bind<void (*(ImgProcess_node*, std::_Placeholder<1>))(const std::shared_ptr<const sensor_msgs::msg::CameraInfo_<std::allocator<void> > >&)>&, std::_Bind<void (*(ImgProcess_node*, std::_Placeholder<1>))(const std::shared_ptr<const sensor_msgs::msg::CameraInfo_<std::allocator<void> > >&)>, std::__invoke_result<std::_Bind<void (*(ImgProcess_node*, std::_Placeholder<1>))(const std::shared_ptr<const sensor_msgs::msg::CameraInfo_<std::allocator<void> > >&)>&, const std::shared_ptr<const sensor_msgs::msg::CameraInfo_<std::allocator<void> > >&> >; _Tp = void; _Res = void; _ArgTypes = {const std::shared_ptr<const sensor_msgs::msg::CameraInfo_<std::allocator<void> > >&}][m[K’
[2.460s] [01m[K/usr/include/c++/11/bits/std_function.h:434:9:[m[K   required from ‘[01m[Krclcpp::AnySubscriptionCallback<MessageT, AllocatorT> rclcpp::AnySubscriptionCallback<MessageT, AllocatorT>::set(CallbackT) [with CallbackT = std::_Bind<void (*(ImgProcess_node*, std::_Placeholder<1>))(const std::shared_ptr<const sensor_msgs::msg::CameraInfo_<std::allocator<void> > >&)>; MessageT = sensor_msgs::msg::CameraInfo_<std::allocator<void> >; AllocatorT = std::allocator<void>][m[K’
[2.460s] [01m[K/opt/ros/humble/include/rclcpp/rclcpp/subscription_factory.hpp:94:32:[m[K   required from ‘[01m[Krclcpp::SubscriptionFactory rclcpp::create_subscription_factory(CallbackT&&, const rclcpp::SubscriptionOptionsWithAllocator<AllocatorT>&, typename MessageMemoryStrategyT::SharedPtr, std::shared_ptr<rclcpp::topic_statistics::SubscriptionTopicStatistics<ROSMessageType> >) [with MessageT = sensor_msgs::msg::CameraInfo_<std::allocator<void> >; CallbackT = std::_Bind<void (*(ImgProcess_node*, std::_Placeholder<1>))(const std::shared_ptr<const sensor_msgs::msg::CameraInfo_<std::allocator<void> > >&)>; AllocatorT = std::allocator<void>; SubscriptionT = rclcpp::Subscription<sensor_msgs::msg::CameraInfo_<std::allocator<void> > >; MessageMemoryStrategyT = rclcpp::message_memory_strategy::MessageMemoryStrategy<sensor_msgs::msg::CameraInfo_<std::allocator<void> >, std::allocator<void> >; ROSMessageType = sensor_msgs::msg::CameraInfo_<std::allocator<void> >; typename MessageMemoryStrategyT::SharedPtr = std::shared_ptr<rclcpp::message_memory_strategy::MessageMemoryStrategy<sensor_msgs::msg::CameraInfo_<std::allocator<void> >, std::allocator<void> > >][m[K’
[2.460s] [01m[K/opt/ros/humble/include/rclcpp/rclcpp/create_subscription.hpp:122:63:[m[K   required from ‘[01m[Kstd::shared_ptr<ROSMessageT> rclcpp::detail::create_subscription(NodeParametersT&, NodeTopicsT&, const string&, const rclcpp::QoS&, CallbackT&&, const rclcpp::SubscriptionOptionsWithAllocator<AllocatorT>&, typename MessageMemoryStrategyT::SharedPtr) [with MessageT = sensor_msgs::msg::CameraInfo_<std::allocator<void> >; CallbackT = std::_Bind<void (*(ImgProcess_node*, std::_Placeholder<1>))(const std::shared_ptr<const sensor_msgs::msg::CameraInfo_<std::allocator<void> > >&)>; AllocatorT = std::allocator<void>; SubscriptionT = rclcpp::Subscription<sensor_msgs::msg::CameraInfo_<std::allocator<void> > >; MessageMemoryStrategyT = rclcpp::message_memory_strategy::MessageMemoryStrategy<sensor_msgs::msg::CameraInfo_<std::allocator<void> >, std::allocator<void> >; NodeParametersT = rclcpp::Node; NodeTopicsT = rclcpp::Node; ROSMessageType = sensor_msgs::msg::CameraInfo_<std::allocator<void> >; std::string = std::__cxx11::basic_string<char>; typename MessageMemoryStrategyT::SharedPtr = std::shared_ptr<rclcpp::message_memory_strategy::MessageMemoryStrategy<sensor_msgs::msg::CameraInfo_<std::allocator<void> >, std::allocator<void> > >][m[K’
[2.460s] [01m[K/opt/ros/humble/include/rclcpp/rclcpp/create_subscription.hpp:191:76:[m[K   required from ‘[01m[Kstd::shared_ptr<ROSMessageT> rclcpp::create_subscription(NodeT&, const string&, const rclcpp::QoS&, CallbackT&&, const rclcpp::SubscriptionOptionsWithAllocator<AllocatorT>&, typename MessageMemoryStrategyT::SharedPtr) [with MessageT = sensor_msgs::msg::CameraInfo_<std::allocator<void> >; CallbackT = std::_Bind<void (*(ImgProcess_node*, std::_Placeholder<1>))(const std::shared_ptr<const sensor_msgs::msg::CameraInfo_<std::allocator<void> > >&)>; AllocatorT = std::allocator<void>; SubscriptionT = rclcpp::Subscription<sensor_msgs::msg::CameraInfo_<std::allocator<void> > >; MessageMemoryStrategyT = rclcpp::message_memory_strategy::MessageMemoryStrategy<sensor_msgs::msg::CameraInfo_<std::allocator<void> >, std::allocator<void> >; NodeT = rclcpp::Node; std::string = std::__cxx11::basic_string<char>; typename MessageMemoryStrategyT::SharedPtr = std::shared_ptr<rclcpp::message_memory_strategy::MessageMemoryStrategy<sensor_msgs::msg::CameraInfo_<std::allocator<void> >, std::allocator<void> > >][m[K’
[2.460s] [01m[K/opt/ros/humble/include/rclcpp/rclcpp/node_impl.hpp:99:47:[m[K   required from ‘[01m[Kstd::shared_ptr<ROSMessageT> rclcpp::Node::create_subscription(const string&, const rclcpp::QoS&, CallbackT&&, const rclcpp::SubscriptionOptionsWithAllocator<AllocatorT>&, typename MessageMemoryStrategyT::SharedPtr) [with MessageT = sensor_msgs::msg::CameraInfo_<std::allocator<void> >; CallbackT = std::_Bind<void (*(ImgProcess_node*, std::_Placeholder<1>))(const std::shared_ptr<const sensor_msgs::msg::CameraInfo_<std::allocator<void> > >&)>; AllocatorT = std::allocator<void>; SubscriptionT = rclcpp::Subscription<sensor_msgs::msg::CameraInfo_<std::allocator<void> > >; MessageMemoryStrategyT = rclcpp::message_memory_strategy::MessageMemoryStrategy<sensor_msgs::msg::CameraInfo_<std::allocator<void> >, std::allocator<void> >; std::string = std::__cxx11::basic_string<char>; typename MessageMemoryStrategyT::SharedPtr = std::shared_ptr<rclcpp::message_memory_strategy::MessageMemoryStrategy<sensor_msgs::msg::CameraInfo_<std::allocator<void> >, std::allocator<void> > >][m[K’
[2.460s] [01m[K/home/dcy/ENG/ENG2025/src/ImgProcess/src/ImgProcess.cpp:19:62:[m[K   required from here
[2.460s] [01m[K/usr/include/c++/11/type_traits:2205:11:[m[K [01;31m[Kerror: [m[Kno type named ‘[01m[Ktype[m[K’ in ‘[01m[Kstruct std::enable_if<false, void>[m[K’
[2.460s]  2205 |     using [01;31m[K__enable_if_t[m[K = typename enable_if<_Cond, _Tp>::type;
[2.460s]       |           [01;31m[K^~~~~~~~~~~~~[m[K
[2.460s] In file included from [01m[K/usr/include/c++/11/future:47[m[K,
[2.460s]                  from [01m[K/opt/ros/humble/include/rclcpp/rclcpp/executors.hpp:18[m[K,
[2.460s]                  from [01m[K/opt/ros/humble/include/rclcpp/rclcpp/rclcpp.hpp:155[m[K,
[2.460s]                  from [01m[K/home/dcy/ENG/ENG2025/src/ImgProcess/include/ImgProcess.h:8[m[K,
[2.460s]                  from [01m[K/home/dcy/ENG/ENG2025/src/ImgProcess/src/ImgProcess.cpp:5[m[K:
[2.460s] /opt/ros/humble/include/rclcpp/rclcpp/any_subscription_callback.hpp: In instantiation of ‘[01m[Krclcpp::AnySubscriptionCallback<MessageT, AllocatorT> rclcpp::AnySubscriptionCallback<MessageT, AllocatorT>::set(CallbackT) [with CallbackT = std::_Bind<void (*(ImgProcess_node*, std::_Placeholder<1>))(const std::shared_ptr<const sensor_msgs::msg::CameraInfo_<std::allocator<void> > >&)>; MessageT = sensor_msgs::msg::CameraInfo_<std::allocator<void> >; AllocatorT = std::allocator<void>][m[K’:
[2.460s] [01m[K/opt/ros/humble/include/rclcpp/rclcpp/subscription_factory.hpp:94:32:[m[K   required from ‘[01m[Krclcpp::SubscriptionFactory rclcpp::create_subscription_factory(CallbackT&&, const rclcpp::SubscriptionOptionsWithAllocator<AllocatorT>&, typename MessageMemoryStrategyT::SharedPtr, std::shared_ptr<rclcpp::topic_statistics::SubscriptionTopicStatistics<ROSMessageType> >) [with MessageT = sensor_msgs::msg::CameraInfo_<std::allocator<void> >; CallbackT = std::_Bind<void (*(ImgProcess_node*, std::_Placeholder<1>))(const std::shared_ptr<const sensor_msgs::msg::CameraInfo_<std::allocator<void> > >&)>; AllocatorT = std::allocator<void>; SubscriptionT = rclcpp::Subscription<sensor_msgs::msg::CameraInfo_<std::allocator<void> > >; MessageMemoryStrategyT = rclcpp::message_memory_strategy::MessageMemoryStrategy<sensor_msgs::msg::CameraInfo_<std::allocator<void> >, std::allocator<void> >; ROSMessageType = sensor_msgs::msg::CameraInfo_<std::allocator<void> >; typename MessageMemoryStrategyT::SharedPtr = std::shared_ptr<rclcpp::message_memory_strategy::MessageMemoryStrategy<sensor_msgs::msg::CameraInfo_<std::allocator<void> >, std::allocator<void> > >][m[K’
[2.460s] [01m[K/opt/ros/humble/include/rclcpp/rclcpp/create_subscription.hpp:122:63:[m[K   required from ‘[01m[Kstd::shared_ptr<ROSMessageT> rclcpp::detail::create_subscription(NodeParametersT&, NodeTopicsT&, const string&, const rclcpp::QoS&, CallbackT&&, const rclcpp::SubscriptionOptionsWithAllocator<AllocatorT>&, typename MessageMemoryStrategyT::SharedPtr) [with MessageT = sensor_msgs::msg::CameraInfo_<std::allocator<void> >; CallbackT = std::_Bind<void (*(ImgProcess_node*, std::_Placeholder<1>))(const std::shared_ptr<const sensor_msgs::msg::CameraInfo_<std::allocator<void> > >&)>; AllocatorT = std::allocator<void>; SubscriptionT = rclcpp::Subscription<sensor_msgs::msg::CameraInfo_<std::allocator<void> > >; MessageMemoryStrategyT = rclcpp::message_memory_strategy::MessageMemoryStrategy<sensor_msgs::msg::CameraInfo_<std::allocator<void> >, std::allocator<void> >; NodeParametersT = rclcpp::Node; NodeTopicsT = rclcpp::Node; ROSMessageType = sensor_msgs::msg::CameraInfo_<std::allocator<void> >; std::string = std::__cxx11::basic_string<char>; typename MessageMemoryStrategyT::SharedPtr = std::shared_ptr<rclcpp::message_memory_strategy::MessageMemoryStrategy<sensor_msgs::msg::CameraInfo_<std::allocator<void> >, std::allocator<void> > >][m[K’
[2.460s] [01m[K/opt/ros/humble/include/rclcpp/rclcpp/create_subscription.hpp:191:76:[m[K   required from ‘[01m[Kstd::shared_ptr<ROSMessageT> rclcpp::create_subscription(NodeT&, const string&, const rclcpp::QoS&, CallbackT&&, const rclcpp::SubscriptionOptionsWithAllocator<AllocatorT>&, typename MessageMemoryStrategyT::SharedPtr) [with MessageT = sensor_msgs::msg::CameraInfo_<std::allocator<void> >; CallbackT = std::_Bind<void (*(ImgProcess_node*, std::_Placeholder<1>))(const std::shared_ptr<const sensor_msgs::msg::CameraInfo_<std::allocator<void> > >&)>; AllocatorT = std::allocator<void>; SubscriptionT = rclcpp::Subscription<sensor_msgs::msg::CameraInfo_<std::allocator<void> > >; MessageMemoryStrategyT = rclcpp::message_memory_strategy::MessageMemoryStrategy<sensor_msgs::msg::CameraInfo_<std::allocator<void> >, std::allocator<void> >; NodeT = rclcpp::Node; std::string = std::__cxx11::basic_string<char>; typename MessageMemoryStrategyT::SharedPtr = std::shared_ptr<rclcpp::message_memory_strategy::MessageMemoryStrategy<sensor_msgs::msg::CameraInfo_<std::allocator<void> >, std::allocator<void> > >][m[K’
[2.460s] [01m[K/opt/ros/humble/include/rclcpp/rclcpp/node_impl.hpp:99:47:[m[K   required from ‘[01m[Kstd::shared_ptr<ROSMessageT> rclcpp::Node::create_subscription(const string&, const rclcpp::QoS&, CallbackT&&, const rclcpp::SubscriptionOptionsWithAllocator<AllocatorT>&, typename MessageMemoryStrategyT::SharedPtr) [with MessageT = sensor_msgs::msg::CameraInfo_<std::allocator<void> >; CallbackT = std::_Bind<void (*(ImgProcess_node*, std::_Placeholder<1>))(const std::shared_ptr<const sensor_msgs::msg::CameraInfo_<std::allocator<void> > >&)>; AllocatorT = std::allocator<void>; SubscriptionT = rclcpp::Subscription<sensor_msgs::msg::CameraInfo_<std::allocator<void> > >; MessageMemoryStrategyT = rclcpp::message_memory_strategy::MessageMemoryStrategy<sensor_msgs::msg::CameraInfo_<std::allocator<void> >, std::allocator<void> >; std::string = std::__cxx11::basic_string<char>; typename MessageMemoryStrategyT::SharedPtr = std::shared_ptr<rclcpp::message_memory_strategy::MessageMemoryStrategy<sensor_msgs::msg::CameraInfo_<std::allocator<void> >, std::allocator<void> > >][m[K’
[2.460s] [01m[K/home/dcy/ENG/ENG2025/src/ImgProcess/src/ImgProcess.cpp:19:62:[m[K   required from here
[2.460s] [01m[K/usr/include/c++/11/bits/std_function.h:404:7:[m[K [01;36m[Knote: [m[Kcandidate: ‘[01m[Kstd::function<_Res(_ArgTypes ...)>::function(std::function<_Res(_ArgTypes ...)>&&) [with _Res = void; _ArgTypes = {const std::shared_ptr<const sensor_msgs::msg::CameraInfo_<std::allocator<void> > >&}][m[K’
[2.460s]   404 |       [01;36m[Kfunction[m[K(function&& __x) noexcept
[2.460s]       |       [01;36m[K^~~~~~~~[m[K
[2.460s] [01m[K/usr/include/c++/11/bits/std_function.h:404:27:[m[K [01;36m[Knote: [m[K  no known conversion for argument 1 from ‘[01m[Kstd::_Bind<void (*(ImgProcess_node*, std::_Placeholder<1>))(const std::shared_ptr<const sensor_msgs::msg::CameraInfo_<std::allocator<void> > >&)>[m[K’ to ‘[01m[Kstd::function<void(const std::shared_ptr<const sensor_msgs::msg::CameraInfo_<std::allocator<void> > >&)>&&[m[K’
[2.461s]   404 |       function([01;36m[Kfunction&& __x[m[K) noexcept
[2.461s]       |                [01;36m[K~~~~~~~~~~~^~~[m[K
[2.461s] [01m[K/usr/include/c++/11/bits/std_function.h:386:7:[m[K [01;36m[Knote: [m[Kcandidate: ‘[01m[Kstd::function<_Res(_ArgTypes ...)>::function(const std::function<_Res(_ArgTypes ...)>&) [with _Res = void; _ArgTypes = {const std::shared_ptr<const sensor_msgs::msg::CameraInfo_<std::allocator<void> > >&}][m[K’
[2.461s]   386 |       [01;36m[Kfunction[m[K(const function& __x)
[2.461s]       |       [01;36m[K^~~~~~~~[m[K
[2.461s] [01m[K/usr/include/c++/11/bits/std_function.h:386:32:[m[K [01;36m[Knote: [m[K  no known conversion for argument 1 from ‘[01m[Kstd::_Bind<void (*(ImgProcess_node*, std::_Placeholder<1>))(const std::shared_ptr<const sensor_msgs::msg::CameraInfo_<std::allocator<void> > >&)>[m[K’ to ‘[01m[Kconst std::function<void(const std::shared_ptr<const sensor_msgs::msg::CameraInfo_<std::allocator<void> > >&)>&[m[K’
[2.461s]   386 |       function([01;36m[Kconst function& __x[m[K)
[2.461s]       |                [01;36m[K~~~~~~~~~~~~~~~~^~~[m[K
[2.461s] [01m[K/usr/include/c++/11/bits/std_function.h:375:7:[m[K [01;36m[Knote: [m[Kcandidate: ‘[01m[Kstd::function<_Res(_ArgTypes ...)>::function(std::nullptr_t) [with _Res = void; _ArgTypes = {const std::shared_ptr<const sensor_msgs::msg::CameraInfo_<std::allocator<void> > >&}; std::nullptr_t = std::nullptr_t][m[K’
[2.461s]   375 |       [01;36m[Kfunction[m[K(nullptr_t) noexcept
[2.461s]       |       [01;36m[K^~~~~~~~[m[K
[2.461s] [01m[K/usr/include/c++/11/bits/std_function.h:375:16:[m[K [01;36m[Knote: [m[K  no known conversion for argument 1 from ‘[01m[Kstd::_Bind<void (*(ImgProcess_node*, std::_Placeholder<1>))(const std::shared_ptr<const sensor_msgs::msg::CameraInfo_<std::allocator<void> > >&)>[m[K’ to ‘[01m[Kstd::nullptr_t[m[K’
[2.461s]   375 |       function([01;36m[Knullptr_t[m[K) noexcept
[2.461s]       |                [01;36m[K^~~~~~~~~[m[K
[2.461s] [01m[K/usr/include/c++/11/bits/std_function.h:368:7:[m[K [01;36m[Knote: [m[Kcandidate: ‘[01m[Kstd::function<_Res(_ArgTypes ...)>::function() [with _Res = void; _ArgTypes = {const std::shared_ptr<const sensor_msgs::msg::CameraInfo_<std::allocator<void> > >&}][m[K’
[2.461s]   368 |       [01;36m[Kfunction[m[K() noexcept
[2.461s]       |       [01;36m[K^~~~~~~~[m[K
[2.461s] [01m[K/usr/include/c++/11/bits/std_function.h:368:7:[m[K [01;36m[Knote: [m[K  candidate expects 0 arguments, 1 provided
[3.692s] gmake[2]: *** [CMakeFiles/imgprocess.dir/build.make:90：CMakeFiles/imgprocess.dir/src/ImgProcess.cpp.o] 错误 1
[3.692s] gmake[1]: *** [CMakeFiles/Makefile2:137：CMakeFiles/imgprocess.dir/all] 错误 2
[3.693s] gmake: *** [Makefile:146：all] 错误 2
[3.694s] Invoked command in '/home/dcy/ENG/ENG2025/build/imgprocess' returned '2': CMAKE_PREFIX_PATH=/opt/ros/humble /usr/local/bin/cmake --build /home/dcy/ENG/ENG2025/build/imgprocess -- -j16 -l16
