[ 33%] [32mBuilding CXX object CMakeFiles/demo_node.dir/src/demo_node.cpp.o[0m
[01m[K/home/dcy/ENG2025/rosdemo/src/demo/src/demo_node.cpp:[m[K In member function ‘[01m[Kvoid demo_node::imageCallback(sensor_msgs::msg::Image_<std::allocator<void> >::UniquePtr)[m[K’:
[01m[K/home/dcy/ENG2025/rosdemo/src/demo/src/demo_node.cpp:24:51:[m[K [01;35m[Kwarning: [m[Kunused parameter ‘[01m[KrosImage[m[K’ [[01;35m[K]8;;https://gcc.gnu.org/onlinedocs/gcc/Warning-Options.html#index-Wunused-parameter-Wunused-parameter]8;;[m[K]
   24 | void demo_node::imageCallback([01;35m[KRosImage::UniquePtr rosImage[m[K)
      |                               [01;35m[K~~~~~~~~~~~~~~~~~~~~^~~~~~~~[m[K
[01m[K/home/dcy/ENG2025/rosdemo/src/demo/src/demo_node.cpp:[m[K In member function ‘[01m[Kvoid demo_node::cameraInfoCallback(const ConstSharedPtr&)[m[K’:
[01m[K/home/dcy/ENG2025/rosdemo/src/demo/src/demo_node.cpp:29:70:[m[K [01;35m[Kwarning: [m[Kunused parameter ‘[01m[KcameraInfo[m[K’ [[01;35m[K]8;;https://gcc.gnu.org/onlinedocs/gcc/Warning-Options.html#index-Wunused-parameter-Wunused-parameter]8;;[m[K]
   29 | void demo_node::cameraInfoCallback([01;35m[Kconst CameraInfo::ConstSharedPtr& cameraInfo[m[K)
      |                                    [01;35m[K~~~~~~~~~~~~~~~~~~~~~~~~~~~~~~~~~~^~~~~~~~~~[m[K
[ 66%] [32m[1mLinking CXX executable demo_node[0m
[100%] Built target demo_node
-- Install configuration: ""
-- Up-to-date: /home/dcy/ENG2025/rosdemo/install/demo/include
-- Up-to-date: /home/dcy/ENG2025/rosdemo/install/demo/include/demo
-- Installing: /home/dcy/ENG2025/rosdemo/install/demo/lib/demo/demo_node
-- Set runtime path of "/home/dcy/ENG2025/rosdemo/install/demo/lib/demo/demo_node" to ""
-- Up-to-date: /home/dcy/ENG2025/rosdemo/install/demo/share/ament_index/resource_index/package_run_dependencies/demo
-- Up-to-date: /home/dcy/ENG2025/rosdemo/install/demo/share/ament_index/resource_index/parent_prefix_path/demo
-- Up-to-date: /home/dcy/ENG2025/rosdemo/install/demo/share/demo/environment/ament_prefix_path.sh
-- Up-to-date: /home/dcy/ENG2025/rosdemo/install/demo/share/demo/environment/ament_prefix_path.dsv
-- Up-to-date: /home/dcy/ENG2025/rosdemo/install/demo/share/demo/environment/path.sh
-- Up-to-date: /home/dcy/ENG2025/rosdemo/install/demo/share/demo/environment/path.dsv
-- Up-to-date: /home/dcy/ENG2025/rosdemo/install/demo/share/demo/local_setup.bash
-- Up-to-date: /home/dcy/ENG2025/rosdemo/install/demo/share/demo/local_setup.sh
-- Up-to-date: /home/dcy/ENG2025/rosdemo/install/demo/share/demo/local_setup.zsh
-- Up-to-date: /home/dcy/ENG2025/rosdemo/install/demo/share/demo/local_setup.dsv
-- Installing: /home/dcy/ENG2025/rosdemo/install/demo/share/demo/package.dsv
-- Up-to-date: /home/dcy/ENG2025/rosdemo/install/demo/share/ament_index/resource_index/packages/demo
-- Up-to-date: /home/dcy/ENG2025/rosdemo/install/demo/share/demo/cmake/ament_cmake_export_dependencies-extras.cmake
-- Up-to-date: /home/dcy/ENG2025/rosdemo/install/demo/share/demo/cmake/ament_cmake_export_include_directories-extras.cmake
-- Up-to-date: /home/dcy/ENG2025/rosdemo/install/demo/share/demo/cmake/demoConfig.cmake
-- Up-to-date: /home/dcy/ENG2025/rosdemo/install/demo/share/demo/cmake/demoConfig-version.cmake
-- Up-to-date: /home/dcy/ENG2025/rosdemo/install/demo/share/demo/package.xml
