[ 33%] [32mBuilding CXX object CMakeFiles/demo_node.dir/src/demo_node.cpp.o[0m
[ 66%] [32m[1mLinking CXX executable demo_node[0m
[100%] Built target demo_node
-- Install configuration: ""
-- Up-to-date: /home/dcy/ENG2025/rosdemo/install/demo/include
-- Up-to-date: /home/dcy/ENG2025/rosdemo/install/demo/include/demo
-- Installing: /home/dcy/ENG2025/rosdemo/install/demo/lib/demo/demo_node
-- Set runtime path of "/home/dcy/ENG2025/rosdemo/install/demo/lib/demo/demo_node" to ""
-- Up-to-date: /home/dcy/ENG2025/rosdemo/install/demo/share/ament_index/resource_index/package_run_dependencies/demo
-- Up-to-date: /home/dcy/ENG2025/rosdemo/install/demo/share/ament_index/resource_index/parent_prefix_path/demo
-- Up-to-date: /home/dcy/ENG2025/rosdemo/install/demo/share/demo/environment/ament_prefix_path.sh
-- Up-to-date: /home/dcy/ENG2025/rosdemo/install/demo/share/demo/environment/ament_prefix_path.dsv
-- Up-to-date: /home/dcy/ENG2025/rosdemo/install/demo/share/demo/environment/path.sh
-- Up-to-date: /home/dcy/ENG2025/rosdemo/install/demo/share/demo/environment/path.dsv
-- Up-to-date: /home/dcy/ENG2025/rosdemo/install/demo/share/demo/local_setup.bash
-- Up-to-date: /home/dcy/ENG2025/rosdemo/install/demo/share/demo/local_setup.sh
-- Up-to-date: /home/dcy/ENG2025/rosdemo/install/demo/share/demo/local_setup.zsh
-- Up-to-date: /home/dcy/ENG2025/rosdemo/install/demo/share/demo/local_setup.dsv
-- Installing: /home/dcy/ENG2025/rosdemo/install/demo/share/demo/package.dsv
-- Up-to-date: /home/dcy/ENG2025/rosdemo/install/demo/share/ament_index/resource_index/packages/demo
-- Up-to-date: /home/dcy/ENG2025/rosdemo/install/demo/share/demo/cmake/ament_cmake_export_dependencies-extras.cmake
-- Up-to-date: /home/dcy/ENG2025/rosdemo/install/demo/share/demo/cmake/ament_cmake_export_include_directories-extras.cmake
-- Up-to-date: /home/dcy/ENG2025/rosdemo/install/demo/share/demo/cmake/demoConfig.cmake
-- Up-to-date: /home/dcy/ENG2025/rosdemo/install/demo/share/demo/cmake/demoConfig-version.cmake
-- Up-to-date: /home/dcy/ENG2025/rosdemo/install/demo/share/demo/package.xml
