[0.007s] Invoking command in '/home/dcy/ENG/ENG2025/build/imgprocess': CMAKE_PREFIX_PATH=/opt/ros/humble /usr/local/bin/cmake --build /home/dcy/ENG/ENG2025/build/imgprocess -- -j16 -l16
[0.036s] [ 20%] [32mBuilding CXX object CMakeFiles/imgprocess.dir/src/ImgProcess.cpp.o[0m
[5.500s] [ 40%] [32m[1mLinking CXX executable imgprocess[0m
[5.892s] [100%] Built target imgprocess
[5.896s] Invoked command in '/home/dcy/ENG/ENG2025/build/imgprocess' returned '0': CMAKE_PREFIX_PATH=/opt/ros/humble /usr/local/bin/cmake --build /home/dcy/ENG/ENG2025/build/imgprocess -- -j16 -l16
[5.927s] Invoking command in '/home/dcy/ENG/ENG2025/build/imgprocess': CMAKE_PREFIX_PATH=/opt/ros/humble /usr/local/bin/cmake --install /home/dcy/ENG/ENG2025/build/imgprocess
[5.929s] -- Install configuration: ""
[5.929s] -- Up-to-date: /home/dcy/ENG/ENG2025/install/imgprocess/include
[5.929s] -- Up-to-date: /home/dcy/ENG/ENG2025/install/imgprocess/include/ImgProcessFuction
[5.929s] -- Up-to-date: /home/dcy/ENG/ENG2025/install/imgprocess/include/ImgProcessFuction/utils.h
[5.929s] -- Up-to-date: /home/dcy/ENG/ENG2025/install/imgprocess/include/ImgProcessFuction/graphic.h
[5.929s] -- Up-to-date: /home/dcy/ENG/ENG2025/install/imgprocess/include/ImgProcessFuction/config.h
[5.929s] -- Installing: /home/dcy/ENG/ENG2025/install/imgprocess/include/ImgProcess.h
[5.930s] -- Installing: /home/dcy/ENG/ENG2025/install/imgprocess/lib/imgprocess/imgprocess
[5.933s] -- Set runtime path of "/home/dcy/ENG/ENG2025/install/imgprocess/lib/imgprocess/imgprocess" to ""
[5.933s] -- Up-to-date: /home/dcy/ENG/ENG2025/install/imgprocess/share/ament_index/resource_index/package_run_dependencies/imgprocess
[5.933s] -- Up-to-date: /home/dcy/ENG/ENG2025/install/imgprocess/share/ament_index/resource_index/parent_prefix_path/imgprocess
[5.933s] -- Up-to-date: /home/dcy/ENG/ENG2025/install/imgprocess/share/imgprocess/environment/ament_prefix_path.sh
[5.933s] -- Up-to-date: /home/dcy/ENG/ENG2025/install/imgprocess/share/imgprocess/environment/ament_prefix_path.dsv
[5.933s] -- Up-to-date: /home/dcy/ENG/ENG2025/install/imgprocess/share/imgprocess/environment/path.sh
[5.933s] -- Up-to-date: /home/dcy/ENG/ENG2025/install/imgprocess/share/imgprocess/environment/path.dsv
[5.933s] -- Up-to-date: /home/dcy/ENG/ENG2025/install/imgprocess/share/imgprocess/local_setup.bash
[5.933s] -- Up-to-date: /home/dcy/ENG/ENG2025/install/imgprocess/share/imgprocess/local_setup.sh
[5.934s] -- Up-to-date: /home/dcy/ENG/ENG2025/install/imgprocess/share/imgprocess/local_setup.zsh
[5.934s] -- Up-to-date: /home/dcy/ENG/ENG2025/install/imgprocess/share/imgprocess/local_setup.dsv
[5.934s] -- Installing: /home/dcy/ENG/ENG2025/install/imgprocess/share/imgprocess/package.dsv
[5.934s] -- Up-to-date: /home/dcy/ENG/ENG2025/install/imgprocess/share/ament_index/resource_index/packages/imgprocess
[5.934s] -- Up-to-date: /home/dcy/ENG/ENG2025/install/imgprocess/share/imgprocess/cmake/ament_cmake_export_dependencies-extras.cmake
[5.934s] -- Up-to-date: /home/dcy/ENG/ENG2025/install/imgprocess/share/imgprocess/cmake/ament_cmake_export_include_directories-extras.cmake
[5.934s] -- Up-to-date: /home/dcy/ENG/ENG2025/install/imgprocess/share/imgprocess/cmake/imgprocessConfig.cmake
[5.934s] -- Up-to-date: /home/dcy/ENG/ENG2025/install/imgprocess/share/imgprocess/cmake/imgprocessConfig-version.cmake
[5.934s] -- Up-to-date: /home/dcy/ENG/ENG2025/install/imgprocess/share/imgprocess/package.xml
[5.935s] Invoked command in '/home/dcy/ENG/ENG2025/build/imgprocess' returned '0': CMAKE_PREFIX_PATH=/opt/ros/humble /usr/local/bin/cmake --install /home/dcy/ENG/ENG2025/build/imgprocess
