[0.056s] DEBUG:colcon:Command line arguments: ['/usr/bin/colcon', 'build']
[0.057s] DEBUG:colcon:Parsed command line arguments: Namespace(log_base=None, log_level=None, verb_name='build', build_base='build', install_base='install', merge_install=False, symlink_install=False, test_result_base=None, continue_on_error=False, executor='parallel', parallel_workers=16, event_handlers=None, ignore_user_meta=False, metas=['./colcon.meta'], base_paths=['.'], packages_ignore=None, packages_ignore_regex=None, paths=None, packages_up_to=None, packages_up_to_regex=None, packages_above=None, packages_above_and_dependencies=None, packages_above_depth=None, packages_select_by_dep=None, packages_skip_by_dep=None, packages_skip_up_to=None, packages_select_build_failed=False, packages_skip_build_finished=False, packages_select_test_failures=False, packages_skip_test_passed=False, packages_select=None, packages_skip=None, packages_select_regex=None, packages_skip_regex=None, packages_start=None, packages_end=None, allow_overriding=[], cmake_args=None, cmake_target=None, cmake_target_skip_unavailable=False, cmake_clean_cache=False, cmake_clean_first=False, cmake_force_configure=False, ament_cmake_args=None, catkin_cmake_args=None, catkin_skip_building_tests=False, verb_parser=<colcon_defaults.argument_parser.defaults.DefaultArgumentsDecorator object at 0x74d3df73c9d0>, verb_extension=<colcon_core.verb.build.BuildVerb object at 0x74d3df851630>, main=<bound method BuildVerb.main of <colcon_core.verb.build.BuildVerb object at 0x74d3df851630>>)
[0.078s] Level 1:colcon.colcon_core.package_discovery:discover_packages(colcon_meta) check parameters
[0.078s] Level 1:colcon.colcon_core.package_discovery:discover_packages(recursive) check parameters
[0.078s] Level 1:colcon.colcon_core.package_discovery:discover_packages(ignore) check parameters
[0.078s] Level 1:colcon.colcon_core.package_discovery:discover_packages(path) check parameters
[0.078s] Level 1:colcon.colcon_core.package_discovery:discover_packages(colcon_meta) discover
[0.078s] Level 1:colcon.colcon_core.package_discovery:discover_packages(recursive) discover
[0.078s] INFO:colcon.colcon_core.package_discovery:Crawling recursively for packages in '/home/dcy/ENG/ENG2025'
[0.078s] Level 1:colcon.colcon_core.package_identification:_identify(.) by extensions ['ignore', 'ignore_ament_install']
[0.078s] Level 1:colcon.colcon_core.package_identification:_identify(.) by extension 'ignore'
[0.078s] Level 1:colcon.colcon_core.package_identification:_identify(.) by extension 'ignore_ament_install'
[0.079s] Level 1:colcon.colcon_core.package_identification:_identify(.) by extensions ['colcon_pkg']
[0.079s] Level 1:colcon.colcon_core.package_identification:_identify(.) by extension 'colcon_pkg'
[0.079s] Level 1:colcon.colcon_core.package_identification:_identify(.) by extensions ['colcon_meta']
[0.079s] Level 1:colcon.colcon_core.package_identification:_identify(.) by extension 'colcon_meta'
[0.079s] Level 1:colcon.colcon_core.package_identification:_identify(.) by extensions ['ros']
[0.079s] Level 1:colcon.colcon_core.package_identification:_identify(.) by extension 'ros'
[0.087s] Level 1:colcon.colcon_core.package_identification:_identify(.) by extensions ['cmake', 'python']
[0.087s] Level 1:colcon.colcon_core.package_identification:_identify(.) by extension 'cmake'
[0.087s] Level 1:colcon.colcon_core.package_identification:_identify(.) by extension 'python'
[0.087s] Level 1:colcon.colcon_core.package_identification:_identify(.) by extensions ['python_setup_py']
[0.087s] Level 1:colcon.colcon_core.package_identification:_identify(.) by extension 'python_setup_py'
[0.087s] Level 1:colcon.colcon_core.package_identification:_identify(build) by extensions ['ignore', 'ignore_ament_install']
[0.087s] Level 1:colcon.colcon_core.package_identification:_identify(build) by extension 'ignore'
[0.087s] Level 1:colcon.colcon_core.package_identification:_identify(build) ignored
[0.087s] Level 1:colcon.colcon_core.package_identification:_identify(install) by extensions ['ignore', 'ignore_ament_install']
[0.087s] Level 1:colcon.colcon_core.package_identification:_identify(install) by extension 'ignore'
[0.087s] Level 1:colcon.colcon_core.package_identification:_identify(install) ignored
[0.087s] Level 1:colcon.colcon_core.package_identification:_identify(log) by extensions ['ignore', 'ignore_ament_install']
[0.087s] Level 1:colcon.colcon_core.package_identification:_identify(log) by extension 'ignore'
[0.087s] Level 1:colcon.colcon_core.package_identification:_identify(log) ignored
[0.087s] Level 1:colcon.colcon_core.package_identification:_identify(src) by extensions ['ignore', 'ignore_ament_install']
[0.087s] Level 1:colcon.colcon_core.package_identification:_identify(src) by extension 'ignore'
[0.087s] Level 1:colcon.colcon_core.package_identification:_identify(src) by extension 'ignore_ament_install'
[0.087s] Level 1:colcon.colcon_core.package_identification:_identify(src) by extensions ['colcon_pkg']
[0.087s] Level 1:colcon.colcon_core.package_identification:_identify(src) by extension 'colcon_pkg'
[0.087s] Level 1:colcon.colcon_core.package_identification:_identify(src) by extensions ['colcon_meta']
[0.087s] Level 1:colcon.colcon_core.package_identification:_identify(src) by extension 'colcon_meta'
[0.087s] Level 1:colcon.colcon_core.package_identification:_identify(src) by extensions ['ros']
[0.087s] Level 1:colcon.colcon_core.package_identification:_identify(src) by extension 'ros'
[0.087s] Level 1:colcon.colcon_core.package_identification:_identify(src) by extensions ['cmake', 'python']
[0.087s] Level 1:colcon.colcon_core.package_identification:_identify(src) by extension 'cmake'
[0.087s] Level 1:colcon.colcon_core.package_identification:_identify(src) by extension 'python'
[0.087s] Level 1:colcon.colcon_core.package_identification:_identify(src) by extensions ['python_setup_py']
[0.087s] Level 1:colcon.colcon_core.package_identification:_identify(src) by extension 'python_setup_py'
[0.087s] Level 1:colcon.colcon_core.package_identification:_identify(src/ImgProcess) by extensions ['ignore', 'ignore_ament_install']
[0.088s] Level 1:colcon.colcon_core.package_identification:_identify(src/ImgProcess) by extension 'ignore'
[0.088s] Level 1:colcon.colcon_core.package_identification:_identify(src/ImgProcess) by extension 'ignore_ament_install'
[0.088s] Level 1:colcon.colcon_core.package_identification:_identify(src/ImgProcess) by extensions ['colcon_pkg']
[0.088s] Level 1:colcon.colcon_core.package_identification:_identify(src/ImgProcess) by extension 'colcon_pkg'
[0.088s] Level 1:colcon.colcon_core.package_identification:_identify(src/ImgProcess) by extensions ['colcon_meta']
[0.088s] Level 1:colcon.colcon_core.package_identification:_identify(src/ImgProcess) by extension 'colcon_meta'
[0.088s] Level 1:colcon.colcon_core.package_identification:_identify(src/ImgProcess) by extensions ['ros']
[0.088s] Level 1:colcon.colcon_core.package_identification:_identify(src/ImgProcess) by extension 'ros'
[0.089s] DEBUG:colcon.colcon_core.package_identification:Package 'src/ImgProcess' with type 'ros.ament_cmake' and name 'imgprocess'
[0.089s] Level 1:colcon.colcon_core.package_identification:_identify(src/hik_camera) by extensions ['ignore', 'ignore_ament_install']
[0.089s] Level 1:colcon.colcon_core.package_identification:_identify(src/hik_camera) by extension 'ignore'
[0.089s] Level 1:colcon.colcon_core.package_identification:_identify(src/hik_camera) by extension 'ignore_ament_install'
[0.089s] Level 1:colcon.colcon_core.package_identification:_identify(src/hik_camera) by extensions ['colcon_pkg']
[0.089s] Level 1:colcon.colcon_core.package_identification:_identify(src/hik_camera) by extension 'colcon_pkg'
[0.089s] Level 1:colcon.colcon_core.package_identification:_identify(src/hik_camera) by extensions ['colcon_meta']
[0.089s] Level 1:colcon.colcon_core.package_identification:_identify(src/hik_camera) by extension 'colcon_meta'
[0.089s] Level 1:colcon.colcon_core.package_identification:_identify(src/hik_camera) by extensions ['ros']
[0.089s] Level 1:colcon.colcon_core.package_identification:_identify(src/hik_camera) by extension 'ros'
[0.090s] DEBUG:colcon.colcon_core.package_identification:Package 'src/hik_camera' with type 'ros.ament_cmake' and name 'hik_camera'
[0.090s] Level 1:colcon.colcon_core.package_discovery:discover_packages(recursive) using defaults
[0.090s] Level 1:colcon.colcon_core.package_discovery:discover_packages(ignore) discover
[0.090s] Level 1:colcon.colcon_core.package_discovery:discover_packages(ignore) using defaults
[0.090s] Level 1:colcon.colcon_core.package_discovery:discover_packages(path) discover
[0.090s] Level 1:colcon.colcon_core.package_discovery:discover_packages(path) using defaults
[0.100s] Level 1:colcon.colcon_core.package_discovery:discover_packages(prefix_path) check parameters
[0.100s] Level 1:colcon.colcon_core.package_discovery:discover_packages(prefix_path) discover
[0.102s] DEBUG:colcon.colcon_installed_package_information.package_discovery:Found 326 installed packages in /opt/ros/humble
[0.103s] Level 1:colcon.colcon_core.package_discovery:discover_packages(prefix_path) using defaults
[0.125s] Level 5:colcon.colcon_core.verb:set package 'hik_camera' build argument 'cmake_args' from command line to 'None'
[0.125s] Level 5:colcon.colcon_core.verb:set package 'hik_camera' build argument 'cmake_target' from command line to 'None'
[0.125s] Level 5:colcon.colcon_core.verb:set package 'hik_camera' build argument 'cmake_target_skip_unavailable' from command line to 'False'
[0.125s] Level 5:colcon.colcon_core.verb:set package 'hik_camera' build argument 'cmake_clean_cache' from command line to 'False'
[0.125s] Level 5:colcon.colcon_core.verb:set package 'hik_camera' build argument 'cmake_clean_first' from command line to 'False'
[0.125s] Level 5:colcon.colcon_core.verb:set package 'hik_camera' build argument 'cmake_force_configure' from command line to 'False'
[0.125s] Level 5:colcon.colcon_core.verb:set package 'hik_camera' build argument 'ament_cmake_args' from command line to 'None'
[0.125s] Level 5:colcon.colcon_core.verb:set package 'hik_camera' build argument 'catkin_cmake_args' from command line to 'None'
[0.125s] Level 5:colcon.colcon_core.verb:set package 'hik_camera' build argument 'catkin_skip_building_tests' from command line to 'False'
[0.125s] DEBUG:colcon.colcon_core.verb:Building package 'hik_camera' with the following arguments: {'ament_cmake_args': None, 'build_base': '/home/dcy/ENG/ENG2025/build/hik_camera', 'catkin_cmake_args': None, 'catkin_skip_building_tests': False, 'cmake_args': None, 'cmake_clean_cache': False, 'cmake_clean_first': False, 'cmake_force_configure': False, 'cmake_target': None, 'cmake_target_skip_unavailable': False, 'install_base': '/home/dcy/ENG/ENG2025/install/hik_camera', 'merge_install': False, 'path': '/home/dcy/ENG/ENG2025/src/hik_camera', 'symlink_install': False, 'test_result_base': None}
[0.125s] Level 5:colcon.colcon_core.verb:set package 'imgprocess' build argument 'cmake_args' from command line to 'None'
[0.125s] Level 5:colcon.colcon_core.verb:set package 'imgprocess' build argument 'cmake_target' from command line to 'None'
[0.125s] Level 5:colcon.colcon_core.verb:set package 'imgprocess' build argument 'cmake_target_skip_unavailable' from command line to 'False'
[0.125s] Level 5:colcon.colcon_core.verb:set package 'imgprocess' build argument 'cmake_clean_cache' from command line to 'False'
[0.125s] Level 5:colcon.colcon_core.verb:set package 'imgprocess' build argument 'cmake_clean_first' from command line to 'False'
[0.125s] Level 5:colcon.colcon_core.verb:set package 'imgprocess' build argument 'cmake_force_configure' from command line to 'False'
[0.125s] Level 5:colcon.colcon_core.verb:set package 'imgprocess' build argument 'ament_cmake_args' from command line to 'None'
[0.125s] Level 5:colcon.colcon_core.verb:set package 'imgprocess' build argument 'catkin_cmake_args' from command line to 'None'
[0.125s] Level 5:colcon.colcon_core.verb:set package 'imgprocess' build argument 'catkin_skip_building_tests' from command line to 'False'
[0.125s] DEBUG:colcon.colcon_core.verb:Building package 'imgprocess' with the following arguments: {'ament_cmake_args': None, 'build_base': '/home/dcy/ENG/ENG2025/build/imgprocess', 'catkin_cmake_args': None, 'catkin_skip_building_tests': False, 'cmake_args': None, 'cmake_clean_cache': False, 'cmake_clean_first': False, 'cmake_force_configure': False, 'cmake_target': None, 'cmake_target_skip_unavailable': False, 'install_base': '/home/dcy/ENG/ENG2025/install/imgprocess', 'merge_install': False, 'path': '/home/dcy/ENG/ENG2025/src/ImgProcess', 'symlink_install': False, 'test_result_base': None}
[0.125s] INFO:colcon.colcon_core.executor:Executing jobs using 'parallel' executor
[0.126s] DEBUG:colcon.colcon_parallel_executor.executor.parallel:run_until_complete
[0.126s] INFO:colcon.colcon_ros.task.ament_cmake.build:Building ROS package in '/home/dcy/ENG/ENG2025/src/hik_camera' with build type 'ament_cmake'
[0.126s] INFO:colcon.colcon_cmake.task.cmake.build:Building CMake package in '/home/dcy/ENG/ENG2025/src/hik_camera'
[0.127s] INFO:colcon.colcon_core.plugin_system:Skipping extension 'colcon_core.shell.bat': Not used on non-Windows systems
[0.127s] INFO:colcon.colcon_core.shell:Skip shell extension 'powershell' for command environment: Not usable outside of PowerShell
[0.127s] DEBUG:colcon.colcon_core.shell:Skip shell extension 'dsv' for command environment
[0.129s] INFO:colcon.colcon_ros.task.ament_cmake.build:Building ROS package in '/home/dcy/ENG/ENG2025/src/ImgProcess' with build type 'ament_cmake'
[0.129s] INFO:colcon.colcon_cmake.task.cmake.build:Building CMake package in '/home/dcy/ENG/ENG2025/src/ImgProcess'
[0.129s] INFO:colcon.colcon_core.shell:Skip shell extension 'powershell' for command environment: Not usable outside of PowerShell
[0.129s] DEBUG:colcon.colcon_core.shell:Skip shell extension 'dsv' for command environment
[0.134s] DEBUG:colcon.colcon_core.event_handler.log_command:Invoking command in '/home/dcy/ENG/ENG2025/build/hik_camera': CMAKE_PREFIX_PATH=/opt/ros/humble /usr/local/bin/cmake --build /home/dcy/ENG/ENG2025/build/hik_camera -- -j16 -l16
[0.137s] DEBUG:colcon.colcon_core.event_handler.log_command:Invoking command in '/home/dcy/ENG/ENG2025/build/imgprocess': CMAKE_PREFIX_PATH=/opt/ros/humble /usr/local/bin/cmake /home/dcy/ENG/ENG2025/src/ImgProcess -DCMAKE_INSTALL_PREFIX=/home/dcy/ENG/ENG2025/install/imgprocess
[0.157s] DEBUG:colcon.colcon_core.event_handler.log_command:Invoked command in '/home/dcy/ENG/ENG2025/build/hik_camera' returned '0': CMAKE_PREFIX_PATH=/opt/ros/humble /usr/local/bin/cmake --build /home/dcy/ENG/ENG2025/build/hik_camera -- -j16 -l16
[0.190s] DEBUG:colcon.colcon_core.event_handler.log_command:Invoking command in '/home/dcy/ENG/ENG2025/build/hik_camera': CMAKE_PREFIX_PATH=/opt/ros/humble /usr/local/bin/cmake --install /home/dcy/ENG/ENG2025/build/hik_camera
[0.193s] Level 1:colcon.colcon_core.environment:create_environment_scripts_only(hik_camera)
[0.193s] DEBUG:colcon.colcon_core.event_handler.log_command:Invoked command in '/home/dcy/ENG/ENG2025/build/hik_camera' returned '0': CMAKE_PREFIX_PATH=/opt/ros/humble /usr/local/bin/cmake --install /home/dcy/ENG/ENG2025/build/hik_camera
[0.195s] Level 1:colcon.colcon_core.environment:checking '/home/dcy/ENG/ENG2025/install/hik_camera' for CMake module files
[0.195s] Level 1:colcon.colcon_core.environment:checking '/home/dcy/ENG/ENG2025/install/hik_camera' for CMake config files
[0.195s] Level 1:colcon.colcon_core.shell:create_environment_hook('hik_camera', 'cmake_prefix_path')
[0.196s] INFO:colcon.colcon_core.shell:Creating environment hook '/home/dcy/ENG/ENG2025/install/hik_camera/share/hik_camera/hook/cmake_prefix_path.ps1'
[0.196s] INFO:colcon.colcon_core.shell:Creating environment descriptor '/home/dcy/ENG/ENG2025/install/hik_camera/share/hik_camera/hook/cmake_prefix_path.dsv'
[0.196s] INFO:colcon.colcon_core.shell:Creating environment hook '/home/dcy/ENG/ENG2025/install/hik_camera/share/hik_camera/hook/cmake_prefix_path.sh'
[0.197s] Level 1:colcon.colcon_core.environment:checking '/home/dcy/ENG/ENG2025/install/hik_camera/lib'
[0.197s] Level 1:colcon.colcon_core.shell:create_environment_hook('hik_camera', 'ld_library_path_lib')
[0.197s] INFO:colcon.colcon_core.shell:Creating environment hook '/home/dcy/ENG/ENG2025/install/hik_camera/share/hik_camera/hook/ld_library_path_lib.ps1'
[0.197s] INFO:colcon.colcon_core.shell:Creating environment descriptor '/home/dcy/ENG/ENG2025/install/hik_camera/share/hik_camera/hook/ld_library_path_lib.dsv'
[0.197s] INFO:colcon.colcon_core.shell:Creating environment hook '/home/dcy/ENG/ENG2025/install/hik_camera/share/hik_camera/hook/ld_library_path_lib.sh'
[0.198s] Level 1:colcon.colcon_core.environment:checking '/home/dcy/ENG/ENG2025/install/hik_camera/bin'
[0.198s] Level 1:colcon.colcon_core.environment:checking '/home/dcy/ENG/ENG2025/install/hik_camera/lib/pkgconfig/hik_camera.pc'
[0.198s] Level 1:colcon.colcon_core.environment:checking '/home/dcy/ENG/ENG2025/install/hik_camera/lib/python3.10/site-packages'
[0.198s] Level 1:colcon.colcon_core.environment:checking '/home/dcy/ENG/ENG2025/install/hik_camera/bin'
[0.198s] INFO:colcon.colcon_core.shell:Creating package script '/home/dcy/ENG/ENG2025/install/hik_camera/share/hik_camera/package.ps1'
[0.198s] INFO:colcon.colcon_core.shell:Creating package descriptor '/home/dcy/ENG/ENG2025/install/hik_camera/share/hik_camera/package.dsv'
[0.199s] INFO:colcon.colcon_core.shell:Creating package script '/home/dcy/ENG/ENG2025/install/hik_camera/share/hik_camera/package.sh'
[0.199s] INFO:colcon.colcon_core.shell:Creating package script '/home/dcy/ENG/ENG2025/install/hik_camera/share/hik_camera/package.bash'
[0.199s] INFO:colcon.colcon_core.shell:Creating package script '/home/dcy/ENG/ENG2025/install/hik_camera/share/hik_camera/package.zsh'
[0.200s] Level 1:colcon.colcon_core.environment:create_file_with_runtime_dependencies(/home/dcy/ENG/ENG2025/install/hik_camera/share/colcon-core/packages/hik_camera)
[0.227s] Level 1:colcon.colcon_core.environment:create_environment_scripts_only(hik_camera)
[0.227s] Level 1:colcon.colcon_core.environment:checking '/home/dcy/ENG/ENG2025/install/hik_camera' for CMake module files
[0.228s] Level 1:colcon.colcon_core.environment:checking '/home/dcy/ENG/ENG2025/install/hik_camera' for CMake config files
[0.228s] Level 1:colcon.colcon_core.shell:create_environment_hook('hik_camera', 'cmake_prefix_path')
[0.228s] INFO:colcon.colcon_core.shell:Creating environment hook '/home/dcy/ENG/ENG2025/install/hik_camera/share/hik_camera/hook/cmake_prefix_path.ps1'
[0.228s] INFO:colcon.colcon_core.shell:Creating environment descriptor '/home/dcy/ENG/ENG2025/install/hik_camera/share/hik_camera/hook/cmake_prefix_path.dsv'
[0.228s] INFO:colcon.colcon_core.shell:Creating environment hook '/home/dcy/ENG/ENG2025/install/hik_camera/share/hik_camera/hook/cmake_prefix_path.sh'
[0.229s] Level 1:colcon.colcon_core.environment:checking '/home/dcy/ENG/ENG2025/install/hik_camera/lib'
[0.229s] Level 1:colcon.colcon_core.shell:create_environment_hook('hik_camera', 'ld_library_path_lib')
[0.229s] INFO:colcon.colcon_core.shell:Creating environment hook '/home/dcy/ENG/ENG2025/install/hik_camera/share/hik_camera/hook/ld_library_path_lib.ps1'
[0.229s] INFO:colcon.colcon_core.shell:Creating environment descriptor '/home/dcy/ENG/ENG2025/install/hik_camera/share/hik_camera/hook/ld_library_path_lib.dsv'
[0.229s] INFO:colcon.colcon_core.shell:Creating environment hook '/home/dcy/ENG/ENG2025/install/hik_camera/share/hik_camera/hook/ld_library_path_lib.sh'
[0.229s] Level 1:colcon.colcon_core.environment:checking '/home/dcy/ENG/ENG2025/install/hik_camera/bin'
[0.229s] Level 1:colcon.colcon_core.environment:checking '/home/dcy/ENG/ENG2025/install/hik_camera/lib/pkgconfig/hik_camera.pc'
[0.230s] Level 1:colcon.colcon_core.environment:checking '/home/dcy/ENG/ENG2025/install/hik_camera/lib/python3.10/site-packages'
[0.230s] Level 1:colcon.colcon_core.environment:checking '/home/dcy/ENG/ENG2025/install/hik_camera/bin'
[0.230s] INFO:colcon.colcon_core.shell:Creating package script '/home/dcy/ENG/ENG2025/install/hik_camera/share/hik_camera/package.ps1'
[0.230s] INFO:colcon.colcon_core.shell:Creating package descriptor '/home/dcy/ENG/ENG2025/install/hik_camera/share/hik_camera/package.dsv'
[0.230s] INFO:colcon.colcon_core.shell:Creating package script '/home/dcy/ENG/ENG2025/install/hik_camera/share/hik_camera/package.sh'
[0.230s] INFO:colcon.colcon_core.shell:Creating package script '/home/dcy/ENG/ENG2025/install/hik_camera/share/hik_camera/package.bash'
[0.231s] INFO:colcon.colcon_core.shell:Creating package script '/home/dcy/ENG/ENG2025/install/hik_camera/share/hik_camera/package.zsh'
[0.231s] Level 1:colcon.colcon_core.environment:create_file_with_runtime_dependencies(/home/dcy/ENG/ENG2025/install/hik_camera/share/colcon-core/packages/hik_camera)
[0.836s] DEBUG:colcon.colcon_core.event_handler.log_command:Invoked command in '/home/dcy/ENG/ENG2025/build/imgprocess' returned '0': CMAKE_PREFIX_PATH=/opt/ros/humble /usr/local/bin/cmake /home/dcy/ENG/ENG2025/src/ImgProcess -DCMAKE_INSTALL_PREFIX=/home/dcy/ENG/ENG2025/install/imgprocess
[0.837s] DEBUG:colcon.colcon_core.event_handler.log_command:Invoking command in '/home/dcy/ENG/ENG2025/build/imgprocess': CMAKE_PREFIX_PATH=/opt/ros/humble /usr/local/bin/cmake --build /home/dcy/ENG/ENG2025/build/imgprocess -- -j16 -l16
[9.011s] DEBUG:colcon.colcon_core.event_handler.log_command:Invoked command in '/home/dcy/ENG/ENG2025/build/imgprocess' returned '0': CMAKE_PREFIX_PATH=/opt/ros/humble /usr/local/bin/cmake --build /home/dcy/ENG/ENG2025/build/imgprocess -- -j16 -l16
[9.038s] DEBUG:colcon.colcon_core.event_handler.log_command:Invoking command in '/home/dcy/ENG/ENG2025/build/imgprocess': CMAKE_PREFIX_PATH=/opt/ros/humble /usr/local/bin/cmake --install /home/dcy/ENG/ENG2025/build/imgprocess
[9.046s] Level 1:colcon.colcon_core.environment:create_environment_scripts_only(imgprocess)
[9.046s] Level 1:colcon.colcon_core.environment:checking '/home/dcy/ENG/ENG2025/install/imgprocess' for CMake module files
[9.046s] DEBUG:colcon.colcon_core.event_handler.log_command:Invoked command in '/home/dcy/ENG/ENG2025/build/imgprocess' returned '0': CMAKE_PREFIX_PATH=/opt/ros/humble /usr/local/bin/cmake --install /home/dcy/ENG/ENG2025/build/imgprocess
[9.047s] Level 1:colcon.colcon_core.environment:checking '/home/dcy/ENG/ENG2025/install/imgprocess' for CMake config files
[9.047s] Level 1:colcon.colcon_core.shell:create_environment_hook('imgprocess', 'cmake_prefix_path')
[9.047s] INFO:colcon.colcon_core.shell:Creating environment hook '/home/dcy/ENG/ENG2025/install/imgprocess/share/imgprocess/hook/cmake_prefix_path.ps1'
[9.047s] INFO:colcon.colcon_core.shell:Creating environment descriptor '/home/dcy/ENG/ENG2025/install/imgprocess/share/imgprocess/hook/cmake_prefix_path.dsv'
[9.048s] INFO:colcon.colcon_core.shell:Creating environment hook '/home/dcy/ENG/ENG2025/install/imgprocess/share/imgprocess/hook/cmake_prefix_path.sh'
[9.048s] Level 1:colcon.colcon_core.environment:checking '/home/dcy/ENG/ENG2025/install/imgprocess/lib'
[9.048s] Level 1:colcon.colcon_core.environment:checking '/home/dcy/ENG/ENG2025/install/imgprocess/bin'
[9.048s] Level 1:colcon.colcon_core.environment:checking '/home/dcy/ENG/ENG2025/install/imgprocess/lib/pkgconfig/imgprocess.pc'
[9.048s] Level 1:colcon.colcon_core.environment:checking '/home/dcy/ENG/ENG2025/install/imgprocess/lib/python3.10/site-packages'
[9.048s] Level 1:colcon.colcon_core.environment:checking '/home/dcy/ENG/ENG2025/install/imgprocess/bin'
[9.048s] INFO:colcon.colcon_core.shell:Creating package script '/home/dcy/ENG/ENG2025/install/imgprocess/share/imgprocess/package.ps1'
[9.048s] INFO:colcon.colcon_core.shell:Creating package descriptor '/home/dcy/ENG/ENG2025/install/imgprocess/share/imgprocess/package.dsv'
[9.049s] INFO:colcon.colcon_core.shell:Creating package script '/home/dcy/ENG/ENG2025/install/imgprocess/share/imgprocess/package.sh'
[9.049s] INFO:colcon.colcon_core.shell:Creating package script '/home/dcy/ENG/ENG2025/install/imgprocess/share/imgprocess/package.bash'
[9.049s] INFO:colcon.colcon_core.shell:Creating package script '/home/dcy/ENG/ENG2025/install/imgprocess/share/imgprocess/package.zsh'
[9.049s] Level 1:colcon.colcon_core.environment:create_file_with_runtime_dependencies(/home/dcy/ENG/ENG2025/install/imgprocess/share/colcon-core/packages/imgprocess)
[9.076s] Level 1:colcon.colcon_core.environment:create_environment_scripts_only(imgprocess)
[9.076s] Level 1:colcon.colcon_core.environment:checking '/home/dcy/ENG/ENG2025/install/imgprocess' for CMake module files
[9.077s] Level 1:colcon.colcon_core.environment:checking '/home/dcy/ENG/ENG2025/install/imgprocess' for CMake config files
[9.077s] Level 1:colcon.colcon_core.shell:create_environment_hook('imgprocess', 'cmake_prefix_path')
[9.077s] INFO:colcon.colcon_core.shell:Creating environment hook '/home/dcy/ENG/ENG2025/install/imgprocess/share/imgprocess/hook/cmake_prefix_path.ps1'
[9.077s] INFO:colcon.colcon_core.shell:Creating environment descriptor '/home/dcy/ENG/ENG2025/install/imgprocess/share/imgprocess/hook/cmake_prefix_path.dsv'
[9.077s] INFO:colcon.colcon_core.shell:Creating environment hook '/home/dcy/ENG/ENG2025/install/imgprocess/share/imgprocess/hook/cmake_prefix_path.sh'
[9.078s] Level 1:colcon.colcon_core.environment:checking '/home/dcy/ENG/ENG2025/install/imgprocess/lib'
[9.078s] Level 1:colcon.colcon_core.environment:checking '/home/dcy/ENG/ENG2025/install/imgprocess/bin'
[9.078s] Level 1:colcon.colcon_core.environment:checking '/home/dcy/ENG/ENG2025/install/imgprocess/lib/pkgconfig/imgprocess.pc'
[9.078s] Level 1:colcon.colcon_core.environment:checking '/home/dcy/ENG/ENG2025/install/imgprocess/lib/python3.10/site-packages'
[9.078s] Level 1:colcon.colcon_core.environment:checking '/home/dcy/ENG/ENG2025/install/imgprocess/bin'
[9.078s] INFO:colcon.colcon_core.shell:Creating package script '/home/dcy/ENG/ENG2025/install/imgprocess/share/imgprocess/package.ps1'
[9.078s] INFO:colcon.colcon_core.shell:Creating package descriptor '/home/dcy/ENG/ENG2025/install/imgprocess/share/imgprocess/package.dsv'
[9.079s] INFO:colcon.colcon_core.shell:Creating package script '/home/dcy/ENG/ENG2025/install/imgprocess/share/imgprocess/package.sh'
[9.079s] INFO:colcon.colcon_core.shell:Creating package script '/home/dcy/ENG/ENG2025/install/imgprocess/share/imgprocess/package.bash'
[9.079s] INFO:colcon.colcon_core.shell:Creating package script '/home/dcy/ENG/ENG2025/install/imgprocess/share/imgprocess/package.zsh'
[9.079s] Level 1:colcon.colcon_core.environment:create_file_with_runtime_dependencies(/home/dcy/ENG/ENG2025/install/imgprocess/share/colcon-core/packages/imgprocess)
[9.080s] DEBUG:colcon.colcon_parallel_executor.executor.parallel:closing loop
[9.080s] DEBUG:colcon.colcon_parallel_executor.executor.parallel:loop closed
[9.080s] DEBUG:colcon.colcon_parallel_executor.executor.parallel:run_until_complete finished with '0'
[9.080s] DEBUG:colcon.colcon_core.event_reactor:joining thread
[9.083s] INFO:colcon.colcon_core.plugin_system:Skipping extension 'colcon_notification.desktop_notification.terminal_notifier': Not used on non-Darwin systems
[9.083s] INFO:colcon.colcon_core.plugin_system:Skipping extension 'colcon_notification.desktop_notification.win32': Not used on non-Windows systems
[9.083s] INFO:colcon.colcon_notification.desktop_notification:Sending desktop notification using 'notify2'
[9.091s] DEBUG:colcon.colcon_core.event_reactor:joined thread
[9.091s] INFO:colcon.colcon_core.shell:Creating prefix script '/home/dcy/ENG/ENG2025/install/local_setup.ps1'
[9.092s] INFO:colcon.colcon_core.shell:Creating prefix util module '/home/dcy/ENG/ENG2025/install/_local_setup_util_ps1.py'
[9.093s] INFO:colcon.colcon_core.shell:Creating prefix chain script '/home/dcy/ENG/ENG2025/install/setup.ps1'
[9.093s] INFO:colcon.colcon_core.shell:Creating prefix script '/home/dcy/ENG/ENG2025/install/local_setup.sh'
[9.093s] INFO:colcon.colcon_core.shell:Creating prefix util module '/home/dcy/ENG/ENG2025/install/_local_setup_util_sh.py'
[9.094s] INFO:colcon.colcon_core.shell:Creating prefix chain script '/home/dcy/ENG/ENG2025/install/setup.sh'
[9.094s] INFO:colcon.colcon_core.shell:Creating prefix script '/home/dcy/ENG/ENG2025/install/local_setup.bash'
[9.094s] INFO:colcon.colcon_core.shell:Creating prefix chain script '/home/dcy/ENG/ENG2025/install/setup.bash'
[9.095s] INFO:colcon.colcon_core.shell:Creating prefix script '/home/dcy/ENG/ENG2025/install/local_setup.zsh'
[9.095s] INFO:colcon.colcon_core.shell:Creating prefix chain script '/home/dcy/ENG/ENG2025/install/setup.zsh'
