[0.009s] Invoking command in '/home/dcy/ENG/ENG2025/src/build/hik_camera': CMAKE_PREFIX_PATH=/opt/ros/humble /usr/local/bin/cmake /home/dcy/ENG/ENG2025/src/hik_camera -DCMAKE_INSTALL_PREFIX=/home/dcy/ENG/ENG2025/src/install/hik_camera
[0.075s] -- The C compiler identification is GNU 11.4.0
[0.114s] -- The CXX compiler identification is GNU 11.4.0
[0.124s] -- Detecting C compiler ABI info
[0.170s] -- Detecting C compiler ABI info - done
[0.176s] -- Check for working C compiler: /usr/bin/cc - skipped
[0.176s] -- Detecting C compile features
[0.177s] -- Detecting C compile features - done
[0.179s] -- Detecting CXX compiler ABI info
[0.228s] -- Detecting CXX compiler ABI info - done
[0.234s] -- Check for working CXX compiler: /usr/bin/c++ - skipped
[0.234s] -- Detecting CXX compile features
[0.235s] -- Detecting CXX compile features - done
[0.236s] -- Found ament_cmake_auto: 1.3.11 (/opt/ros/humble/share/ament_cmake_auto/cmake)
[0.439s] -- Found Python3: /usr/bin/python3 (found version "3.10.12") found components: Interpreter 
[0.556s] -- Found rosidl_generator_c: 3.1.6 (/opt/ros/humble/share/rosidl_generator_c/cmake)
[0.560s] -- Found rosidl_adapter: 3.1.6 (/opt/ros/humble/share/rosidl_adapter/cmake)
[0.565s] -- Found rosidl_generator_cpp: 3.1.6 (/opt/ros/humble/share/rosidl_generator_cpp/cmake)
[0.573s] -- Using all available rosidl_typesupport_c: rosidl_typesupport_fastrtps_c;rosidl_typesupport_introspection_c
[0.585s] -- Using all available rosidl_typesupport_cpp: rosidl_typesupport_fastrtps_cpp;rosidl_typesupport_introspection_cpp
[0.614s] -- Found rmw_implementation_cmake: 6.1.2 (/opt/ros/humble/share/rmw_implementation_cmake/cmake)
[0.616s] -- Found rmw_fastrtps_cpp: 6.2.7 (/opt/ros/humble/share/rmw_fastrtps_cpp/cmake)
[0.684s] -- Found OpenSSL: /usr/lib/x86_64-linux-gnu/libcrypto.so (found version "3.0.2")  
[0.704s] -- Found FastRTPS: /opt/ros/humble/include  
[0.734s] -- Using RMW implementation 'rmw_fastrtps_cpp' as default
[0.740s] -- Performing Test CMAKE_HAVE_LIBC_PTHREAD
[0.789s] -- Performing Test CMAKE_HAVE_LIBC_PTHREAD - Success
[0.790s] -- Found Threads: TRUE  
[0.879s] -- Found ament_lint_auto: 0.12.11 (/opt/ros/humble/share/ament_lint_auto/cmake)
[0.897s] -- Added test 'cppcheck' to perform static code analysis on C / C++ code
[0.897s] -- Configured cppcheck include dirs: /home/dcy/ENG/ENG2025/src/hik_camera/include
[0.897s] -- Configured cppcheck exclude dirs and/or files: 
[0.900s] -- Added test 'lint_cmake' to check CMake code style
[0.909s] -- Added test 'uncrustify' to check C / C++ code style
[0.909s] -- Configured uncrustify additional arguments: 
[0.911s] -- Added test 'xmllint' to check XML markup files
[0.912s] -- Configuring done (0.9s)
[0.924s] -- Generating done (0.0s)
[0.929s] -- Build files have been written to: /home/dcy/ENG/ENG2025/src/build/hik_camera
[0.936s] Invoked command in '/home/dcy/ENG/ENG2025/src/build/hik_camera' returned '0': CMAKE_PREFIX_PATH=/opt/ros/humble /usr/local/bin/cmake /home/dcy/ENG/ENG2025/src/hik_camera -DCMAKE_INSTALL_PREFIX=/home/dcy/ENG/ENG2025/src/install/hik_camera
[0.937s] Invoking command in '/home/dcy/ENG/ENG2025/src/build/hik_camera': CMAKE_PREFIX_PATH=/opt/ros/humble /usr/local/bin/cmake --build /home/dcy/ENG/ENG2025/src/build/hik_camera -- -j16 -l16
[0.955s] [ 12%] [32mBuilding CXX object CMakeFiles/camera_node.dir/src/camera_node.cpp.o[0m
[0.955s] [ 25%] [32mBuilding CXX object CMakeFiles/camera.dir/rclcpp_components/node_main_camera.cpp.o[0m
[0.956s] [ 37%] [32mBuilding CXX object CMakeFiles/camera_node.dir/src/hik_camera.cpp.o[0m
[0.956s] [ 50%] [32mBuilding CXX object CMakeFiles/camera_component.dir/src/camera_component.cpp.o[0m
[0.956s] [ 62%] [32mBuilding CXX object CMakeFiles/camera_component.dir/src/hik_camera.cpp.o[0m
[2.755s] gmake[2]: *** [CMakeFiles/camera.dir/build.make:76: CMakeFiles/camera.dir/rclcpp_components/node_main_camera.cpp.o] 中断
[2.755s] gmake[2]: *** [CMakeFiles/camera_component.dir/build.make:76: CMakeFiles/camera_component.dir/src/camera_component.cpp.o] 中断
[2.755s] gmake[2]: *** [CMakeFiles/camera_node.dir/build.make:76: CMakeFiles/camera_node.dir/src/camera_node.cpp.o] 中断
[2.756s] gmake[2]: *** [CMakeFiles/camera_node.dir/build.make:90: CMakeFiles/camera_node.dir/src/hik_camera.cpp.o] 中断
[2.756s] gmake[2]: *** wait: 没有子进程。 停止。
[2.756s] gmake[2]: *** 正在等待未完成的任务....
[2.756s] gmake[2]: *** wait: 没有子进程。 停止。
[2.756s] gmake[1]: *** [CMakeFiles/Makefile2:193: CMakeFiles/camera.dir/all] 中断
[2.756s] gmake[1]: *** [CMakeFiles/Makefile2:141: CMakeFiles/camera_node.dir/all] 中断
[2.756s] gmake[1]: *** [CMakeFiles/Makefile2:167：CMakeFiles/camera_component.dir/all] 错误 2
[2.756s] gmake: *** [Makefile:146: all] 中断
[2.790s] Invoked command in '/home/dcy/ENG/ENG2025/src/build/hik_camera' returned '-2': CMAKE_PREFIX_PATH=/opt/ros/humble /usr/local/bin/cmake --build /home/dcy/ENG/ENG2025/src/build/hik_camera -- -j16 -l16
